<?xml version="1.0" encoding="utf-8" standalone="no"?>
<!--This file represents the results of running a test suite-->
<test-results name="build/net-3.5.win32-MVCContrib-release//MvcContrib.UnitTests.dll" total="1270" errors="0" failures="0" not-run="1" inconclusive="0" ignored="1" skipped="0" invalid="0" date="2009-09-28" time="13:03:59">
  <environment nunit-version="2.5.2.9222" clr-version="2.0.50727.3074" os-version="Microsoft Windows NT 6.0.6001 Service Pack 1" platform="Win32NT" cwd="C:\Users\csteeg\Documents\My Dropbox\BoC\lib\MvcContrib" machine-name="W-CSTEEG" user="CSteeg" user-domain="MODERNMEDIA" />
  <culture-info current-culture="en-GB" current-uiculture="en-GB" />
  <test-suite name="build/net-3.5.win32-MVCContrib-release//MvcContrib.UnitTests.dll" executed="True" success="True" time="21.746" asserts="0">
    <results>
      <test-suite name="MvcContrib" executed="True" success="True" time="21.446" asserts="0">
        <results>
          <test-suite name="UnitTests" executed="True" success="True" time="21.441" asserts="0">
            <results>
              <test-suite name="AcceptGetAttributeTester" executed="True" success="True" time="1.717" asserts="0">
                <results>
                  <test-case name="MvcContrib.UnitTests.AcceptGetAttributeTester.Should_return_false_for_http_post" executed="True" success="True" time="1.656" asserts="1" />
                  <test-case name="MvcContrib.UnitTests.AcceptGetAttributeTester.Should_return_true_for_http_get" executed="True" success="True" time="0.010" asserts="1" />
                  <test-case name="MvcContrib.UnitTests.AcceptGetAttributeTester.Should_throw_if_controller_context_is_null" executed="True" success="True" time="0.035" asserts="0" />
                </results>
              </test-suite>
              <test-suite name="AcceptPostAttributeTester" executed="True" success="True" time="0.027" asserts="0">
                <results>
                  <test-case name="MvcContrib.UnitTests.AcceptPostAttributeTester.Should_return_false_for_http_get" executed="True" success="True" time="0.014" asserts="1" />
                  <test-case name="MvcContrib.UnitTests.AcceptPostAttributeTester.Should_return_true_for_http_post" executed="True" success="True" time="0.010" asserts="1" />
                  <test-case name="MvcContrib.UnitTests.AcceptPostAttributeTester.Should_throw_if_controller_context_is_null" executed="True" success="True" time="0.002" asserts="0" />
                </results>
              </test-suite>
              <test-suite name="ActionResults" executed="True" success="True" time="1.670" asserts="0">
                <results>
                  <test-suite name="PermanentRedirectResultTester" executed="True" success="True" time="0.034" asserts="0">
                    <results>
                      <test-case name="MvcContrib.UnitTests.ActionResults.PermanentRedirectResultTester.Should_set_redirect_location" executed="True" success="True" time="0.020" asserts="1" />
                      <test-case name="MvcContrib.UnitTests.ActionResults.PermanentRedirectResultTester.Should_set_status_code" executed="True" success="True" time="0.008" asserts="1" />
                      <test-case name="MvcContrib.UnitTests.ActionResults.PermanentRedirectResultTester.Url_should_return_the_url_to_redirect_to" executed="True" success="True" time="0.005" asserts="1" />
                    </results>
                  </test-suite>
                  <test-suite name="PermanentRedirectToActionResultTester" executed="True" success="True" time="0.108" asserts="0">
                    <results>
                      <test-case name="MvcContrib.UnitTests.ActionResults.PermanentRedirectToActionResultTester.ActionName_should_return_the_action_name" executed="True" success="True" time="0.005" asserts="1" />
                      <test-case name="MvcContrib.UnitTests.ActionResults.PermanentRedirectToActionResultTester.ControllerName_should_return_the_controller_name" executed="True" success="True" time="0.005" asserts="1" />
                      <test-case name="MvcContrib.UnitTests.ActionResults.PermanentRedirectToActionResultTester.RouteValues_should_return_the_route_values" executed="True" success="True" time="0.005" asserts="1" />
                      <test-case name="MvcContrib.UnitTests.ActionResults.PermanentRedirectToActionResultTester.Should_set_redirect_location" executed="False">
                        <reason>
                          <message><![CDATA[]]></message>
                        </reason>
                      </test-case>
                      <test-case name="MvcContrib.UnitTests.ActionResults.PermanentRedirectToActionResultTester.Should_set_status_code" executed="True" success="True" time="0.089" asserts="1" />
                    </results>
                  </test-suite>
                  <test-suite name="XmlResultTester" executed="True" success="True" time="1.523" asserts="0">
                    <results>
                      <test-case name="MvcContrib.UnitTests.ActionResults.XmlResultTester.ObjectToSerialize_should_return_the_object_to_serialize" executed="True" success="True" time="0.015" asserts="2" />
                      <test-case name="MvcContrib.UnitTests.ActionResults.XmlResultTester.Should_serialise_xml" executed="True" success="True" time="1.287" asserts="2" />
                      <test-case name="MvcContrib.UnitTests.ActionResults.XmlResultTester.Should_set_content_type" executed="True" success="True" time="0.217" asserts="1" />
                    </results>
                  </test-suite>
                </results>
              </test-suite>
              <test-suite name="Binders" executed="True" success="True" time="0.325" asserts="0">
                <results>
                  <test-suite name="SubControllerBinderTester" executed="True" success="True" time="0.048" asserts="0">
                    <results>
                      <test-case name="MvcContrib.UnitTests.Binders.SubControllerBinderTester.ShouldCreateSubcontroller" executed="True" success="True" time="0.028" asserts="1" />
                      <test-case name="MvcContrib.UnitTests.Binders.SubControllerBinderTester.ShouldDeferToDefaultBinderIfNotSubcontroller" executed="True" success="True" time="0.020" asserts="1" />
                    </results>
                  </test-suite>
                  <test-suite name="WindsorModelBinderTester" executed="True" success="True" time="0.275" asserts="0">
                    <results>
                      <test-case name="MvcContrib.UnitTests.Binders.WindsorModelBinderTester.ShouldFallbackToDefaultBinder_WhenBinderDoesNotExist" executed="True" success="True" time="0.184" asserts="1" />
                      <test-case name="MvcContrib.UnitTests.Binders.WindsorModelBinderTester.ShouldResolveTheCorrectBinder_WhenBinderExists" executed="True" success="True" time="0.084" asserts="1" />
                      <test-case name="MvcContrib.UnitTests.Binders.WindsorModelBinderTester.ShouldThrow_WhenComponentIsNotIModelBinder" executed="True" success="True" time="0.003" asserts="0" />
                    </results>
                  </test-suite>
                </results>
              </test-suite>
              <test-suite name="BrailViewEngine" executed="True" success="True" time="3.217" asserts="0">
                <results>
                  <test-suite name="BooViewEngineOptionsTester" executed="True" success="True" time="0.256" asserts="0">
                    <categories>
                      <category name="BrailViewEngine" />
                    </categories>
                    <results>
                      <test-case name="MvcContrib.UnitTests.BrailViewEngine.BooViewEngineOptionsTester.Can_Create_Options" executed="True" success="True" time="0.122" asserts="0" />
                      <test-case name="MvcContrib.UnitTests.BrailViewEngine.BooViewEngineOptionsTester.Can_Read_From_AppConfig" executed="True" success="True" time="0.133" asserts="1" />
                    </results>
                  </test-suite>
                  <test-suite name="BooViewEngineTester" executed="True" success="True" time="2.280" asserts="0">
                    <categories>
                      <category name="BrailViewEngine" />
                    </categories>
                    <results>
                      <test-case name="MvcContrib.UnitTests.BrailViewEngine.BooViewEngineTester.Can_Render_SubView_with_custom_ViewData" executed="True" success="True" time="1.404" asserts="1" />
                      <test-case name="MvcContrib.UnitTests.BrailViewEngine.BooViewEngineTester.Can_Render_View_With_Master_And_SubView" executed="True" success="True" time="0.183" asserts="1" />
                      <test-case name="MvcContrib.UnitTests.BrailViewEngine.BooViewEngineTester.Changing_View_Causes_Recompile" executed="True" success="True" time="0.241" asserts="2" />
                      <test-case name="MvcContrib.UnitTests.BrailViewEngine.BooViewEngineTester.Layout_And_View_Should_Have_ViewContext" executed="True" success="True" time="0.190" asserts="2" />
                      <test-case name="MvcContrib.UnitTests.BrailViewEngine.BooViewEngineTester.Request_ApplicationPath_Is_Placed_In_ViewData_With_SiteRoot_Key" executed="True" success="True" time="0.133" asserts="1" />
                      <test-case name="MvcContrib.UnitTests.BrailViewEngine.BooViewEngineTester.Should_Use_Custom_Base_Class" executed="True" success="True" time="0.124" asserts="1" />
                    </results>
                  </test-suite>
                  <test-suite name="BrailViewFactoryTester" executed="True" success="True" time="0.494" asserts="0">
                    <categories>
                      <category name="BrailViewEngine" />
                    </categories>
                    <results>
                      <test-case name="MvcContrib.UnitTests.BrailViewEngine.BrailViewFactoryTester.Can_Create_Default_ViewFactory" executed="True" success="True" time="0.140" asserts="1" />
                      <test-case name="MvcContrib.UnitTests.BrailViewEngine.BrailViewFactoryTester.Can_Create_View" executed="True" success="True" time="0.154" asserts="1" />
                      <test-case name="MvcContrib.UnitTests.BrailViewEngine.BrailViewFactoryTester.Depends_On_BooViewEngine" executed="True" success="True" time="0.098" asserts="0" />
                      <test-case name="MvcContrib.UnitTests.BrailViewEngine.BrailViewFactoryTester.ReleaseView_should_not_throw" executed="True" success="True" time="0.094" asserts="0" />
                    </results>
                  </test-suite>
                  <test-suite name="CodeBuilderHelperTester" executed="True" success="True" time="0.005" asserts="0">
                    <categories>
                      <category name="BrailViewEngine" />
                    </categories>
                    <results>
                      <test-case name="MvcContrib.UnitTests.BrailViewEngine.CodeBuilderHelperTester.ForCoverage" executed="True" success="True" time="0.005" asserts="0" />
                    </results>
                  </test-suite>
                  <test-suite name="DslProviderTester" executed="True" success="True" time="0.077" asserts="0">
                    <categories>
                      <category name="BrailViewEngine" />
                    </categories>
                    <results>
                      <test-case name="MvcContrib.UnitTests.BrailViewEngine.DslProviderTester.ForCoverage" executed="True" success="True" time="0.077" asserts="0" />
                    </results>
                  </test-suite>
                  <test-suite name="HtmlAttributeTester" executed="True" success="True" time="0.006" asserts="0">
                    <categories>
                      <category name="BrailViewEngine" />
                    </categories>
                    <results>
                      <test-case name="MvcContrib.UnitTests.BrailViewEngine.HtmlAttributeTester.Can_Transform_Data" executed="True" success="True" time="0.006" asserts="3" />
                    </results>
                  </test-suite>
                  <test-suite name="HtmlExtensionTester" executed="True" success="True" time="0.008" asserts="0">
                    <categories>
                      <category name="BrailViewEngine" />
                    </categories>
                    <results>
                      <test-case name="MvcContrib.UnitTests.BrailViewEngine.HtmlExtensionTester.Can_Output_Empty_Tag" executed="True" success="True" time="0.001" asserts="1" />
                      <test-case name="MvcContrib.UnitTests.BrailViewEngine.HtmlExtensionTester.Can_Output_Tag_With_Attributes" executed="True" success="True" time="0.001" asserts="1" />
                      <test-case name="MvcContrib.UnitTests.BrailViewEngine.HtmlExtensionTester.Can_Output_Tag_With_Block" executed="True" success="True" time="0.000" asserts="1" />
                      <test-case name="MvcContrib.UnitTests.BrailViewEngine.HtmlExtensionTester.html_Outputs_Html_Tag" executed="True" success="True" time="0.000" asserts="1" />
                      <test-case name="MvcContrib.UnitTests.BrailViewEngine.HtmlExtensionTester.p_Outputs_Paragraph_Tag" executed="True" success="True" time="0.000" asserts="1" />
                      <test-case name="MvcContrib.UnitTests.BrailViewEngine.HtmlExtensionTester.text_Outputs_Argument" executed="True" success="True" time="0.000" asserts="1" />
                    </results>
                  </test-suite>
                  <test-suite name="IgnoreNullTester" executed="True" success="True" time="0.014" asserts="0">
                    <categories>
                      <category name="BrailViewEngine" />
                    </categories>
                    <results>
                      <test-case name="MvcContrib.UnitTests.BrailViewEngine.IgnoreNullTester.AreEqual_Returns_Equality_Of_Targets" executed="True" success="True" time="0.002" asserts="1" />
                      <test-case name="MvcContrib.UnitTests.BrailViewEngine.IgnoreNullTester.Can_Get_With_Parameters" executed="True" success="True" time="0.003" asserts="1" />
                      <test-case name="MvcContrib.UnitTests.BrailViewEngine.IgnoreNullTester.Can_Set_With_Parameters" executed="True" success="True" time="0.002" asserts="1" />
                      <test-case name="MvcContrib.UnitTests.BrailViewEngine.IgnoreNullTester.Returns_Itself_For_Null_Targets" executed="True" success="True" time="0.001" asserts="3" />
                      <test-case name="MvcContrib.UnitTests.BrailViewEngine.IgnoreNullTester.ToString_Returns_Empty_String_For_Null_Target" executed="True" success="True" time="0.000" asserts="2" />
                      <test-case name="MvcContrib.UnitTests.BrailViewEngine.IgnoreNullTester.Wraps_Result_In_IgnoreNull" executed="True" success="True" time="0.002" asserts="4" />
                    </results>
                  </test-suite>
                  <test-suite name="RawAttributeTester" executed="True" success="True" time="0.001" asserts="0">
                    <categories>
                      <category name="BrailViewEngine" />
                    </categories>
                    <results>
                      <test-case name="MvcContrib.UnitTests.BrailViewEngine.RawAttributeTester.Does_Not_Modify_Input" executed="True" success="True" time="0.001" asserts="3" />
                    </results>
                  </test-suite>
                  <test-suite name="ReturnValueVisitorTester" executed="True" success="True" time="0.005" asserts="0">
                    <categories>
                      <category name="BrailViewEngine" />
                    </categories>
                    <results>
                      <test-case name="MvcContrib.UnitTests.BrailViewEngine.ReturnValueVisitorTester.ForCoverage" executed="True" success="True" time="0.002" asserts="0" />
                    </results>
                  </test-suite>
                  <test-suite name="XmlExtenstionTester" executed="True" success="True" time="0.051" asserts="0">
                    <categories>
                      <category name="BrailViewEngine" />
                    </categories>
                    <results>
                      <test-case name="MvcContrib.UnitTests.BrailViewEngine.XmlExtenstionTester.Can_Output_Empty_Tag" executed="True" success="True" time="0.041" asserts="1" />
                      <test-case name="MvcContrib.UnitTests.BrailViewEngine.XmlExtenstionTester.Can_Output_Tag_With_Attributes" executed="True" success="True" time="0.006" asserts="1" />
                      <test-case name="MvcContrib.UnitTests.BrailViewEngine.XmlExtenstionTester.Can_Output_Tag_With_Block" executed="True" success="True" time="0.001" asserts="1" />
                    </results>
                  </test-suite>
                </results>
              </test-suite>
              <test-suite name="Castle" executed="True" success="True" time="0.260" asserts="0">
                <results>
                  <test-suite name="WindsorControllerFactoryTester" executed="True" success="True" time="0.260" asserts="0">
                    <results>
                      <test-case name="MvcContrib.UnitTests.Castle.WindsorControllerFactoryTester.Should_throw_http_exception_if_controller_type_does_not_exist" executed="True" success="True" time="0.056" asserts="0" />
                      <test-case name="MvcContrib.UnitTests.Castle.WindsorControllerFactoryTester.ShouldDisposeOfController" executed="True" success="True" time="0.006" asserts="1" />
                      <test-case name="MvcContrib.UnitTests.Castle.WindsorControllerFactoryTester.ShouldReleaseController" executed="True" success="True" time="0.164" asserts="0" />
                      <test-case name="MvcContrib.UnitTests.Castle.WindsorControllerFactoryTester.ShouldReturnControllerWithDependencies" executed="True" success="True" time="0.020" asserts="4" />
                      <test-case name="MvcContrib.UnitTests.Castle.WindsorControllerFactoryTester.ShouldReturnTheController" executed="True" success="True" time="0.005" asserts="2" />
                      <test-case name="MvcContrib.UnitTests.Castle.WindsorControllerFactoryTester.ShouldThrowExceptionWhenContainerIsNull" executed="True" success="True" time="0.006" asserts="0" />
                    </results>
                  </test-suite>
                </results>
              </test-suite>
              <test-suite name="ControllerExtensionsTester" executed="True" success="True" time="0.193" asserts="0">
                <results>
                  <test-case name="MvcContrib.UnitTests.ControllerExtensionsTester.RedirectToAction_should_redirect_correctly_on_another_controller" executed="True" success="True" time="0.169" asserts="3" />
                  <test-case name="MvcContrib.UnitTests.ControllerExtensionsTester.RedirectToAction_should_redirect_correctly_on_same_controller" executed="True" success="True" time="0.002" asserts="3" />
                  <test-case name="MvcContrib.UnitTests.ControllerExtensionsTester.Should_not_remove_null_parameters_from_the_route_values" executed="True" success="True" time="0.010" asserts="1" />
                  <test-case name="MvcContrib.UnitTests.ControllerExtensionsTester.Should_not_remove_string_parameters_from_the_route_values" executed="True" success="True" time="0.002" asserts="2" />
                  <test-case name="MvcContrib.UnitTests.ControllerExtensionsTester.Should_remove_reference_type_parameters_from_the_route_values" executed="True" success="True" time="0.004" asserts="1" />
                  <test-case name="MvcContrib.UnitTests.ControllerExtensionsTester.Should_store_all_parameters_in_the_action_in_TempData" executed="True" success="True" time="0.003" asserts="1" />
                </results>
              </test-suite>
              <test-suite name="ControllerFactories" executed="True" success="True" time="1.694" asserts="0">
                <results>
                  <test-suite name="IoCControllerFactoryTester" executed="True" success="True" time="0.119" asserts="0">
                    <results>
                      <test-suite name="IoCControllerFactoryTester+WhenCreatedWithADependencyResolverCcontainer" executed="True" success="True" time="0.092" asserts="0">
                        <results>
                          <test-case name="MvcContrib.UnitTests.ControllerFactories.IoCControllerFactoryTester.IoCControllerFactoryTester+WhenCreatedWithADependencyResolverCcontainer.Should_call_into_the_resolver_to_create_a_controller" executed="True" success="True" time="0.087" asserts="1" />
                          <test-case name="MvcContrib.UnitTests.ControllerFactories.IoCControllerFactoryTester.IoCControllerFactoryTester+WhenCreatedWithADependencyResolverCcontainer.Should_throw_an_argument_null_exception_when_the_resolver_is_null" executed="True" success="True" time="0.002" asserts="0" />
                          <test-case name="MvcContrib.UnitTests.ControllerFactories.IoCControllerFactoryTester.IoCControllerFactoryTester+WhenCreatedWithADependencyResolverCcontainer.Should_throw_if_controller_type_cannot_be_resolved" executed="True" success="True" time="0.001" asserts="0" />
                          <test-case name="MvcContrib.UnitTests.ControllerFactories.IoCControllerFactoryTester.IoCControllerFactoryTester+WhenCreatedWithADependencyResolverCcontainer.Should_throw_if_controllerName_is_null" executed="True" success="True" time="0.000" asserts="0" />
                        </results>
                      </test-suite>
                      <test-suite name="IoCControllerFactoryTester+WhenCreatedWithoutADependencyResolverContainer" executed="True" success="True" time="0.014" asserts="0">
                        <results>
                          <test-case name="MvcContrib.UnitTests.ControllerFactories.IoCControllerFactoryTester.IoCControllerFactoryTester+WhenCreatedWithoutADependencyResolverContainer.Should_call_into_the_static_resolver_to_create_a_controller" executed="True" success="True" time="0.014" asserts="1" />
                        </results>
                      </test-suite>
                      <test-suite name="IoCControllerFactoryTester+WhenDisposeControllerIsCalled" executed="True" success="True" time="0.009" asserts="0">
                        <results>
                          <test-case name="MvcContrib.UnitTests.ControllerFactories.IoCControllerFactoryTester.IoCControllerFactoryTester+WhenDisposeControllerIsCalled.And_controller_implements_IDisposable_then_dispose_should_be_called" executed="True" success="True" time="0.002" asserts="1" />
                          <test-case name="MvcContrib.UnitTests.ControllerFactories.IoCControllerFactoryTester.IoCControllerFactoryTester+WhenDisposeControllerIsCalled.Then_ReleaseImplementation_should_be_called_on_the_default_resolver" executed="True" success="True" time="0.004" asserts="0" />
                          <test-case name="MvcContrib.UnitTests.ControllerFactories.IoCControllerFactoryTester.IoCControllerFactoryTester+WhenDisposeControllerIsCalled.Then_ReleaseImplementation_should_be_called_on_the_specified_resolver" executed="True" success="True" time="0.001" asserts="0" />
                        </results>
                      </test-suite>
                    </results>
                  </test-suite>
                  <test-suite name="SpringControllerFactoryTester+WhenAValidControllerTypeIsPassed" executed="True" success="True" time="0.850" asserts="0">
                    <results>
                      <test-case name="MvcContrib.UnitTests.ControllerFactories.SpringControllerFactoryTester+WhenAValidControllerTypeIsPassed.ShouldReturnControllerWithDependencies" executed="True" success="True" time="0.840" asserts="4" />
                      <test-case name="MvcContrib.UnitTests.ControllerFactories.SpringControllerFactoryTester+WhenAValidControllerTypeIsPassed.ShouldReturnTheController" executed="True" success="True" time="0.002" asserts="2" />
                      <test-case name="MvcContrib.UnitTests.ControllerFactories.SpringControllerFactoryTester+WhenAValidControllerTypeIsPassed.ShouldThrowExceptionForInvalidController" executed="True" success="True" time="0.003" asserts="0" />
                      <test-case name="MvcContrib.UnitTests.ControllerFactories.SpringControllerFactoryTester+WhenAValidControllerTypeIsPassed.ShouldThrowExceptionForNullControllerName" executed="True" success="True" time="0.003" asserts="0" />
                    </results>
                  </test-suite>
                  <test-suite name="SpringControllerFactoryTester+WhenConfigureNotCalled" executed="True" success="True" time="0.001" asserts="0">
                    <results>
                      <test-case name="MvcContrib.UnitTests.ControllerFactories.SpringControllerFactoryTester+WhenConfigureNotCalled.ShouldThrowExceptionForNoConfig" executed="True" success="True" time="0.000" asserts="0" />
                    </results>
                  </test-suite>
                  <test-suite name="SpringControllerFactoryTester+WhenDisposeControllerInvoked" executed="True" success="True" time="0.001" asserts="0">
                    <results>
                      <test-case name="MvcContrib.UnitTests.ControllerFactories.SpringControllerFactoryTester+WhenDisposeControllerInvoked.ControllerShouldBeDisposed" executed="True" success="True" time="0.000" asserts="1" />
                    </results>
                  </test-suite>
                  <test-suite name="SpringControllerFactoryTester+WhenPassedApplicationContext" executed="True" success="True" time="0.021" asserts="0">
                    <results>
                      <test-case name="MvcContrib.UnitTests.ControllerFactories.SpringControllerFactoryTester+WhenPassedApplicationContext.ShouldConfigureFactory" executed="True" success="True" time="0.020" asserts="2" />
                    </results>
                  </test-suite>
                  <test-suite name="StructureMapControllerFactoryTester+WhenAValidControllerTypeIsPassed" executed="True" success="True" time="0.269" asserts="0">
                    <results>
                      <test-case name="MvcContrib.UnitTests.ControllerFactories.StructureMapControllerFactoryTester+WhenAValidControllerTypeIsPassed.ShouldReturnControllerWithDependencies" executed="True" success="True" time="0.264" asserts="4" />
                      <test-case name="MvcContrib.UnitTests.ControllerFactories.StructureMapControllerFactoryTester+WhenAValidControllerTypeIsPassed.ShouldReturnTheController" executed="True" success="True" time="0.003" asserts="2" />
                    </results>
                  </test-suite>
                  <test-suite name="UnityControllerFactoryTester" executed="True" success="True" time="0.420" asserts="0">
                    <categories>
                      <category name="UnityFactory" />
                    </categories>
                    <results>
                      <test-case name="MvcContrib.UnitTests.ControllerFactories.UnityControllerFactoryTester.ShouldReturnControllerWithDependencies" executed="True" success="True" time="0.403" asserts="4" />
                      <test-case name="MvcContrib.UnitTests.ControllerFactories.UnityControllerFactoryTester.ShouldReturnTheController" executed="True" success="True" time="0.002" asserts="2" />
                      <test-case name="MvcContrib.UnitTests.ControllerFactories.UnityControllerFactoryTester.ShouldThrowExceptionWhenApplicationDoesNotImplementIContainerAccessor" executed="True" success="True" time="0.006" asserts="0" />
                      <test-case name="MvcContrib.UnitTests.ControllerFactories.UnityControllerFactoryTester.ShouldThrowExceptionWhenContainerIsNull" executed="True" success="True" time="0.004" asserts="0" />
                      <test-case name="MvcContrib.UnitTests.ControllerFactories.UnityControllerFactoryTester.ShouldThrowExceptionWhenControllerDoesNotExist" executed="True" success="True" time="0.001" asserts="0" />
                      <test-case name="MvcContrib.UnitTests.ControllerFactories.UnityControllerFactoryTester.ShouldThrowExceptionWhenRequestContextIsNull" executed="True" success="True" time="0.001" asserts="0" />
                    </results>
                  </test-suite>
                </results>
              </test-suite>
              <test-suite name="ConventionController" executed="True" success="True" time="0.201" asserts="0">
                <results>
                  <test-suite name="ConventionControllerTester" executed="True" success="True" time="0.060" asserts="0">
                    <results>
                      <test-case name="MvcContrib.UnitTests.ConventionController.ConventionControllerTester.Expression_based_redirect_to_action_should_redirect_correctly_to_another_controller" executed="True" success="True" time="0.001" asserts="3" />
                      <test-case name="MvcContrib.UnitTests.ConventionController.ConventionControllerTester.Expression_based_redirect_to_action_should_redirect_correctly_to_same_controller" executed="True" success="True" time="0.001" asserts="3" />
                      <test-case name="MvcContrib.UnitTests.ConventionController.ConventionControllerTester.RenderXml_should_return_XmlResult_object" executed="True" success="True" time="0.000" asserts="2" />
                      <test-case name="MvcContrib.UnitTests.ConventionController.ConventionControllerTester.When_a_custom_actioninvoker_is_specified_in_the_constructor_then_the_ActionInvoker_property_should_be_set" executed="True" success="True" time="0.054" asserts="1" />
                    </results>
                  </test-suite>
                  <test-suite name="RescueTester" executed="True" success="True" time="0.138" asserts="0">
                    <results>
                      <test-case name="MvcContrib.UnitTests.ConventionController.RescueTester.Ajax_Call_Should_Be_Ignored" executed="True" success="True" time="0.014" asserts="2" />
                      <test-case name="MvcContrib.UnitTests.ConventionController.RescueTester.If_rescue_exception_type_does_not_match_exception_type_then_nothing_should_be_rendered" executed="True" success="True" time="0.012" asserts="2" />
                      <test-case name="MvcContrib.UnitTests.ConventionController.RescueTester.If_rescue_exception_type_matches_exception_type_then_view_should_be_rendered" executed="True" success="True" time="0.017" asserts="0" />
                      <test-case name="MvcContrib.UnitTests.ConventionController.RescueTester.Ignored_Exception_Types_Should_Be_Ignored" executed="True" success="True" time="0.007" asserts="2" />
                      <test-case name="MvcContrib.UnitTests.ConventionController.RescueTester.Should_throw_if_ViewName_is_empty_string" executed="True" success="True" time="0.006" asserts="0" />
                      <test-case name="MvcContrib.UnitTests.ConventionController.RescueTester.ViewName_should_return_name_of_view_appended_to_Rescues_directory" executed="True" success="True" time="0.007" asserts="1" />
                      <test-case name="MvcContrib.UnitTests.ConventionController.RescueTester.When_OnActionExecuted_is_invoked_then_the_correct_view_should_be_rendered" executed="True" success="True" time="0.005" asserts="1" />
                      <test-case name="MvcContrib.UnitTests.ConventionController.RescueTester.When_PerformRescue_exact_exception_executed_first" executed="True" success="True" time="0.047" asserts="3" />
                      <test-case name="MvcContrib.UnitTests.ConventionController.RescueTester.When_PerformRescue_is_invoked_with_matching_view_and_AutoLocate_off_it_should_not_be_rendered" executed="True" success="True" time="0.005" asserts="1" />
                      <test-case name="MvcContrib.UnitTests.ConventionController.RescueTester.When_PerformRescue_is_invoked_with_matching_view_it_should_be_rendered" executed="True" success="True" time="0.005" asserts="1" />
                    </results>
                  </test-suite>
                </results>
              </test-suite>
              <test-suite name="CustomPaginationTester" executed="True" success="True" time="0.020" asserts="0">
                <results>
                  <test-case name="MvcContrib.UnitTests.CustomPaginationTester.FirstItem_should_return_index_of_first_item_in_current_page" executed="True" success="True" time="0.005" asserts="1" />
                  <test-case name="MvcContrib.UnitTests.CustomPaginationTester.HasNextPage_should_return_false_when_on_last_page" executed="True" success="True" time="0.001" asserts="1" />
                  <test-case name="MvcContrib.UnitTests.CustomPaginationTester.HasNextPage_should_return_true_when_on_first_page" executed="True" success="True" time="0.000" asserts="1" />
                  <test-case name="MvcContrib.UnitTests.CustomPaginationTester.HasPreviousPage_should_return_false_when_on_first_page" executed="True" success="True" time="0.001" asserts="1" />
                  <test-case name="MvcContrib.UnitTests.CustomPaginationTester.HasPreviousPage_should_return_true_when_not_on_first_page" executed="True" success="True" time="0.001" asserts="1" />
                  <test-case name="MvcContrib.UnitTests.CustomPaginationTester.LastItem_should_return_index_of_last_item_in_current_page" executed="True" success="True" time="0.001" asserts="1" />
                  <test-case name="MvcContrib.UnitTests.CustomPaginationTester.Should_calculate_total_pages" executed="True" success="True" time="0.001" asserts="1" />
                  <test-case name="MvcContrib.UnitTests.CustomPaginationTester.Should_enumerabe_over_items" executed="True" success="True" time="0.006" asserts="3" />
                  <test-case name="MvcContrib.UnitTests.CustomPaginationTester.Should_store_page_number" executed="True" success="True" time="0.000" asserts="1" />
                  <test-case name="MvcContrib.UnitTests.CustomPaginationTester.Should_store_page_size" executed="True" success="True" time="0.000" asserts="1" />
                  <test-case name="MvcContrib.UnitTests.CustomPaginationTester.Should_store_total_items" executed="True" success="True" time="0.000" asserts="1" />
                </results>
              </test-suite>
              <test-suite name="DefaultConvertibleTester" executed="True" success="True" time="0.086" asserts="0">
                <results>
                  <test-case name="MvcContrib.UnitTests.DefaultConvertibleTester.CanConvertBool" executed="True" success="True" time="0.003" asserts="2" />
                  <test-case name="MvcContrib.UnitTests.DefaultConvertibleTester.CanConvertBoolWithComma" executed="True" success="True" time="0.001" asserts="2" />
                  <test-case name="MvcContrib.UnitTests.DefaultConvertibleTester.CanConvertByte" executed="True" success="True" time="0.001" asserts="2" />
                  <test-case name="MvcContrib.UnitTests.DefaultConvertibleTester.CanConvertChar" executed="True" success="True" time="0.001" asserts="2" />
                  <test-case name="MvcContrib.UnitTests.DefaultConvertibleTester.CanConvertDateTime" executed="True" success="True" time="0.001" asserts="2" />
                  <test-case name="MvcContrib.UnitTests.DefaultConvertibleTester.CanConvertDecimal" executed="True" success="True" time="0.003" asserts="2" />
                  <test-case name="MvcContrib.UnitTests.DefaultConvertibleTester.CanConvertDouble" executed="True" success="True" time="0.003" asserts="2" />
                  <test-case name="MvcContrib.UnitTests.DefaultConvertibleTester.CanConvertEnum" executed="True" success="True" time="0.000" asserts="2" />
                  <test-case name="MvcContrib.UnitTests.DefaultConvertibleTester.CanConvertFloat" executed="True" success="True" time="0.002" asserts="2" />
                  <test-case name="MvcContrib.UnitTests.DefaultConvertibleTester.CanConvertGuid" executed="True" success="True" time="0.000" asserts="2" />
                  <test-case name="MvcContrib.UnitTests.DefaultConvertibleTester.CanConvertInt" executed="True" success="True" time="0.000" asserts="2" />
                  <test-case name="MvcContrib.UnitTests.DefaultConvertibleTester.CanConvertLong" executed="True" success="True" time="0.001" asserts="2" />
                  <test-case name="MvcContrib.UnitTests.DefaultConvertibleTester.CanConvertSByte" executed="True" success="True" time="0.009" asserts="2" />
                  <test-case name="MvcContrib.UnitTests.DefaultConvertibleTester.CanConvertShort" executed="True" success="True" time="0.001" asserts="2" />
                  <test-case name="MvcContrib.UnitTests.DefaultConvertibleTester.CanConvertUInt" executed="True" success="True" time="0.002" asserts="2" />
                  <test-case name="MvcContrib.UnitTests.DefaultConvertibleTester.CanConvertULong" executed="True" success="True" time="0.002" asserts="2" />
                  <test-case name="MvcContrib.UnitTests.DefaultConvertibleTester.CanConvertUShort" executed="True" success="True" time="0.001" asserts="2" />
                  <test-case name="MvcContrib.UnitTests.DefaultConvertibleTester.EnumDefaultsToDefault" executed="True" success="True" time="0.000" asserts="1" />
                  <test-case name="MvcContrib.UnitTests.DefaultConvertibleTester.EnumDefaultsToDefaultWhenNull" executed="True" success="True" time="0.000" asserts="1" />
                  <test-case name="MvcContrib.UnitTests.DefaultConvertibleTester.FallsBackToTypeConverter" executed="True" success="True" time="0.012" asserts="1" />
                  <test-case name="MvcContrib.UnitTests.DefaultConvertibleTester.GuidDefaultsToEmpty" executed="True" success="True" time="0.020" asserts="2" />
                  <test-case name="MvcContrib.UnitTests.DefaultConvertibleTester.GuidDefaultsToEmptyWhenNull" executed="True" success="True" time="0.000" asserts="1" />
                  <test-case name="MvcContrib.UnitTests.DefaultConvertibleTester.NeverThrows" executed="True" success="True" time="0.002" asserts="0" />
                  <test-case name="MvcContrib.UnitTests.DefaultConvertibleTester.ReturnsCorrectTypeCode" executed="True" success="True" time="0.001" asserts="1" />
                </results>
              </test-suite>
              <test-suite name="DslMacroTester" executed="True" success="True" time="0.356" asserts="0">
                <categories>
                  <category name="BrailViewEngine" />
                </categories>
                <results>
                  <test-case name="MvcContrib.UnitTests.DslMacroTester.ForCoverage" executed="True" success="True" time="0.355" asserts="0" />
                </results>
              </test-suite>
              <test-suite name="EmailTemplateServiceTest" executed="True" success="True" time="0.351" asserts="0">
                <results>
                  <test-case name="MvcContrib.UnitTests.EmailTemplateServiceTest.CanPreserveReponseFilterOnException" executed="True" success="True" time="0.060" asserts="1" />
                  <test-case name="MvcContrib.UnitTests.EmailTemplateServiceTest.CanPreserveResponseFilter" executed="True" success="True" time="0.112" asserts="1" />
                  <test-case name="MvcContrib.UnitTests.EmailTemplateServiceTest.CanProcessBccHeader" executed="True" success="True" time="0.025" asserts="1" />
                  <test-case name="MvcContrib.UnitTests.EmailTemplateServiceTest.CanProcessBccHeaderWithDisplayName" executed="True" success="True" time="0.010" asserts="2" />
                  <test-case name="MvcContrib.UnitTests.EmailTemplateServiceTest.CanProcessCcHeader" executed="True" success="True" time="0.008" asserts="1" />
                  <test-case name="MvcContrib.UnitTests.EmailTemplateServiceTest.CanProcessCcHeaderWithDisplayName" executed="True" success="True" time="0.008" asserts="2" />
                  <test-case name="MvcContrib.UnitTests.EmailTemplateServiceTest.CanProcessFromHeader" executed="True" success="True" time="0.009" asserts="1" />
                  <test-case name="MvcContrib.UnitTests.EmailTemplateServiceTest.CanProcessFromHeaderWithDisplayName" executed="True" success="True" time="0.008" asserts="2" />
                  <test-case name="MvcContrib.UnitTests.EmailTemplateServiceTest.CanProcessGenericHeader" executed="True" success="True" time="0.026" asserts="1" />
                  <test-case name="MvcContrib.UnitTests.EmailTemplateServiceTest.CanProcessReplyToHeader" executed="True" success="True" time="0.008" asserts="1" />
                  <test-case name="MvcContrib.UnitTests.EmailTemplateServiceTest.CanProcessReplyToHeaderWithDisplayName" executed="True" success="True" time="0.008" asserts="2" />
                  <test-case name="MvcContrib.UnitTests.EmailTemplateServiceTest.CanProcessSubjectHeader" executed="True" success="True" time="0.009" asserts="1" />
                  <test-case name="MvcContrib.UnitTests.EmailTemplateServiceTest.CanProcessToHeader" executed="True" success="True" time="0.008" asserts="1" />
                  <test-case name="MvcContrib.UnitTests.EmailTemplateServiceTest.CanProcessToHeaderWithDisplayName" executed="True" success="True" time="0.009" asserts="2" />
                  <test-case name="MvcContrib.UnitTests.EmailTemplateServiceTest.CanRenderHtmlMessage" executed="True" success="True" time="0.007" asserts="2" />
                  <test-case name="MvcContrib.UnitTests.EmailTemplateServiceTest.CanRenderMessage" executed="True" success="True" time="0.011" asserts="4" />
                  <test-case name="MvcContrib.UnitTests.EmailTemplateServiceTest.ShouldThrowIfViewCouldNotBeFound" executed="True" success="True" time="0.012" asserts="0" />
                </results>
              </test-suite>
              <test-suite name="EnumerableExtensionTests" executed="True" success="True" time="0.023" asserts="0">
                <results>
                  <test-case name="MvcContrib.UnitTests.EnumerableExtensionTests.Should_create_select_list_with_selected_value" executed="True" success="True" time="0.012" asserts="1" />
                  <test-case name="MvcContrib.UnitTests.EnumerableExtensionTests.Should_create_select_list_with_selected_value_using_selector" executed="True" success="True" time="0.001" asserts="1" />
                  <test-case name="MvcContrib.UnitTests.EnumerableExtensionTests.Should_create_select_list_with_value_and_text_field" executed="True" success="True" time="0.005" asserts="5" />
                  <test-case name="MvcContrib.UnitTests.EnumerableExtensionTests.Should_not_throw_when_value_field_is_null" executed="True" success="True" time="0.001" asserts="1" />
                </results>
              </test-suite>
              <test-suite name="Filters" executed="True" success="True" time="0.696" asserts="0">
                <results>
                  <test-suite name="DebugAttributeTester" executed="True" success="True" time="0.198" asserts="0">
                    <results>
                      <test-case name="MvcContrib.UnitTests.Filters.DebugAttributeTester.OnActionExecuting_DoesNothing" executed="True" success="True" time="0.149" asserts="1" />
                      <test-case name="MvcContrib.UnitTests.Filters.DebugAttributeTester.WhenDebugIs0InQueryString_CookieShouldBeRemovedFromResponseIfPresent_WithDebugCookie" executed="True" success="True" time="0.016" asserts="1" />
                      <test-case name="MvcContrib.UnitTests.Filters.DebugAttributeTester.WhenDebugIs0InQueryString_CookieShouldBeRemovedFromResponseIfPresent_WithoutDebugCookie" executed="True" success="True" time="0.007" asserts="1" />
                      <test-case name="MvcContrib.UnitTests.Filters.DebugAttributeTester.WhenDebugIs1InQueryString_CookieShouldBeCreatedAndAddedToResponse_WithDebugCookie" executed="True" success="True" time="0.005" asserts="2" />
                      <test-case name="MvcContrib.UnitTests.Filters.DebugAttributeTester.WhenDebugIs1InQueryString_CookieShouldBeCreatedAndAddedToResponse_WithoutDebugCookie" executed="True" success="True" time="0.013" asserts="2" />
                      <test-case name="MvcContrib.UnitTests.Filters.DebugAttributeTester.WhenDebugIsNullOrEmptyInQueryString_NothingShouldHappen" executed="True" success="True" time="0.003" asserts="0" />
                    </results>
                  </test-suite>
                  <test-suite name="LayoutAttributeTester" executed="True" success="True" time="0.072" asserts="0">
                    <results>
                      <test-case name="MvcContrib.UnitTests.Filters.LayoutAttributeTester.Should_override_layout_to_view_results_that_explicitly_set_layout" executed="True" success="True" time="0.071" asserts="1" />
                      <test-case name="MvcContrib.UnitTests.Filters.LayoutAttributeTester.Should_set_layout_to_view_results" executed="True" success="True" time="0.000" asserts="1" />
                    </results>
                  </test-suite>
                  <test-suite name="ModelStateToTempDataAttributeTests" executed="True" success="True" time="0.108" asserts="0">
                    <results>
                      <test-case name="MvcContrib.UnitTests.Filters.ModelStateToTempDataAttributeTests.Should_be_serializable" executed="True" success="True" time="0.068" asserts="0" />
                      <test-case name="MvcContrib.UnitTests.Filters.ModelStateToTempDataAttributeTests.When_a_redirect_occurs_modelstate_should_be_copied_to_tempdata" executed="True" success="True" time="0.007" asserts="4" />
                      <test-case name="MvcContrib.UnitTests.Filters.ModelStateToTempDataAttributeTests.When_a_redirect_to_route_occurs_modelstate_should_be_copied_to_tempdata" executed="True" success="True" time="0.006" asserts="4" />
                      <test-case name="MvcContrib.UnitTests.Filters.ModelStateToTempDataAttributeTests.When_a_viewresult_is_returned_and_nothing_is_in_tempdata_then_nothing_should_be_copied_to_modelstate" executed="True" success="True" time="0.008" asserts="2" />
                      <test-case name="MvcContrib.UnitTests.Filters.ModelStateToTempDataAttributeTests.When_a_viewresult_is_returned_the_modelstate_should_be_copied_from_tempdata_to_viewdata" executed="True" success="True" time="0.006" asserts="4" />
                      <test-case name="MvcContrib.UnitTests.Filters.ModelStateToTempDataAttributeTests.When_item_already_exists_in_modelstate_additional_errors_should_be_added" executed="True" success="True" time="0.006" asserts="2" />
                      <test-case name="MvcContrib.UnitTests.Filters.ModelStateToTempDataAttributeTests.When_item_already_exists_in_modelstate_value_should_be_copied" executed="True" success="True" time="0.005" asserts="1" />
                    </results>
                  </test-suite>
                  <test-suite name="MvcTransactionAttributeTester" executed="True" success="True" time="0.020" asserts="0">
                    <results>
                      <test-case name="MvcContrib.UnitTests.Filters.MvcTransactionAttributeTester.CanCreateDifferentAttributesWithCorrectParameters" executed="True" success="True" time="0.003" asserts="3" />
                      <test-case name="MvcContrib.UnitTests.Filters.MvcTransactionAttributeTester.NonStartedTransactionThrows_OnActionOnActionExecuted" executed="True" success="True" time="0.004" asserts="0" />
                      <test-case name="MvcContrib.UnitTests.Filters.MvcTransactionAttributeTester.TransactionCommitted_AndDisposed_OnActionOnActionExecuted" executed="True" success="True" time="0.004" asserts="3" />
                      <test-case name="MvcContrib.UnitTests.Filters.MvcTransactionAttributeTester.TransactionExceptionsRethrownWithNoRollback_WhenIsRollbackOnlySet_OnActionOnActionExecuted" executed="True" success="True" time="0.002" asserts="4" />
                      <test-case name="MvcContrib.UnitTests.Filters.MvcTransactionAttributeTester.TransactionRolledback_WhenExection_OnActionOnActionExecuted" executed="True" success="True" time="0.002" asserts="4" />
                      <test-case name="MvcContrib.UnitTests.Filters.MvcTransactionAttributeTester.TransactionRolledback_WhenIsRollbackOnlySet_OnActionOnActionExecuted" executed="True" success="True" time="0.002" asserts="3" />
                      <test-case name="MvcContrib.UnitTests.Filters.MvcTransactionAttributeTester.TransactionStarted_OnActionExecuting" executed="True" success="True" time="0.001" asserts="2" />
                    </results>
                  </test-suite>
                  <test-suite name="SubControllerActionToViewDataAttributeTester" executed="True" success="True" time="0.007" asserts="0">
                    <results>
                      <test-case name="MvcContrib.UnitTests.Filters.SubControllerActionToViewDataAttributeTester.ShouldIgnoreActionParametersThatAreNull" executed="True" success="True" time="0.006" asserts="2" />
                      <test-case name="MvcContrib.UnitTests.Filters.SubControllerActionToViewDataAttributeTester.ShouldPushTheActionOfEachSubcontrollerIntoViewdata" executed="True" success="True" time="0.001" asserts="2" />
                    </results>
                  </test-suite>
                  <test-suite name="TempDataToViewDataTester" executed="True" success="True" time="0.014" asserts="0">
                    <results>
                      <test-case name="MvcContrib.UnitTests.Filters.TempDataToViewDataTester.When_action_result_is_not_a_ViewResult_tempdata_should_not_be_copied_to_viewdata" executed="True" success="True" time="0.007" asserts="1" />
                      <test-case name="MvcContrib.UnitTests.Filters.TempDataToViewDataTester.When_action_result_is_ViewResult_tempdata_should_be_copied_to_viewdata" executed="True" success="True" time="0.005" asserts="3" />
                    </results>
                  </test-suite>
                  <test-suite name="UtilityHtmlExtensionsTester" executed="True" success="True" time="0.250" asserts="0">
                    <results>
                      <test-suite name="IsInDebugMode_ShouldBeCorrect" executed="True" success="True" time="0.248" asserts="0">
                        <results>
                          <test-case name="MvcContrib.UnitTests.Filters.UtilityHtmlExtensionsTester.IsInDebugMode_ShouldBeCorrect(MvcContrib.UnitTests.Filters.UtilityHtmlExtensionsTester+DebugMode)" executed="True" success="True" time="0.203" asserts="1" />
                          <test-case name="MvcContrib.UnitTests.Filters.UtilityHtmlExtensionsTester.IsInDebugMode_ShouldBeCorrect(MvcContrib.UnitTests.Filters.UtilityHtmlExtensionsTester+DebugMode)" executed="True" success="True" time="0.004" asserts="1" />
                          <test-case name="MvcContrib.UnitTests.Filters.UtilityHtmlExtensionsTester.IsInDebugMode_ShouldBeCorrect(MvcContrib.UnitTests.Filters.UtilityHtmlExtensionsTester+DebugMode)" executed="True" success="True" time="0.004" asserts="1" />
                          <test-case name="MvcContrib.UnitTests.Filters.UtilityHtmlExtensionsTester.IsInDebugMode_ShouldBeCorrect(MvcContrib.UnitTests.Filters.UtilityHtmlExtensionsTester+DebugMode)" executed="True" success="True" time="0.011" asserts="1" />
                          <test-case name="MvcContrib.UnitTests.Filters.UtilityHtmlExtensionsTester.IsInDebugMode_ShouldBeCorrect(MvcContrib.UnitTests.Filters.UtilityHtmlExtensionsTester+DebugMode)" executed="True" success="True" time="0.004" asserts="1" />
                          <test-case name="MvcContrib.UnitTests.Filters.UtilityHtmlExtensionsTester.IsInDebugMode_ShouldBeCorrect(MvcContrib.UnitTests.Filters.UtilityHtmlExtensionsTester+DebugMode)" executed="True" success="True" time="0.005" asserts="1" />
                          <test-case name="MvcContrib.UnitTests.Filters.UtilityHtmlExtensionsTester.IsInDebugMode_ShouldBeCorrect(MvcContrib.UnitTests.Filters.UtilityHtmlExtensionsTester+DebugMode)" executed="True" success="True" time="0.004" asserts="1" />
                          <test-case name="MvcContrib.UnitTests.Filters.UtilityHtmlExtensionsTester.IsInDebugMode_ShouldBeCorrect(MvcContrib.UnitTests.Filters.UtilityHtmlExtensionsTester+DebugMode)" executed="True" success="True" time="0.004" asserts="1" />
                          <test-case name="MvcContrib.UnitTests.Filters.UtilityHtmlExtensionsTester.IsInDebugMode_ShouldBeCorrect(MvcContrib.UnitTests.Filters.UtilityHtmlExtensionsTester+DebugMode)" executed="True" success="True" time="0.004" asserts="1" />
                        </results>
                      </test-suite>
                    </results>
                  </test-suite>
                  <test-suite name="When_an_action_is_executing" executed="True" success="True" time="0.007" asserts="0">
                    <results>
                      <test-case name="MvcContrib.UnitTests.Filters.When_an_action_is_executing.Should_load_the_parameter_values_out_of_TempData" executed="True" success="True" time="0.007" asserts="2" />
                    </results>
                  </test-suite>
                </results>
              </test-suite>
              <test-suite name="FluentHtml" executed="True" success="True" time="0.854" asserts="0">
                <results>
                  <test-suite name="AutoLabelTests" executed="True" success="True" time="0.170" asserts="0">
                    <results>
                      <test-case name="MvcContrib.UnitTests.FluentHtml.AutoLabelTests.auto_label_not_set_if_label_was_explicitly_set_for_the_element" executed="True" success="True" time="0.142" asserts="2" />
                      <test-case name="MvcContrib.UnitTests.FluentHtml.AutoLabelTests.auto_label_renders_if_the_element_has_some_other_behaviors_but_not_auto_label_settings" executed="True" success="True" time="0.017" asserts="2" />
                      <test-case name="MvcContrib.UnitTests.FluentHtml.AutoLabelTests.can_render_label_with_class" executed="True" success="True" time="0.001" asserts="3" />
                      <test-case name="MvcContrib.UnitTests.FluentHtml.AutoLabelTests.can_render_label_with_format" executed="True" success="True" time="0.001" asserts="2" />
                      <test-case name="MvcContrib.UnitTests.FluentHtml.AutoLabelTests.can_render_label_with_full_name" executed="True" success="True" time="0.001" asserts="2" />
                      <test-case name="MvcContrib.UnitTests.FluentHtml.AutoLabelTests.do_not_render_lable_if_not_qualified" executed="True" success="True" time="0.001" asserts="2" />
                      <test-case name="MvcContrib.UnitTests.FluentHtml.AutoLabelTests.label_renders_label_with_pascal_case_name_split" executed="True" success="True" time="0.002" asserts="2" />
                      <test-case name="MvcContrib.UnitTests.FluentHtml.AutoLabelTests.render_label_after" executed="True" success="True" time="0.002" asserts="1" />
                      <test-case name="MvcContrib.UnitTests.FluentHtml.AutoLabelTests.render_label_for_array_element_removes_array_notations" executed="True" success="True" time="0.001" asserts="2" />
                    </results>
                  </test-suite>
                  <test-suite name="ButtonTests" executed="True" success="True" time="0.003" asserts="0">
                    <results>
                      <test-case name="MvcContrib.UnitTests.FluentHtml.ButtonTests.button_renders_with_corect_tag_and_type" executed="True" success="True" time="0.003" asserts="5" />
                    </results>
                  </test-suite>
                  <test-suite name="CheckBoxListTests" executed="True" success="True" time="0.061" asserts="0">
                    <results>
                      <test-case name="MvcContrib.UnitTests.FluentHtml.CheckBoxListTests.can_generate_checkbox_list_from_model_choices" executed="True" success="True" time="0.047" asserts="22" />
                      <test-case name="MvcContrib.UnitTests.FluentHtml.CheckBoxListTests.can_generate_checkbox_list_with_formatted_items" executed="True" success="True" time="0.002" asserts="4" />
                      <test-case name="MvcContrib.UnitTests.FluentHtml.CheckBoxListTests.checkbox_list_renders_in_a_div" executed="True" success="True" time="0.000" asserts="4" />
                      <test-case name="MvcContrib.UnitTests.FluentHtml.CheckBoxListTests.radio_renders_selected_item_as_checked" executed="True" success="True" time="0.009" asserts="44" />
                    </results>
                  </test-suite>
                  <test-suite name="CheckboxTests" executed="True" success="True" time="0.020" asserts="0">
                    <results>
                      <test-case name="MvcContrib.UnitTests.FluentHtml.CheckboxTests.basic_checkbox_renders_with_corect_tag_and_type" executed="True" success="True" time="0.004" asserts="20" />
                      <test-case name="MvcContrib.UnitTests.FluentHtml.CheckboxTests.can_specify_item_class_for_checkbox_list" executed="True" success="True" time="0.003" asserts="19" />
                      <test-case name="MvcContrib.UnitTests.FluentHtml.CheckboxTests.checkbox_with_label_after_and_class_renders_label_after_with_class" executed="True" success="True" time="0.001" asserts="2" />
                      <test-case name="MvcContrib.UnitTests.FluentHtml.CheckboxTests.model_password_renders_with_id_and_name" executed="True" success="True" time="0.008" asserts="20" />
                    </results>
                  </test-suite>
                  <test-suite name="FileUploadTests" executed="True" success="True" time="0.003" asserts="0">
                    <results>
                      <test-case name="MvcContrib.UnitTests.FluentHtml.FileUploadTests.basic_file_upload_renders_with_corect_tag_and_type" executed="True" success="True" time="0.003" asserts="5" />
                    </results>
                  </test-suite>
                  <test-suite name="FormLiteralTests" executed="True" success="True" time="0.011" asserts="0">
                    <results>
                      <test-case name="MvcContrib.UnitTests.FluentHtml.FormLiteralTests.can_render_form_literal" executed="True" success="True" time="0.011" asserts="9" />
                    </results>
                  </test-suite>
                  <test-suite name="HiddenTests" executed="True" success="True" time="0.007" asserts="0">
                    <results>
                      <test-case name="MvcContrib.UnitTests.FluentHtml.HiddenTests.basic_password_renders_with_corect_tag_and_type" executed="True" success="True" time="0.005" asserts="5" />
                      <test-case name="MvcContrib.UnitTests.FluentHtml.HiddenTests.model_password_renders_with_id_and_name" executed="True" success="True" time="0.002" asserts="4" />
                    </results>
                  </test-suite>
                  <test-suite name="LabelTests" executed="True" success="True" time="0.016" asserts="0">
                    <results>
                      <test-case name="MvcContrib.UnitTests.FluentHtml.LabelTests.basic_label_renders_with_the_correct_tag" executed="True" success="True" time="0.005" asserts="1" />
                      <test-case name="MvcContrib.UnitTests.FluentHtml.LabelTests.label_html_encodes_its_value" executed="True" success="True" time="0.001" asserts="1" />
                      <test-case name="MvcContrib.UnitTests.FluentHtml.LabelTests.label_renders_with_correct_for_tag_when_pointed_to_an_element" executed="True" success="True" time="0.001" asserts="5" />
                      <test-case name="MvcContrib.UnitTests.FluentHtml.LabelTests.label_renders_with_inner_text_formatted" executed="True" success="True" time="0.002" asserts="1" />
                      <test-case name="MvcContrib.UnitTests.FluentHtml.LabelTests.label_with_specified_id_renders_that_id" executed="True" success="True" time="0.000" asserts="2" />
                      <test-case name="MvcContrib.UnitTests.FluentHtml.LabelTests.lable_renders_with_the_correct_inner_text" executed="True" success="True" time="0.000" asserts="1" />
                    </results>
                  </test-suite>
                  <test-suite name="LiteralTests" executed="True" success="True" time="0.016" asserts="0">
                    <results>
                      <test-case name="MvcContrib.UnitTests.FluentHtml.LiteralTests.literal_html_encodes_its_value" executed="True" success="True" time="0.001" asserts="1" />
                      <test-case name="MvcContrib.UnitTests.FluentHtml.LiteralTests.literal_renders_with_correct_inner_html" executed="True" success="True" time="0.005" asserts="1" />
                      <test-case name="MvcContrib.UnitTests.FluentHtml.LiteralTests.literal_renders_with_correct_inner_html_when_both_html_and_value_are_specified" executed="True" success="True" time="0.001" asserts="1" />
                      <test-case name="MvcContrib.UnitTests.FluentHtml.LiteralTests.literal_renders_with_correct_inner_text" executed="True" success="True" time="0.001" asserts="1" />
                      <test-case name="MvcContrib.UnitTests.FluentHtml.LiteralTests.literal_renders_with_correct_tag" executed="True" success="True" time="0.001" asserts="1" />
                      <test-case name="MvcContrib.UnitTests.FluentHtml.LiteralTests.literal_renders_with_id_set" executed="True" success="True" time="0.001" asserts="2" />
                      <test-case name="MvcContrib.UnitTests.FluentHtml.LiteralTests.literal_renders_with_inner_text_formatted" executed="True" success="True" time="0.001" asserts="1" />
                      <test-case name="MvcContrib.UnitTests.FluentHtml.LiteralTests.literal_with_no_html_or_value_should_render_with_no_inner_html" executed="True" success="True" time="0.000" asserts="1" />
                    </results>
                  </test-suite>
                  <test-suite name="MemberExpressionExtensionTests" executed="True" success="True" time="0.078" asserts="0">
                    <results>
                      <test-case name="MvcContrib.UnitTests.FluentHtml.MemberExpressionExtensionTests.can_get_name_for_compound_string_property" executed="True" success="True" time="0.004" asserts="1" />
                      <test-case name="MvcContrib.UnitTests.FluentHtml.MemberExpressionExtensionTests.can_get_name_for_instance_of_complex_collection_property" executed="True" success="True" time="0.006" asserts="1" />
                      <test-case name="MvcContrib.UnitTests.FluentHtml.MemberExpressionExtensionTests.can_get_name_for_instance_of_nested_complex_collection_property" executed="True" success="True" time="0.004" asserts="1" />
                      <test-case name="MvcContrib.UnitTests.FluentHtml.MemberExpressionExtensionTests.can_get_name_for_instance_of_simple_collection_property" executed="True" success="True" time="0.001" asserts="1" />
                      <test-case name="MvcContrib.UnitTests.FluentHtml.MemberExpressionExtensionTests.can_get_name_for_instance_of_simple_collection_property_using_a_local_variable_as_indexer" executed="True" success="True" time="0.003" asserts="1" />
                      <test-case name="MvcContrib.UnitTests.FluentHtml.MemberExpressionExtensionTests.can_get_name_for_property_of_instance_of_array" executed="True" success="True" time="0.005" asserts="1" />
                      <test-case name="MvcContrib.UnitTests.FluentHtml.MemberExpressionExtensionTests.can_get_name_for_property_of_instance_of_collection" executed="True" success="True" time="0.002" asserts="1" />
                      <test-case name="MvcContrib.UnitTests.FluentHtml.MemberExpressionExtensionTests.can_get_name_for_simple_decimal_property" executed="True" success="True" time="0.000" asserts="1" />
                      <test-case name="MvcContrib.UnitTests.FluentHtml.MemberExpressionExtensionTests.can_get_name_for_simple_string_property" executed="True" success="True" time="0.001" asserts="1" />
                      <test-case name="MvcContrib.UnitTests.FluentHtml.MemberExpressionExtensionTests.can_get_value_from_model" executed="True" success="True" time="0.027" asserts="1" />
                      <test-case name="MvcContrib.UnitTests.FluentHtml.MemberExpressionExtensionTests.get_name_for_applies_prefix_from_view" executed="True" success="True" time="0.004" asserts="1" />
                      <test-case name="MvcContrib.UnitTests.FluentHtml.MemberExpressionExtensionTests.get_name_for_applies_prefix_from_view_to_collection_model" executed="True" success="True" time="0.002" asserts="1" />
                      <test-case name="MvcContrib.UnitTests.FluentHtml.MemberExpressionExtensionTests.get_value_for_null_intermediate_property_returns_null" executed="True" success="True" time="0.007" asserts="1" />
                    </results>
                  </test-suite>
                  <test-suite name="ModelStateDictionaryExtensionsTests" executed="True" success="True" time="0.008" asserts="0">
                    <results>
                      <test-case name="MvcContrib.UnitTests.FluentHtml.ModelStateDictionaryExtensionsTests.Should_add_an_error_message_to_the_model_state_using_an_expression_for_a_nested_property" executed="True" success="True" time="0.003" asserts="1" />
                      <test-case name="MvcContrib.UnitTests.FluentHtml.ModelStateDictionaryExtensionsTests.Should_add_an_error_message_to_the_model_state_using_an_expression_for_a_simple_property" executed="True" success="True" time="0.001" asserts="1" />
                      <test-case name="MvcContrib.UnitTests.FluentHtml.ModelStateDictionaryExtensionsTests.Should_add_an_exception_to_the_model_state_using_an_expression_for_a_nested_property" executed="True" success="True" time="0.002" asserts="1" />
                      <test-case name="MvcContrib.UnitTests.FluentHtml.ModelStateDictionaryExtensionsTests.Should_add_an_exception_to_the_model_state_using_an_expression_for_a_simple_property" executed="True" success="True" time="0.001" asserts="1" />
                    </results>
                  </test-suite>
                  <test-suite name="ModelViewMasterPageTests" executed="True" success="True" time="0.065" asserts="0">
                    <results>
                      <test-case name="MvcContrib.UnitTests.FluentHtml.ModelViewMasterPageTests.can_get_html_behaviors" executed="True" success="True" time="0.065" asserts="3" />
                    </results>
                  </test-suite>
                  <test-suite name="ModelViewPageTests" executed="True" success="True" time="0.004" asserts="0">
                    <results>
                      <test-case name="MvcContrib.UnitTests.FluentHtml.ModelViewPageTests.can_get_html_behaviors" executed="True" success="True" time="0.004" asserts="3" />
                    </results>
                  </test-suite>
                  <test-suite name="ModelViewUserControlPageTests" executed="True" success="True" time="0.003" asserts="0">
                    <results>
                      <test-case name="MvcContrib.UnitTests.FluentHtml.ModelViewUserControlPageTests.can_get_html_behaviors" executed="True" success="True" time="0.003" asserts="3" />
                    </results>
                  </test-suite>
                  <test-suite name="MultiSelectTests" executed="True" success="True" time="0.015" asserts="0">
                    <results>
                      <test-case name="MvcContrib.UnitTests.FluentHtml.MultiSelectTests.basic_multi_select_renders_with_no_options" executed="True" success="True" time="0.006" asserts="9" />
                      <test-case name="MvcContrib.UnitTests.FluentHtml.MultiSelectTests.basic_multiselect_renders_with_options_from_dictionary" executed="True" success="True" time="0.004" asserts="20" />
                      <test-case name="MvcContrib.UnitTests.FluentHtml.MultiSelectTests.basic_select_renders_select_with_options_from_select_list" executed="True" success="True" time="0.003" asserts="20" />
                    </results>
                  </test-suite>
                  <test-suite name="OptionTests" executed="True" success="True" time="0.004" asserts="0">
                    <results>
                      <test-case name="MvcContrib.UnitTests.FluentHtml.OptionTests.option_text_html_encodes_inner_text" executed="True" success="True" time="0.000" asserts="1" />
                      <test-case name="MvcContrib.UnitTests.FluentHtml.OptionTests.option_value_html_encodes_value" executed="True" success="True" time="0.003" asserts="2" />
                    </results>
                  </test-suite>
                  <test-suite name="PasswordTests" executed="True" success="True" time="0.003" asserts="0">
                    <results>
                      <test-case name="MvcContrib.UnitTests.FluentHtml.PasswordTests.basic_password_upload_renders_with_corect_tag_and_type" executed="True" success="True" time="0.001" asserts="5" />
                      <test-case name="MvcContrib.UnitTests.FluentHtml.PasswordTests.model_password_renders_with_id_and_name" executed="True" success="True" time="0.001" asserts="4" />
                    </results>
                  </test-suite>
                  <test-suite name="RadioButtonTests" executed="True" success="True" time="0.008" asserts="0">
                    <results>
                      <test-case name="MvcContrib.UnitTests.FluentHtml.RadioButtonTests.can_format_a_radio_button" executed="True" success="True" time="0.004" asserts="2" />
                      <test-case name="MvcContrib.UnitTests.FluentHtml.RadioButtonTests.can_get_a_checked_radio_button" executed="True" success="True" time="0.001" asserts="4" />
                      <test-case name="MvcContrib.UnitTests.FluentHtml.RadioButtonTests.can_get_a_radio_button_with_label_after" executed="True" success="True" time="0.001" asserts="18" />
                    </results>
                  </test-suite>
                  <test-suite name="RadioSetTests" executed="True" success="True" time="0.019" asserts="0">
                    <results>
                      <test-case name="MvcContrib.UnitTests.FluentHtml.RadioSetTests.can_generate_radio_set_from_enum" executed="True" success="True" time="0.008" asserts="39" />
                      <test-case name="MvcContrib.UnitTests.FluentHtml.RadioSetTests.can_generate_radio_set_from_model_choices" executed="True" success="True" time="0.002" asserts="21" />
                      <test-case name="MvcContrib.UnitTests.FluentHtml.RadioSetTests.can_specify_item_class_for_radio_set" executed="True" success="True" time="0.001" asserts="19" />
                      <test-case name="MvcContrib.UnitTests.FluentHtml.RadioSetTests.can_specify_option_format_for_radio_set" executed="True" success="True" time="0.002" asserts="7" />
                      <test-case name="MvcContrib.UnitTests.FluentHtml.RadioSetTests.radio_renders_selected_item_as_checked" executed="True" success="True" time="0.002" asserts="6" />
                      <test-case name="MvcContrib.UnitTests.FluentHtml.RadioSetTests.radio_set_renders_in_a_div" executed="True" success="True" time="0.000" asserts="4" />
                    </results>
                  </test-suite>
                  <test-suite name="ResetButtonTests" executed="True" success="True" time="0.003" asserts="0">
                    <results>
                      <test-case name="MvcContrib.UnitTests.FluentHtml.ResetButtonTests.reset_button_renders_with_corect_tag_and_type" executed="True" success="True" time="0.002" asserts="5" />
                    </results>
                  </test-suite>
                  <test-suite name="SelectTests" executed="True" success="True" time="0.059" asserts="0">
                    <results>
                      <test-case name="MvcContrib.UnitTests.FluentHtml.SelectTests.basic_select_can_select_null_valued_options" executed="True" success="True" time="0.004" asserts="14" />
                      <test-case name="MvcContrib.UnitTests.FluentHtml.SelectTests.basic_select_renders_select_size" executed="True" success="True" time="0.001" asserts="4" />
                      <test-case name="MvcContrib.UnitTests.FluentHtml.SelectTests.basic_select_renders_select_with_options_from_select_list" executed="True" success="True" time="0.003" asserts="14" />
                      <test-case name="MvcContrib.UnitTests.FluentHtml.SelectTests.basic_select_renders_with_no_options" executed="True" success="True" time="0.001" asserts="7" />
                      <test-case name="MvcContrib.UnitTests.FluentHtml.SelectTests.basic_select_renders_with_options_from_dictionary" executed="True" success="True" time="0.002" asserts="14" />
                      <test-case name="MvcContrib.UnitTests.FluentHtml.SelectTests.can_render_options_from_enumerable_of_simple_objects" executed="True" success="True" time="0.013" asserts="13" />
                      <test-case name="MvcContrib.UnitTests.FluentHtml.SelectTests.select_option_null_renders_with_no_options" executed="True" success="True" time="0.000" asserts="3" />
                      <test-case name="MvcContrib.UnitTests.FluentHtml.SelectTests.select_option_of_enumerable_select_list_item_renders_options" executed="True" success="True" time="0.008" asserts="20" />
                      <test-case name="MvcContrib.UnitTests.FluentHtml.SelectTests.select_option_with_no_items_renders_with_no_options" executed="True" success="True" time="0.000" asserts="3" />
                      <test-case name="MvcContrib.UnitTests.FluentHtml.SelectTests.select_options_not_told_to_hide_the_first_option_should_emit_the_first_option_text" executed="True" success="True" time="0.002" asserts="18" />
                      <test-case name="MvcContrib.UnitTests.FluentHtml.SelectTests.select_options_told_to_hide_the_first_option_should_not_emit_the_first_option_text" executed="True" success="True" time="0.000" asserts="13" />
                      <test-case name="MvcContrib.UnitTests.FluentHtml.SelectTests.select_options_with_generic_param_not_enum_throws" executed="True" success="True" time="0.003" asserts="0" />
                      <test-case name="MvcContrib.UnitTests.FluentHtml.SelectTests.select_options_with_null_text_field_selector_should_throw" executed="True" success="True" time="0.002" asserts="0" />
                      <test-case name="MvcContrib.UnitTests.FluentHtml.SelectTests.select_options_with_null_value_field_selector_should_throw" executed="True" success="True" time="0.001" asserts="0" />
                      <test-case name="MvcContrib.UnitTests.FluentHtml.SelectTests.select_options_with_simple_enumeration_of_objects_can_have_a_first_option_specified" executed="True" success="True" time="0.001" asserts="18" />
                      <test-case name="MvcContrib.UnitTests.FluentHtml.SelectTests.select_options_with_simple_enumeration_of_objects_can_have_a_first_option_text_specified" executed="True" success="True" time="0.000" asserts="18" />
                      <test-case name="MvcContrib.UnitTests.FluentHtml.SelectTests.select_options_with_wrong_data_text_field_throws_on_tostring" executed="True" success="True" time="0.001" asserts="0" />
                      <test-case name="MvcContrib.UnitTests.FluentHtml.SelectTests.select_options_with_wrong_data_value_field_throws_on_tostring" executed="True" success="True" time="0.002" asserts="0" />
                      <test-case name="MvcContrib.UnitTests.FluentHtml.SelectTests.select_with_lambda_selector_for_options_should_render" executed="True" success="True" time="0.002" asserts="8" />
                      <test-case name="MvcContrib.UnitTests.FluentHtml.SelectTests.select_with_options_for_enum_renders_enum_values_as_options" executed="True" success="True" time="0.001" asserts="24" />
                      <test-case name="MvcContrib.UnitTests.FluentHtml.SelectTests.select_with_options_for_enum_renders_null_first_option" executed="True" success="True" time="0.001" asserts="8" />
                    </results>
                  </test-suite>
                  <test-suite name="SubmitButtonTests" executed="True" success="True" time="0.003" asserts="0">
                    <results>
                      <test-case name="MvcContrib.UnitTests.FluentHtml.SubmitButtonTests.submit_button_renders_with_corect_tag_and_type" executed="True" success="True" time="0.002" asserts="5" />
                    </results>
                  </test-suite>
                  <test-suite name="TextAreaTests" executed="True" success="True" time="0.031" asserts="0">
                    <results>
                      <test-case name="MvcContrib.UnitTests.FluentHtml.TextAreaTests.model_textbox_renders_with_correct_tag_id_and_name" executed="True" success="True" time="0.006" asserts="5" />
                      <test-case name="MvcContrib.UnitTests.FluentHtml.TextAreaTests.textarea_columns_renders_columns" executed="True" success="True" time="0.001" asserts="4" />
                      <test-case name="MvcContrib.UnitTests.FluentHtml.TextAreaTests.textarea_renders_with_correct_inner_text" executed="True" success="True" time="0.000" asserts="3" />
                      <test-case name="MvcContrib.UnitTests.FluentHtml.TextAreaTests.textarea_renders_with_correct_inner_text_from_enumerable_value_with_formatting" executed="True" success="True" time="0.016" asserts="3" />
                      <test-case name="MvcContrib.UnitTests.FluentHtml.TextAreaTests.textarea_renders_with_correct_tag_id_and_name" executed="True" success="True" time="0.000" asserts="5" />
                      <test-case name="MvcContrib.UnitTests.FluentHtml.TextAreaTests.textarea_renders_with_formatted_inner_text" executed="True" success="True" time="0.000" asserts="3" />
                      <test-case name="MvcContrib.UnitTests.FluentHtml.TextAreaTests.textarea_rows_renders_rows" executed="True" success="True" time="0.001" asserts="4" />
                      <test-case name="MvcContrib.UnitTests.FluentHtml.TextAreaTests.textarea_value_html_encodes_inner_text" executed="True" success="True" time="0.000" asserts="3" />
                    </results>
                  </test-suite>
                  <test-suite name="TextBoxTests" executed="True" success="True" time="0.037" asserts="0">
                    <results>
                      <test-case name="MvcContrib.UnitTests.FluentHtml.TextBoxTests.basic_textbox_renders_with_id_and_name_and_value" executed="True" success="True" time="0.000" asserts="10" />
                      <test-case name="MvcContrib.UnitTests.FluentHtml.TextBoxTests.model_textbox_renders_with_id_and_name" executed="True" success="True" time="0.001" asserts="5" />
                      <test-case name="MvcContrib.UnitTests.FluentHtml.TextBoxTests.model_textbox_renders_with_id_and_name_from_nested_member" executed="True" success="True" time="0.001" asserts="4" />
                      <test-case name="MvcContrib.UnitTests.FluentHtml.TextBoxTests.text_box_for_member_with_maxlength_attibute_sets_maxlength" executed="True" success="True" time="0.002" asserts="4" />
                      <test-case name="MvcContrib.UnitTests.FluentHtml.TextBoxTests.text_box_for_member_with_required_attibute_adds_set_class_using_custom_behavior" executed="True" success="True" time="0.002" asserts="4" />
                      <test-case name="MvcContrib.UnitTests.FluentHtml.TextBoxTests.text_box_for_member_with_required_attibute_adds_set_class_using_default_behavior" executed="True" success="True" time="0.001" asserts="4" />
                      <test-case name="MvcContrib.UnitTests.FluentHtml.TextBoxTests.text_box_value_html_attribute_encodes_value" executed="True" success="True" time="0.001" asserts="4" />
                      <test-case name="MvcContrib.UnitTests.FluentHtml.TextBoxTests.textbox_class_renders_class" executed="True" success="True" time="0.001" asserts="4" />
                      <test-case name="MvcContrib.UnitTests.FluentHtml.TextBoxTests.textbox_disabled_renders_disabled" executed="True" success="True" time="0.001" asserts="4" />
                      <test-case name="MvcContrib.UnitTests.FluentHtml.TextBoxTests.textbox_format_renders_formatted_value" executed="True" success="True" time="0.001" asserts="4" />
                      <test-case name="MvcContrib.UnitTests.FluentHtml.TextBoxTests.textbox_format_using_full_format_placeholder_renders_formatted_value" executed="True" success="True" time="0.001" asserts="4" />
                      <test-case name="MvcContrib.UnitTests.FluentHtml.TextBoxTests.textbox_id_renders_id" executed="True" success="True" time="0.001" asserts="2" />
                      <test-case name="MvcContrib.UnitTests.FluentHtml.TextBoxTests.textbox_maxlength_renders_maxlength" executed="True" success="True" time="0.001" asserts="4" />
                      <test-case name="MvcContrib.UnitTests.FluentHtml.TextBoxTests.textbox_multiple_classes_renders_compound_class" executed="True" success="True" time="0.000" asserts="5" />
                      <test-case name="MvcContrib.UnitTests.FluentHtml.TextBoxTests.textbox_not_disabled_renders_not_disabled" executed="True" success="True" time="0.000" asserts="3" />
                      <test-case name="MvcContrib.UnitTests.FluentHtml.TextBoxTests.textbox_onclick_renders_onclick" executed="True" success="True" time="0.002" asserts="4" />
                      <test-case name="MvcContrib.UnitTests.FluentHtml.TextBoxTests.textbox_size_renders_size" executed="True" success="True" time="0.001" asserts="4" />
                      <test-case name="MvcContrib.UnitTests.FluentHtml.TextBoxTests.textbox_styles_renders_style" executed="True" success="True" time="0.003" asserts="4" />
                      <test-case name="MvcContrib.UnitTests.FluentHtml.TextBoxTests.textbox_title_renders_title" executed="True" success="True" time="0.001" asserts="4" />
                      <test-case name="MvcContrib.UnitTests.FluentHtml.TextBoxTests.textbox_value_renders_value" executed="True" success="True" time="0.000" asserts="4" />
                      <test-case name="MvcContrib.UnitTests.FluentHtml.TextBoxTests.textbox_with_label_class_renders_label_with_class" executed="True" success="True" time="0.002" asserts="2" />
                      <test-case name="MvcContrib.UnitTests.FluentHtml.TextBoxTests.textbox_with_label_renders_label" executed="True" success="True" time="0.001" asserts="5" />
                      <test-case name="MvcContrib.UnitTests.FluentHtml.TextBoxTests.textbox_with_label_renders_label_after" executed="True" success="True" time="0.001" asserts="5" />
                    </results>
                  </test-suite>
                  <test-suite name="ValidationMemberBehaviorTests" executed="True" success="True" time="0.051" asserts="0">
                    <results>
                      <test-case name="MvcContrib.UnitTests.FluentHtml.ValidationMemberBehaviorTests.element_for_member_with_error_renders_with_default_error_class" executed="True" success="True" time="0.002" asserts="4" />
                      <test-case name="MvcContrib.UnitTests.FluentHtml.ValidationMemberBehaviorTests.element_for_member_with_error_renders_with_specified_error_class_and_specified_other_class" executed="True" success="True" time="0.001" asserts="5" />
                      <test-case name="MvcContrib.UnitTests.FluentHtml.ValidationMemberBehaviorTests.element_for_member_with_no_error_renders_with_no_class" executed="True" success="True" time="0.001" asserts="3" />
                      <test-case name="MvcContrib.UnitTests.FluentHtml.ValidationMemberBehaviorTests.element_with_error_renders_with_attempted_value" executed="True" success="True" time="0.004" asserts="4" />
                      <test-case name="MvcContrib.UnitTests.FluentHtml.ValidationMemberBehaviorTests.handles_checkboxes_correctly" executed="True" success="True" time="0.037" asserts="6" />
                      <test-case name="MvcContrib.UnitTests.FluentHtml.ValidationMemberBehaviorTests.when_handling_checkbox_does_not_fall_back_to_default_behavior" executed="True" success="True" time="0.002" asserts="4" />
                    </results>
                  </test-suite>
                  <test-suite name="ViewDataContainerExtensionsTests" executed="True" success="True" time="0.028" asserts="0">
                    <results>
                      <test-case name="MvcContrib.UnitTests.FluentHtml.ViewDataContainerExtensionsTests.can_get_checkbox_with_checked" executed="True" success="True" time="0.008" asserts="2" />
                      <test-case name="MvcContrib.UnitTests.FluentHtml.ViewDataContainerExtensionsTests.can_get_checkboxlist_with_selected_values" executed="True" success="True" time="0.001" asserts="3" />
                      <test-case name="MvcContrib.UnitTests.FluentHtml.ViewDataContainerExtensionsTests.can_get_file_upload" executed="True" success="True" time="0.001" asserts="1" />
                      <test-case name="MvcContrib.UnitTests.FluentHtml.ViewDataContainerExtensionsTests.can_get_form_literal_with_value" executed="True" success="True" time="0.001" asserts="2" />
                      <test-case name="MvcContrib.UnitTests.FluentHtml.ViewDataContainerExtensionsTests.can_get_hidden_with_value" executed="True" success="True" time="0.000" asserts="2" />
                      <test-case name="MvcContrib.UnitTests.FluentHtml.ViewDataContainerExtensionsTests.can_get_label_with_value" executed="True" success="True" time="0.001" asserts="3" />
                      <test-case name="MvcContrib.UnitTests.FluentHtml.ViewDataContainerExtensionsTests.can_get_literal_with_name_and_value" executed="True" success="True" time="0.001" asserts="3" />
                      <test-case name="MvcContrib.UnitTests.FluentHtml.ViewDataContainerExtensionsTests.can_get_literal_with_value" executed="True" success="True" time="0.001" asserts="1" />
                      <test-case name="MvcContrib.UnitTests.FluentHtml.ViewDataContainerExtensionsTests.can_get_multi_select" executed="True" success="True" time="0.001" asserts="3" />
                      <test-case name="MvcContrib.UnitTests.FluentHtml.ViewDataContainerExtensionsTests.can_get_password_with_value" executed="True" success="True" time="0.001" asserts="2" />
                      <test-case name="MvcContrib.UnitTests.FluentHtml.ViewDataContainerExtensionsTests.can_get_radio_button" executed="True" success="True" time="0.000" asserts="2" />
                      <test-case name="MvcContrib.UnitTests.FluentHtml.ViewDataContainerExtensionsTests.can_get_radio_set_with_selected_value" executed="True" success="True" time="0.001" asserts="2" />
                      <test-case name="MvcContrib.UnitTests.FluentHtml.ViewDataContainerExtensionsTests.can_get_select" executed="True" success="True" time="0.001" asserts="2" />
                      <test-case name="MvcContrib.UnitTests.FluentHtml.ViewDataContainerExtensionsTests.can_get_submit_button_with_value" executed="True" success="True" time="0.001" asserts="2" />
                      <test-case name="MvcContrib.UnitTests.FluentHtml.ViewDataContainerExtensionsTests.can_get_text_area_with_value" executed="True" success="True" time="0.001" asserts="1" />
                      <test-case name="MvcContrib.UnitTests.FluentHtml.ViewDataContainerExtensionsTests.can_get_textbox_with_value_from_complex_property" executed="True" success="True" time="0.001" asserts="2" />
                      <test-case name="MvcContrib.UnitTests.FluentHtml.ViewDataContainerExtensionsTests.can_get_textbox_with_value_from_simple_property" executed="True" success="True" time="0.000" asserts="2" />
                    </results>
                  </test-suite>
                  <test-suite name="ViewModelContainerExtensionsTests" executed="True" success="True" time="0.079" asserts="0">
                    <results>
                      <test-case name="MvcContrib.UnitTests.FluentHtml.ViewModelContainerExtensionsTests.can_get_checkbox_with_checked" executed="True" success="True" time="0.005" asserts="2" />
                      <test-case name="MvcContrib.UnitTests.FluentHtml.ViewModelContainerExtensionsTests.can_get_checkboxlist_with_selected_values" executed="True" success="True" time="0.004" asserts="3" />
                      <test-case name="MvcContrib.UnitTests.FluentHtml.ViewModelContainerExtensionsTests.can_get_form_literal_with_value" executed="True" success="True" time="0.003" asserts="2" />
                      <test-case name="MvcContrib.UnitTests.FluentHtml.ViewModelContainerExtensionsTests.can_get_hidden_with_value" executed="True" success="True" time="0.003" asserts="2" />
                      <test-case name="MvcContrib.UnitTests.FluentHtml.ViewModelContainerExtensionsTests.can_get_id_for_expression" executed="True" success="True" time="0.001" asserts="1" />
                      <test-case name="MvcContrib.UnitTests.FluentHtml.ViewModelContainerExtensionsTests.can_get_id_for_expression_with_prefix" executed="True" success="True" time="0.001" asserts="1" />
                      <test-case name="MvcContrib.UnitTests.FluentHtml.ViewModelContainerExtensionsTests.can_get_index_element" executed="True" success="True" time="0.004" asserts="4" />
                      <test-case name="MvcContrib.UnitTests.FluentHtml.ViewModelContainerExtensionsTests.can_get_index_element_with_value" executed="True" success="True" time="0.001" asserts="4" />
                      <test-case name="MvcContrib.UnitTests.FluentHtml.ViewModelContainerExtensionsTests.can_get_label_for_given_input" executed="True" success="True" time="0.003" asserts="3" />
                      <test-case name="MvcContrib.UnitTests.FluentHtml.ViewModelContainerExtensionsTests.Can_get_label_for_given_input_with_prefix" executed="True" success="True" time="0.001" asserts="2" />
                      <test-case name="MvcContrib.UnitTests.FluentHtml.ViewModelContainerExtensionsTests.can_get_literal_with_value" executed="True" success="True" time="0.003" asserts="1" />
                      <test-case name="MvcContrib.UnitTests.FluentHtml.ViewModelContainerExtensionsTests.can_get_multi_select_with_selected_values" executed="True" success="True" time="0.005" asserts="3" />
                      <test-case name="MvcContrib.UnitTests.FluentHtml.ViewModelContainerExtensionsTests.can_get_name_for_expression" executed="True" success="True" time="0.001" asserts="1" />
                      <test-case name="MvcContrib.UnitTests.FluentHtml.ViewModelContainerExtensionsTests.can_get_name_for_expression_with_prefix" executed="True" success="True" time="0.001" asserts="1" />
                      <test-case name="MvcContrib.UnitTests.FluentHtml.ViewModelContainerExtensionsTests.can_get_password_with_value" executed="True" success="True" time="0.003" asserts="2" />
                      <test-case name="MvcContrib.UnitTests.FluentHtml.ViewModelContainerExtensionsTests.can_get_radio_button" executed="True" success="True" time="0.003" asserts="2" />
                      <test-case name="MvcContrib.UnitTests.FluentHtml.ViewModelContainerExtensionsTests.can_get_radio_set_with_selected_value" executed="True" success="True" time="0.003" asserts="2" />
                      <test-case name="MvcContrib.UnitTests.FluentHtml.ViewModelContainerExtensionsTests.can_get_select_with_selected_value" executed="True" success="True" time="0.004" asserts="2" />
                      <test-case name="MvcContrib.UnitTests.FluentHtml.ViewModelContainerExtensionsTests.can_get_submit_button_with_value" executed="True" success="True" time="0.001" asserts="2" />
                      <test-case name="MvcContrib.UnitTests.FluentHtml.ViewModelContainerExtensionsTests.can_get_text_area_with_value" executed="True" success="True" time="0.003" asserts="1" />
                      <test-case name="MvcContrib.UnitTests.FluentHtml.ViewModelContainerExtensionsTests.can_get_textbox_with_value_from_complex_property" executed="True" success="True" time="0.004" asserts="2" />
                      <test-case name="MvcContrib.UnitTests.FluentHtml.ViewModelContainerExtensionsTests.can_get_textbox_with_value_from_simple_property" executed="True" success="True" time="0.001" asserts="2" />
                      <test-case name="MvcContrib.UnitTests.FluentHtml.ViewModelContainerExtensionsTests.can_get_validation_message_for_element_with_error" executed="True" success="True" time="0.004" asserts="3" />
                      <test-case name="MvcContrib.UnitTests.FluentHtml.ViewModelContainerExtensionsTests.can_get_validation_message_for_element_with_error_with_custom_class" executed="True" success="True" time="0.001" asserts="2" />
                      <test-case name="MvcContrib.UnitTests.FluentHtml.ViewModelContainerExtensionsTests.validation_message_for_element_with_no_message_specified_uses_model_state_error_message" executed="True" success="True" time="0.002" asserts="1" />
                      <test-case name="MvcContrib.UnitTests.FluentHtml.ViewModelContainerExtensionsTests.validation_message_for_element_with_not_error_return_null" executed="True" success="True" time="0.001" asserts="1" />
                    </results>
                  </test-suite>
                  <test-suite name="ViewModelContainerTestBase&lt;T,TModel&gt;" executed="True" success="False" time="0.000" asserts="0" />
                </results>
              </test-suite>
              <test-suite name="GenericHashTester+When_Empty" executed="True" success="True" time="0.002" asserts="0">
                <results>
                  <test-case name="MvcContrib.UnitTests.GenericHashTester+When_Empty.Then_Hash_Has_Zero_Items" executed="True" success="True" time="0.001" asserts="1" />
                  <test-case name="MvcContrib.UnitTests.GenericHashTester+When_Empty.Then_Hash_Is_Not_Null" executed="True" success="True" time="0.000" asserts="1" />
                </results>
              </test-suite>
              <test-suite name="GenericHashTester+When_The_Add_Extension_Method_Is_Used_With_A_New_Dictionary" executed="True" success="True" time="0.006" asserts="0">
                <results>
                  <test-case name="MvcContrib.UnitTests.GenericHashTester+When_The_Add_Extension_Method_Is_Used_With_A_New_Dictionary.Then_The_Items_Are_Added" executed="True" success="True" time="0.005" asserts="3" />
                  <test-case name="MvcContrib.UnitTests.GenericHashTester+When_The_Add_Extension_Method_Is_Used_With_A_New_Dictionary.With_Null_Items_Then_Nothing_Is_Added" executed="True" success="True" time="0.000" asserts="2" />
                </results>
              </test-suite>
              <test-suite name="GenericHashTester+When_the_ConvertObjectToCaseSensitiveDictionary_method_is_called" executed="True" success="True" time="0.008" asserts="0">
                <results>
                  <test-case name="MvcContrib.UnitTests.GenericHashTester+When_the_ConvertObjectToCaseSensitiveDictionary_method_is_called.And_the_object_is_null_then_an_empty_dictionary_should_be_returned" executed="True" success="True" time="0.001" asserts="2" />
                  <test-case name="MvcContrib.UnitTests.GenericHashTester+When_the_ConvertObjectToCaseSensitiveDictionary_method_is_called.Then_a_dictionary_should_be_created_containing_the_properties_of_the_object" executed="True" success="True" time="0.003" asserts="3" />
                  <test-case name="MvcContrib.UnitTests.GenericHashTester+When_the_ConvertObjectToCaseSensitiveDictionary_method_is_called.Then_the_dictionary_that_is_created_should_be_case_sensitive" executed="True" success="True" time="0.002" asserts="2" />
                </results>
              </test-suite>
              <test-suite name="GenericHashTester+With_Null_Hash" executed="True" success="True" time="0.002" asserts="0">
                <results>
                  <test-case name="MvcContrib.UnitTests.GenericHashTester+With_Null_Hash.Then_A_Empty_Dictionary_Is_Returned" executed="True" success="True" time="0.001" asserts="1" />
                  <test-case name="MvcContrib.UnitTests.GenericHashTester+With_Null_Hash.Then_The_Dictionary_Is_Not_Null" executed="True" success="True" time="0.001" asserts="1" />
                </results>
              </test-suite>
              <test-suite name="GenericHashTester+With_Two_Items_And_No_Duplicate_Keys" executed="True" success="True" time="0.012" asserts="0">
                <results>
                  <test-case name="MvcContrib.UnitTests.GenericHashTester+With_Two_Items_And_No_Duplicate_Keys.Then_A_Dictionary_Is_Returned" executed="True" success="True" time="0.001" asserts="1" />
                  <test-case name="MvcContrib.UnitTests.GenericHashTester+With_Two_Items_And_No_Duplicate_Keys.Then_The_Dictionary_Contains_Both_Items_With_Keys" executed="True" success="True" time="0.001" asserts="2" />
                  <test-case name="MvcContrib.UnitTests.GenericHashTester+With_Two_Items_And_No_Duplicate_Keys.Then_The_Dictionary_Has_A_Count_Equal_To_2" executed="True" success="True" time="0.002" asserts="1" />
                </results>
              </test-suite>
              <test-suite name="GenericHashTester+With_Two_Keys_That_Have_The_Same_Name_But_Different_Case" executed="True" success="True" time="0.036" asserts="0">
                <results>
                  <test-case name="MvcContrib.UnitTests.GenericHashTester+With_Two_Keys_That_Have_The_Same_Name_But_Different_Case.Then_Throws_An_ArgumentException_For_Duplicate_Keys" executed="True" success="True" time="0.036" asserts="0" />
                </results>
              </test-suite>
              <test-suite name="HashTester+When_Empty" executed="True" success="True" time="0.002" asserts="0">
                <results>
                  <test-case name="MvcContrib.UnitTests.HashTester+When_Empty.Then_Hash_Has_Zero_Items" executed="True" success="True" time="0.000" asserts="1" />
                  <test-case name="MvcContrib.UnitTests.HashTester+When_Empty.Then_Hash_Is_Not_Null" executed="True" success="True" time="0.000" asserts="1" />
                </results>
              </test-suite>
              <test-suite name="HashTester+When_The_Add_Extension_Method_Is_Used_With_A_New_Dictionary" executed="True" success="True" time="0.003" asserts="0">
                <results>
                  <test-case name="MvcContrib.UnitTests.HashTester+When_The_Add_Extension_Method_Is_Used_With_A_New_Dictionary.Then_The_Items_Are_Added" executed="True" success="True" time="0.002" asserts="3" />
                  <test-case name="MvcContrib.UnitTests.HashTester+When_The_Add_Extension_Method_Is_Used_With_A_New_Dictionary.With_Null_Items_Then_Nothing_Is_Added" executed="True" success="True" time="0.001" asserts="2" />
                </results>
              </test-suite>
              <test-suite name="HashTester+With_Null_Hash" executed="True" success="True" time="0.002" asserts="0">
                <results>
                  <test-case name="MvcContrib.UnitTests.HashTester+With_Null_Hash.Then_A_Empty_Dictionary_Is_Returned" executed="True" success="True" time="0.001" asserts="1" />
                  <test-case name="MvcContrib.UnitTests.HashTester+With_Null_Hash.Then_The_Dictionary_Is_Not_Null" executed="True" success="True" time="0.001" asserts="1" />
                </results>
              </test-suite>
              <test-suite name="HashTester+With_Two_Items_And_No_Duplicate_Keys" executed="True" success="True" time="0.003" asserts="0">
                <results>
                  <test-case name="MvcContrib.UnitTests.HashTester+With_Two_Items_And_No_Duplicate_Keys.Then_A_Dictionary_Is_Returned" executed="True" success="True" time="0.001" asserts="1" />
                  <test-case name="MvcContrib.UnitTests.HashTester+With_Two_Items_And_No_Duplicate_Keys.Then_The_Dictionary_Contains_Both_Items_With_Keys" executed="True" success="True" time="0.001" asserts="2" />
                  <test-case name="MvcContrib.UnitTests.HashTester+With_Two_Items_And_No_Duplicate_Keys.Then_The_Dictionary_Has_A_Count_Equal_To_2" executed="True" success="True" time="0.000" asserts="1" />
                </results>
              </test-suite>
              <test-suite name="HashTester+With_Two_Keys_That_Have_The_Same_Name_But_Different_Case" executed="True" success="True" time="0.001" asserts="0">
                <results>
                  <test-case name="MvcContrib.UnitTests.HashTester+With_Two_Keys_That_Have_The_Same_Name_But_Different_Case.Then_Throws_An_ArgumentException_For_Duplicate_Keys" executed="True" success="True" time="0.001" asserts="0" />
                </results>
              </test-suite>
              <test-suite name="HttpContextExtensionsTester" executed="True" success="True" time="0.012" asserts="0">
                <results>
                  <test-case name="MvcContrib.UnitTests.HttpContextExtensionsTester.Is_Ajax_Recognizes_Ajax_Header" executed="True" success="True" time="0.006" asserts="1" />
                  <test-case name="MvcContrib.UnitTests.HttpContextExtensionsTester.Is_Ajax_Recognizes_XMLHttpRequest_Header" executed="True" success="True" time="0.005" asserts="1" />
                </results>
              </test-suite>
              <test-suite name="IncludeHandling" executed="True" success="True" time="1.194" asserts="0">
                <results>
                  <test-suite name="FileSystemIncludeReaderIntegrationTester" executed="True" success="True" time="0.005" asserts="0">
                    <results>
                      <test-case name="MvcContrib.UnitTests.IncludeHandling.FileSystemIncludeReaderIntegrationTester.WhenFileExists_WillReadIt" executed="True" success="True" time="0.003" asserts="1" />
                      <test-case name="MvcContrib.UnitTests.IncludeHandling.FileSystemIncludeReaderIntegrationTester.WhenFileNotFound_WillThrow" executed="True" success="True" time="0.002" asserts="1" />
                    </results>
                  </test-suite>
                  <test-suite name="FileSystemIncludeReaderTester" executed="True" success="True" time="0.009" asserts="0">
                    <results>
                      <test-case name="MvcContrib.UnitTests.IncludeHandling.FileSystemIncludeReaderTester.ToAbsolute_ConvertsPathWhenSourceIsRelative" executed="True" success="True" time="0.005" asserts="1" />
                      <test-suite name="WhenSourceMissing_WillThrow" executed="True" success="True" time="0.002" asserts="0">
                        <results>
                          <test-case name="MvcContrib.UnitTests.IncludeHandling.FileSystemIncludeReaderTester.WhenSourceMissing_WillThrow(null)" executed="True" success="True" time="0.000" asserts="0" />
                          <test-case name="MvcContrib.UnitTests.IncludeHandling.FileSystemIncludeReaderTester.WhenSourceMissing_WillThrow(&quot;&quot;)" executed="True" success="True" time="0.000" asserts="0" />
                        </results>
                      </test-suite>
                    </results>
                  </test-suite>
                  <test-suite name="IncludeCombinationResultInteractionTester" executed="True" success="True" time="0.487" asserts="0">
                    <results>
                      <test-case name="MvcContrib.UnitTests.IncludeHandling.IncludeCombinationResultInteractionTester.WhenCacheForIsSet_ShouldAppendCacheHeaders" executed="True" success="True" time="0.327" asserts="0" />
                      <test-case name="MvcContrib.UnitTests.IncludeHandling.IncludeCombinationResultInteractionTester.WhenCombinationExists_ShouldCorrectlySetUpResponse" executed="True" success="True" time="0.014" asserts="0" />
                      <test-case name="MvcContrib.UnitTests.IncludeHandling.IncludeCombinationResultInteractionTester.WhenNoCombinationExists_ResponseCodeShouldBe404" executed="True" success="True" time="0.007" asserts="0" />
                      <test-suite name="WhenRequestAcceptsCompression_ShouldAppendContentEncodingHeader" executed="True" success="True" time="0.135" asserts="0">
                        <results>
                          <test-case name="MvcContrib.UnitTests.IncludeHandling.IncludeCombinationResultInteractionTester.WhenRequestAcceptsCompression_ShouldAppendContentEncodingHeader(MvcContrib.UnitTests.IncludeHandling.IncludeCombinationResultInteractionTester+Req)" executed="True" success="True" time="0.048" asserts="0" />
                          <test-case name="MvcContrib.UnitTests.IncludeHandling.IncludeCombinationResultInteractionTester.WhenRequestAcceptsCompression_ShouldAppendContentEncodingHeader(MvcContrib.UnitTests.IncludeHandling.IncludeCombinationResultInteractionTester+Req)" executed="True" success="True" time="0.018" asserts="0" />
                          <test-case name="MvcContrib.UnitTests.IncludeHandling.IncludeCombinationResultInteractionTester.WhenRequestAcceptsCompression_ShouldAppendContentEncodingHeader(MvcContrib.UnitTests.IncludeHandling.IncludeCombinationResultInteractionTester+Req)" executed="True" success="True" time="0.017" asserts="0" />
                          <test-case name="MvcContrib.UnitTests.IncludeHandling.IncludeCombinationResultInteractionTester.WhenRequestAcceptsCompression_ShouldAppendContentEncodingHeader(MvcContrib.UnitTests.IncludeHandling.IncludeCombinationResultInteractionTester+Req)" executed="True" success="True" time="0.017" asserts="0" />
                          <test-case name="MvcContrib.UnitTests.IncludeHandling.IncludeCombinationResultInteractionTester.WhenRequestAcceptsCompression_ShouldAppendContentEncodingHeader(MvcContrib.UnitTests.IncludeHandling.IncludeCombinationResultInteractionTester+Req)" executed="True" success="True" time="0.015" asserts="0" />
                          <test-case name="MvcContrib.UnitTests.IncludeHandling.IncludeCombinationResultInteractionTester.WhenRequestAcceptsCompression_ShouldAppendContentEncodingHeader(MvcContrib.UnitTests.IncludeHandling.IncludeCombinationResultInteractionTester+Req)" executed="True" success="True" time="0.015" asserts="0" />
                        </results>
                      </test-suite>
                    </results>
                  </test-suite>
                  <test-suite name="IncludeCombinationResultStateTester" executed="True" success="True" time="0.029" asserts="0">
                    <results>
                      <test-case name="MvcContrib.UnitTests.IncludeHandling.IncludeCombinationResultStateTester.ConstructorThrows_WhenCombinerIsNull" executed="True" success="True" time="0.006" asserts="1" />
                      <test-suite name="ConstructorThrows_WhenKeyIsBad" executed="True" success="True" time="0.008" asserts="0">
                        <results>
                          <test-case name="MvcContrib.UnitTests.IncludeHandling.IncludeCombinationResultStateTester.ConstructorThrows_WhenKeyIsBad(null)" executed="True" success="True" time="0.004" asserts="1" />
                          <test-case name="MvcContrib.UnitTests.IncludeHandling.IncludeCombinationResultStateTester.ConstructorThrows_WhenKeyIsBad(&quot;&quot;)" executed="True" success="True" time="0.002" asserts="1" />
                        </results>
                      </test-suite>
                      <test-case name="MvcContrib.UnitTests.IncludeHandling.IncludeCombinationResultStateTester.WhenCombinationContainsNoContent_ShouldNotThrow" executed="True" success="True" time="0.008" asserts="0" />
                      <test-case name="MvcContrib.UnitTests.IncludeHandling.IncludeCombinationResultStateTester.WhenConstructedViaCombinerAndKey_CombinationIsSet" executed="True" success="True" time="0.003" asserts="1" />
                    </results>
                  </test-suite>
                  <test-suite name="IncludeCombinationTester" executed="True" success="True" time="0.027" asserts="0">
                    <results>
                      <test-suite name="Equals_CorrectlyComparesCombinationToObject" executed="True" success="True" time="0.003" asserts="0">
                        <results>
                          <test-case name="MvcContrib.UnitTests.IncludeHandling.IncludeCombinationTester.Equals_CorrectlyComparesCombinationToObject(MvcContrib.UnitTests.IncludeHandling.IncludeCombinationTester+EqualsData)" executed="True" success="True" time="0.002" asserts="1" />
                          <test-case name="MvcContrib.UnitTests.IncludeHandling.IncludeCombinationTester.Equals_CorrectlyComparesCombinationToObject(MvcContrib.UnitTests.IncludeHandling.IncludeCombinationTester+EqualsData)" executed="True" success="True" time="0.000" asserts="1" />
                          <test-case name="MvcContrib.UnitTests.IncludeHandling.IncludeCombinationTester.Equals_CorrectlyComparesCombinationToObject(MvcContrib.UnitTests.IncludeHandling.IncludeCombinationTester+EqualsData)" executed="True" success="True" time="0.000" asserts="1" />
                        </results>
                      </test-suite>
                      <test-suite name="Equals_CorrectlyComparesObjectToCombination" executed="True" success="True" time="0.002" asserts="0">
                        <results>
                          <test-case name="MvcContrib.UnitTests.IncludeHandling.IncludeCombinationTester.Equals_CorrectlyComparesObjectToCombination(MvcContrib.UnitTests.IncludeHandling.IncludeCombinationTester+EqualsData)" executed="True" success="True" time="0.000" asserts="1" />
                          <test-case name="MvcContrib.UnitTests.IncludeHandling.IncludeCombinationTester.Equals_CorrectlyComparesObjectToCombination(MvcContrib.UnitTests.IncludeHandling.IncludeCombinationTester+EqualsData)" executed="True" success="True" time="0.000" asserts="1" />
                          <test-case name="MvcContrib.UnitTests.IncludeHandling.IncludeCombinationTester.Equals_CorrectlyComparesObjectToCombination(MvcContrib.UnitTests.IncludeHandling.IncludeCombinationTester+EqualsData)" executed="True" success="True" time="0.000" asserts="1" />
                        </results>
                      </test-suite>
                      <test-suite name="Equals_CorrectlyComparesTwoCombinations" executed="True" success="True" time="0.002" asserts="0">
                        <results>
                          <test-case name="MvcContrib.UnitTests.IncludeHandling.IncludeCombinationTester.Equals_CorrectlyComparesTwoCombinations(MvcContrib.UnitTests.IncludeHandling.IncludeCombinationTester+EqualsData)" executed="True" success="True" time="0.000" asserts="1" />
                          <test-case name="MvcContrib.UnitTests.IncludeHandling.IncludeCombinationTester.Equals_CorrectlyComparesTwoCombinations(MvcContrib.UnitTests.IncludeHandling.IncludeCombinationTester+EqualsData)" executed="True" success="True" time="0.000" asserts="1" />
                          <test-case name="MvcContrib.UnitTests.IncludeHandling.IncludeCombinationTester.Equals_CorrectlyComparesTwoCombinations(MvcContrib.UnitTests.IncludeHandling.IncludeCombinationTester+EqualsData)" executed="True" success="True" time="0.000" asserts="1" />
                        </results>
                      </test-suite>
                      <test-case name="MvcContrib.UnitTests.IncludeHandling.IncludeCombinationTester.Equals_CorrectlyHandlesComparisonToDifferentType" executed="True" success="True" time="0.000" asserts="1" />
                      <test-case name="MvcContrib.UnitTests.IncludeHandling.IncludeCombinationTester.Equals_CorrectlyHandlesNullCombination" executed="True" success="True" time="0.000" asserts="1" />
                      <test-case name="MvcContrib.UnitTests.IncludeHandling.IncludeCombinationTester.Equals_CorrectlyHandlesNullObject" executed="True" success="True" time="0.000" asserts="1" />
                      <test-suite name="GetResponseBodyBytes_CorrectlyCompressesCombination" executed="True" success="True" time="0.012" asserts="0">
                        <results>
                          <test-case name="MvcContrib.UnitTests.IncludeHandling.IncludeCombinationTester.GetResponseBodyBytes_CorrectlyCompressesCombination(MvcContrib.UnitTests.IncludeHandling.IncludeCombinationTester+ResponseBodyBytes)" executed="True" success="True" time="0.001" asserts="1" />
                          <test-case name="MvcContrib.UnitTests.IncludeHandling.IncludeCombinationTester.GetResponseBodyBytes_CorrectlyCompressesCombination(MvcContrib.UnitTests.IncludeHandling.IncludeCombinationTester+ResponseBodyBytes)" executed="True" success="True" time="0.008" asserts="1" />
                          <test-case name="MvcContrib.UnitTests.IncludeHandling.IncludeCombinationTester.GetResponseBodyBytes_CorrectlyCompressesCombination(MvcContrib.UnitTests.IncludeHandling.IncludeCombinationTester+ResponseBodyBytes)" executed="True" success="True" time="0.000" asserts="1" />
                        </results>
                      </test-suite>
                    </results>
                  </test-suite>
                  <test-suite name="IncludeCombinerHtmlExtensionsTester" executed="True" success="True" time="0.086" asserts="0">
                    <results>
                      <test-case name="MvcContrib.UnitTests.IncludeHandling.IncludeCombinerHtmlExtensionsTester.AddInclude_ShouldAppendIncludeToSetInViewData" executed="True" success="True" time="0.044" asserts="3" />
                      <test-case name="MvcContrib.UnitTests.IncludeHandling.IncludeCombinerHtmlExtensionsTester.AddIncludesOfDifferentTypes_ShouldAddToAppropriateSet" executed="True" success="True" time="0.005" asserts="6" />
                      <test-case name="MvcContrib.UnitTests.IncludeHandling.IncludeCombinerHtmlExtensionsTester.AddMultipleIncludes_ShouldAppendIncludeToSetInSameOrderAsAdded" executed="True" success="True" time="0.004" asserts="5" />
                      <test-case name="MvcContrib.UnitTests.IncludeHandling.IncludeCombinerHtmlExtensionsTester.AddSameIncludeMoreThanOnce_ShouldOnlyAddIncludeTheFirstTime" executed="True" success="True" time="0.004" asserts="4" />
                      <test-case name="MvcContrib.UnitTests.IncludeHandling.IncludeCombinerHtmlExtensionsTester.IncludeCss_ViaParams_ShouldWork" executed="True" success="True" time="0.004" asserts="4" />
                      <test-case name="MvcContrib.UnitTests.IncludeHandling.IncludeCombinerHtmlExtensionsTester.IncludeJs_ViaParams_ShouldWork" executed="True" success="True" time="0.004" asserts="4" />
                      <test-case name="MvcContrib.UnitTests.IncludeHandling.IncludeCombinerHtmlExtensionsTester.RenderCss_ShouldFlushTheSet" executed="True" success="True" time="0.014" asserts="2" />
                      <test-case name="MvcContrib.UnitTests.IncludeHandling.IncludeCombinerHtmlExtensionsTester.RenderJs_ShouldFlushTheSet" executed="True" success="True" time="0.005" asserts="2" />
                    </results>
                  </test-suite>
                  <test-suite name="IncludeCombinerInteractionTester" executed="True" success="True" time="0.228" asserts="0">
                    <results>
                      <test-case name="MvcContrib.UnitTests.IncludeHandling.IncludeCombinerInteractionTester.Clear_ShouldTellStorageToClear" executed="True" success="True" time="0.063" asserts="0" />
                      <test-case name="MvcContrib.UnitTests.IncludeHandling.IncludeCombinerInteractionTester.GetAllCombinations_ShouldAskStorageForCombinations" executed="True" success="True" time="0.075" asserts="1" />
                      <test-case name="MvcContrib.UnitTests.IncludeHandling.IncludeCombinerInteractionTester.GetAllIncludes_ShouldAskStorageForIncludes" executed="True" success="True" time="0.045" asserts="1" />
                      <test-case name="MvcContrib.UnitTests.IncludeHandling.IncludeCombinerInteractionTester.GetCombination_ShouldAskStorageForCombination" executed="True" success="True" time="0.004" asserts="1" />
                      <test-case name="MvcContrib.UnitTests.IncludeHandling.IncludeCombinerInteractionTester.RegisterInclude_ShouldAskStorageToStoreIt" executed="True" success="True" time="0.030" asserts="0" />
                      <test-case name="MvcContrib.UnitTests.IncludeHandling.IncludeCombinerInteractionTester.RenderIncludes_InDebugMode_ShouldClearStorage" executed="True" success="True" time="0.006" asserts="0" />
                      <test-case name="MvcContrib.UnitTests.IncludeHandling.IncludeCombinerInteractionTester.SetCombination_ShouldTellStorageToStore" executed="True" success="True" time="0.003" asserts="0" />
                    </results>
                  </test-suite>
                  <test-suite name="IncludeCombinerStateTester" executed="True" success="True" time="0.062" asserts="0">
                    <results>
                      <test-case name="MvcContrib.UnitTests.IncludeHandling.IncludeCombinerStateTester.RegisterCombination_ShouldReadAllSourcesToAddEachToTheCombination_AndReturnAHash" executed="True" success="True" time="0.011" asserts="1" />
                      <test-case name="MvcContrib.UnitTests.IncludeHandling.IncludeCombinerStateTester.RenderIncludes_ShouldWriteNothing_WhenNoSourcesArePending" executed="True" success="True" time="0.001" asserts="1" />
                      <test-suite name="RenderIncludes_ShouldWriteOutASingleReferenceToTheCompressorController_WhenInReleaseMode" executed="True" success="True" time="0.032" asserts="0">
                        <results>
                          <test-case name="MvcContrib.UnitTests.IncludeHandling.IncludeCombinerStateTester.RenderIncludes_ShouldWriteOutASingleReferenceToTheCompressorController_WhenInReleaseMode(MvcContrib.UnitTests.IncludeHandling.IncludeCombinerStateTester+RenderingInRelease)" executed="True" success="True" time="0.011" asserts="1" />
                          <test-case name="MvcContrib.UnitTests.IncludeHandling.IncludeCombinerStateTester.RenderIncludes_ShouldWriteOutASingleReferenceToTheCompressorController_WhenInReleaseMode(MvcContrib.UnitTests.IncludeHandling.IncludeCombinerStateTester+RenderingInRelease)" executed="True" success="True" time="0.011" asserts="1" />
                          <test-case name="MvcContrib.UnitTests.IncludeHandling.IncludeCombinerStateTester.RenderIncludes_ShouldWriteOutASingleReferenceToTheCompressorController_WhenInReleaseMode(MvcContrib.UnitTests.IncludeHandling.IncludeCombinerStateTester+RenderingInRelease)" executed="True" success="True" time="0.008" asserts="1" />
                        </results>
                      </test-suite>
                      <test-suite name="RenderIncludes_ShouldWriteOutEachIncludeSeparately_WhenInDebugMode" executed="True" success="True" time="0.016" asserts="0">
                        <results>
                          <test-case name="MvcContrib.UnitTests.IncludeHandling.IncludeCombinerStateTester.RenderIncludes_ShouldWriteOutEachIncludeSeparately_WhenInDebugMode(MvcContrib.UnitTests.IncludeHandling.IncludeCombinerStateTester+RenderingInDebug)" executed="True" success="True" time="0.005" asserts="1" />
                          <test-case name="MvcContrib.UnitTests.IncludeHandling.IncludeCombinerStateTester.RenderIncludes_ShouldWriteOutEachIncludeSeparately_WhenInDebugMode(MvcContrib.UnitTests.IncludeHandling.IncludeCombinerStateTester+RenderingInDebug)" executed="True" success="True" time="0.003" asserts="1" />
                          <test-case name="MvcContrib.UnitTests.IncludeHandling.IncludeCombinerStateTester.RenderIncludes_ShouldWriteOutEachIncludeSeparately_WhenInDebugMode(MvcContrib.UnitTests.IncludeHandling.IncludeCombinerStateTester+RenderingInDebug)" executed="True" success="True" time="0.008" asserts="1" />
                        </results>
                      </test-suite>
                    </results>
                  </test-suite>
                  <test-suite name="IncludeControllerTester" executed="True" success="True" time="0.115" asserts="0">
                    <results>
                      <test-case name="MvcContrib.UnitTests.IncludeHandling.IncludeControllerTester.Clear_ShouldTellCombinerToClear" executed="True" success="True" time="0.004" asserts="1" />
                      <test-case name="MvcContrib.UnitTests.IncludeHandling.IncludeControllerTester.Css_ShouldAskCombinerForCombinationMatchingKey" executed="True" success="True" time="0.004" asserts="2" />
                      <test-case name="MvcContrib.UnitTests.IncludeHandling.IncludeControllerTester.Index_ShouldAskCombinerForAllCombinations_AndAllIncludes" executed="True" success="True" time="0.008" asserts="1" />
                      <test-case name="MvcContrib.UnitTests.IncludeHandling.IncludeControllerTester.Js_ShouldAskCombinerForCombinationMatchingKey" executed="True" success="True" time="0.097" asserts="2" />
                    </results>
                  </test-suite>
                  <test-suite name="IncludeHandlingSectionHandlerTester" executed="True" success="True" time="0.040" asserts="0">
                    <results>
                      <test-case name="MvcContrib.UnitTests.IncludeHandling.IncludeHandlingSectionHandlerTester.CanChangeAllTheDefaultsEvenThoughIShouldntWriteATestWithABigSurfaceAreaLikeThisNaughtyPete" executed="True" success="True" time="0.030" asserts="15" />
                      <test-case name="MvcContrib.UnitTests.IncludeHandling.IncludeHandlingSectionHandlerTester.DefaultsAreCorrect" executed="True" success="True" time="0.004" asserts="18" />
                      <test-case name="MvcContrib.UnitTests.IncludeHandling.IncludeHandlingSectionHandlerTester.WhenPathMissingAFormatPlaceHolder_WillThrow" executed="True" success="True" time="0.002" asserts="1" />
                      <test-case name="MvcContrib.UnitTests.IncludeHandling.IncludeHandlingSectionHandlerTester.WhenPathMissingAFormatPlaceHolder_WillThrow2" executed="True" success="True" time="0.001" asserts="1" />
                    </results>
                  </test-suite>
                  <test-suite name="IncludeStorageTester" executed="True" success="True" time="0.051" asserts="0">
                    <results>
                      <test-case name="MvcContrib.UnitTests.IncludeHandling.IncludeStorageTester.GetAllCombinations_WillReturnAllCombinations" executed="True" success="True" time="0.028" asserts="1" />
                      <test-case name="MvcContrib.UnitTests.IncludeHandling.IncludeStorageTester.GetAllIncludes_WillReturnAllIncludes" executed="True" success="True" time="0.001" asserts="1" />
                      <test-case name="MvcContrib.UnitTests.IncludeHandling.IncludeStorageTester.GetCombination_WhenCombinationDoesNotExist_ReturnsNull" executed="True" success="True" time="0.001" asserts="1" />
                      <test-case name="MvcContrib.UnitTests.IncludeHandling.IncludeStorageTester.GetCombination_WhenCombinationExists_DoesNotThrow" executed="True" success="True" time="0.005" asserts="1" />
                      <test-case name="MvcContrib.UnitTests.IncludeHandling.IncludeStorageTester.StoreCombination_DoesNotThrow_WhenCombinationIsValid" executed="True" success="True" time="0.002" asserts="1" />
                      <test-case name="MvcContrib.UnitTests.IncludeHandling.IncludeStorageTester.StoreCombination_ShouldThrowWhenNull" executed="True" success="True" time="0.001" asserts="1" />
                      <test-case name="MvcContrib.UnitTests.IncludeHandling.IncludeStorageTester.StoreCombinationTwice_DoesNotThrow" executed="True" success="True" time="0.001" asserts="1" />
                      <test-case name="MvcContrib.UnitTests.IncludeHandling.IncludeStorageTester.StoreInclude_DoesNotThrow_WhenIncludeIsValid" executed="True" success="True" time="0.001" asserts="1" />
                      <test-case name="MvcContrib.UnitTests.IncludeHandling.IncludeStorageTester.StoreInclude_ShouldThrowWhenNull" executed="True" success="True" time="0.001" asserts="1" />
                      <test-case name="MvcContrib.UnitTests.IncludeHandling.IncludeStorageTester.StoreIncludeTwice_DoesNotThrow" executed="True" success="True" time="0.002" asserts="1" />
                    </results>
                  </test-suite>
                  <test-suite name="KeyGeneratorTester" executed="True" success="True" time="0.030" asserts="0">
                    <results>
                      <test-case name="MvcContrib.UnitTests.IncludeHandling.KeyGeneratorTester.Generate_WillGenerateAKeyBasedOnInput" executed="True" success="True" time="0.026" asserts="1" />
                      <test-case name="MvcContrib.UnitTests.IncludeHandling.KeyGeneratorTester.Generate_WillNotGenerateTheSameKeyForDifferentInputs" executed="True" success="True" time="0.002" asserts="1" />
                      <test-case name="MvcContrib.UnitTests.IncludeHandling.KeyGeneratorTester.Generate_WillThrowWhenInputIsNull" executed="True" success="True" time="0.001" asserts="1" />
                    </results>
                  </test-suite>
                </results>
              </test-suite>
              <test-suite name="IoC" executed="True" success="True" time="0.378" asserts="0">
                <results>
                  <test-suite name="SpringDependencyResolverTester+WhenAValidTypeIsPassed" executed="True" success="True" time="0.032" asserts="0">
                    <results>
                      <test-case name="MvcContrib.UnitTests.IoC.SpringDependencyResolverTester+WhenAValidTypeIsPassed.For_Coverage" executed="True" success="True" time="0.003" asserts="0" />
                      <test-case name="MvcContrib.UnitTests.IoC.SpringDependencyResolverTester+WhenAValidTypeIsPassed.Should_Return_Null_If_Not_Found_In_Container" executed="True" success="True" time="0.002" asserts="1" />
                      <test-case name="MvcContrib.UnitTests.IoC.SpringDependencyResolverTester+WhenAValidTypeIsPassed.ShouldReturnNestedDependency" executed="True" success="True" time="0.002" asserts="4" />
                      <test-case name="MvcContrib.UnitTests.IoC.SpringDependencyResolverTester+WhenAValidTypeIsPassed.ShouldReturnNestedDependencyAndCastToAnInterface" executed="True" success="True" time="0.002" asserts="4" />
                      <test-case name="MvcContrib.UnitTests.IoC.SpringDependencyResolverTester+WhenAValidTypeIsPassed.ShouldReturnTheSimpleDependency" executed="True" success="True" time="0.002" asserts="2" />
                      <test-case name="MvcContrib.UnitTests.IoC.SpringDependencyResolverTester+WhenAValidTypeIsPassed.ShouldReturnTheSimpleDependencyAndCastToAnInterface" executed="True" success="True" time="0.001" asserts="2" />
                      <test-case name="MvcContrib.UnitTests.IoC.SpringDependencyResolverTester+WhenAValidTypeIsPassed.Static_Dependency_Resolver_Throws_When_Not_Found_In_Resolver_And_Cannot_CreateInstance" executed="True" success="True" time="0.011" asserts="0" />
                      <test-case name="MvcContrib.UnitTests.IoC.SpringDependencyResolverTester+WhenAValidTypeIsPassed.Static_Dependency_Resolver_Wraps_Specific_Resolver" executed="True" success="True" time="0.003" asserts="3" />
                    </results>
                  </test-suite>
                  <test-suite name="StructureMapDependencyResolverTester+WhenAValidDependencyTypeIsPassed" executed="True" success="True" time="0.103" asserts="0">
                    <results>
                      <test-case name="MvcContrib.UnitTests.IoC.StructureMapDependencyResolverTester+WhenAValidDependencyTypeIsPassed.For_Coverage" executed="True" success="True" time="0.006" asserts="0" />
                      <test-case name="MvcContrib.UnitTests.IoC.StructureMapDependencyResolverTester+WhenAValidDependencyTypeIsPassed.Should_Return_Null_If_Not_Found_In_Container" executed="True" success="True" time="0.079" asserts="1" />
                      <test-case name="MvcContrib.UnitTests.IoC.StructureMapDependencyResolverTester+WhenAValidDependencyTypeIsPassed.ShouldReturnNestedDependency" executed="True" success="True" time="0.004" asserts="4" />
                      <test-case name="MvcContrib.UnitTests.IoC.StructureMapDependencyResolverTester+WhenAValidDependencyTypeIsPassed.ShouldReturnNestedDependencyAndCastToAnInterface" executed="True" success="True" time="0.003" asserts="4" />
                      <test-case name="MvcContrib.UnitTests.IoC.StructureMapDependencyResolverTester+WhenAValidDependencyTypeIsPassed.ShouldReturnTheSimpleDependency" executed="True" success="True" time="0.002" asserts="2" />
                      <test-case name="MvcContrib.UnitTests.IoC.StructureMapDependencyResolverTester+WhenAValidDependencyTypeIsPassed.ShouldReturnTheSimpleDependencyAndCastToAnInterface" executed="True" success="True" time="0.002" asserts="2" />
                      <test-case name="MvcContrib.UnitTests.IoC.StructureMapDependencyResolverTester+WhenAValidDependencyTypeIsPassed.Static_Dependency_Resolver_Throws_When_Not_Found_In_Resolver_And_Cannot_CreateInstance" executed="True" success="True" time="0.002" asserts="0" />
                      <test-case name="MvcContrib.UnitTests.IoC.StructureMapDependencyResolverTester+WhenAValidDependencyTypeIsPassed.Static_Dependency_Resolver_Wraps_Specific_Resolver" executed="True" success="True" time="0.001" asserts="3" />
                    </results>
                  </test-suite>
                  <test-suite name="UnityDependencyResolverTester+WhenAValidTypeIsPassed" executed="True" success="True" time="0.179" asserts="0">
                    <results>
                      <test-case name="MvcContrib.UnitTests.IoC.UnityDependencyResolverTester+WhenAValidTypeIsPassed.For_Coverage" executed="True" success="True" time="0.002" asserts="0" />
                      <test-case name="MvcContrib.UnitTests.IoC.UnityDependencyResolverTester+WhenAValidTypeIsPassed.ForCoverage" executed="True" success="True" time="0.001" asserts="0" />
                      <test-case name="MvcContrib.UnitTests.IoC.UnityDependencyResolverTester+WhenAValidTypeIsPassed.Should_Return_Null_If_Not_Found_In_Container" executed="True" success="True" time="0.161" asserts="1" />
                      <test-case name="MvcContrib.UnitTests.IoC.UnityDependencyResolverTester+WhenAValidTypeIsPassed.ShouldReturnNestedDependency" executed="True" success="True" time="0.002" asserts="4" />
                      <test-case name="MvcContrib.UnitTests.IoC.UnityDependencyResolverTester+WhenAValidTypeIsPassed.ShouldReturnNestedDependencyAndCastToAnInterface" executed="True" success="True" time="0.002" asserts="4" />
                      <test-case name="MvcContrib.UnitTests.IoC.UnityDependencyResolverTester+WhenAValidTypeIsPassed.ShouldReturnTheSimpleDependency" executed="True" success="True" time="0.001" asserts="2" />
                      <test-case name="MvcContrib.UnitTests.IoC.UnityDependencyResolverTester+WhenAValidTypeIsPassed.ShouldReturnTheSimpleDependencyAndCastToAnInterface" executed="True" success="True" time="0.001" asserts="2" />
                      <test-case name="MvcContrib.UnitTests.IoC.UnityDependencyResolverTester+WhenAValidTypeIsPassed.Static_Dependency_Resolver_Throws_When_Not_Found_In_Resolver_And_Cannot_CreateInstance" executed="True" success="True" time="0.005" asserts="0" />
                      <test-case name="MvcContrib.UnitTests.IoC.UnityDependencyResolverTester+WhenAValidTypeIsPassed.Static_Dependency_Resolver_Wraps_Specific_Resolver" executed="True" success="True" time="0.001" asserts="3" />
                    </results>
                  </test-suite>
                  <test-suite name="WindsorDependencyResolverTester+WhenAValidTypeIsPassed" executed="True" success="True" time="0.012" asserts="0">
                    <results>
                      <test-case name="MvcContrib.UnitTests.IoC.WindsorDependencyResolverTester+WhenAValidTypeIsPassed.For_Coverage" executed="True" success="True" time="0.000" asserts="0" />
                      <test-case name="MvcContrib.UnitTests.IoC.WindsorDependencyResolverTester+WhenAValidTypeIsPassed.ForCoverage" executed="True" success="True" time="0.000" asserts="0" />
                      <test-case name="MvcContrib.UnitTests.IoC.WindsorDependencyResolverTester+WhenAValidTypeIsPassed.Should_Return_Null_If_Not_Found_In_Container" executed="True" success="True" time="0.000" asserts="1" />
                      <test-case name="MvcContrib.UnitTests.IoC.WindsorDependencyResolverTester+WhenAValidTypeIsPassed.ShouldReturnNestedDependency" executed="True" success="True" time="0.000" asserts="4" />
                      <test-case name="MvcContrib.UnitTests.IoC.WindsorDependencyResolverTester+WhenAValidTypeIsPassed.ShouldReturnNestedDependencyAndCastToAnInterface" executed="True" success="True" time="0.001" asserts="4" />
                      <test-case name="MvcContrib.UnitTests.IoC.WindsorDependencyResolverTester+WhenAValidTypeIsPassed.ShouldReturnTheSimpleDependency" executed="True" success="True" time="0.000" asserts="2" />
                      <test-case name="MvcContrib.UnitTests.IoC.WindsorDependencyResolverTester+WhenAValidTypeIsPassed.ShouldReturnTheSimpleDependencyAndCastToAnInterface" executed="True" success="True" time="0.000" asserts="2" />
                      <test-case name="MvcContrib.UnitTests.IoC.WindsorDependencyResolverTester+WhenAValidTypeIsPassed.Static_Dependency_Resolver_Throws_When_Not_Found_In_Resolver_And_Cannot_CreateInstance" executed="True" success="True" time="0.003" asserts="0" />
                      <test-case name="MvcContrib.UnitTests.IoC.WindsorDependencyResolverTester+WhenAValidTypeIsPassed.Static_Dependency_Resolver_Wraps_Specific_Resolver" executed="True" success="True" time="0.000" asserts="3" />
                    </results>
                  </test-suite>
                  <test-suite name="WindsorDependencyResolverTester+WhenDisposeImplementationIsCalled" executed="True" success="True" time="0.003" asserts="0">
                    <results>
                      <test-case name="MvcContrib.UnitTests.IoC.WindsorDependencyResolverTester+WhenDisposeImplementationIsCalled.ThenReleaseShouldBeCalled" executed="True" success="True" time="0.003" asserts="0" />
                    </results>
                  </test-suite>
                  <test-suite name="WindsorExtensionTester+When_RegisterController_generic_is_invoked" executed="True" success="True" time="0.004" asserts="0">
                    <results>
                      <test-case name="MvcContrib.UnitTests.IoC.WindsorExtensionTester+When_RegisterController_generic_is_invoked.Then_the_lifestyle_should_be_transient" executed="True" success="True" time="0.002" asserts="1" />
                      <test-case name="MvcContrib.UnitTests.IoC.WindsorExtensionTester+When_RegisterController_generic_is_invoked.Then_the_type_should_be_registered" executed="True" success="True" time="0.001" asserts="2" />
                    </results>
                  </test-suite>
                  <test-suite name="WindsorExtensionTester+When_RegisterControllers_is_invoked_with_assemblies" executed="True" success="True" time="0.022" asserts="0">
                    <results>
                      <test-case name="MvcContrib.UnitTests.IoC.WindsorExtensionTester+When_RegisterControllers_is_invoked_with_assemblies.Then_all_controllers_in_the_assembly_should_be_registered" executed="True" success="True" time="0.017" asserts="4" />
                      <test-case name="MvcContrib.UnitTests.IoC.WindsorExtensionTester+When_RegisterControllers_is_invoked_with_assemblies.Then_lifestyles_should_be_set_to_transient" executed="True" success="True" time="0.005" asserts="2" />
                    </results>
                  </test-suite>
                  <test-suite name="WindsorExtensionTester+When_RegisterControllers_is_invoked_with_types" executed="True" success="True" time="0.003" asserts="0">
                    <results>
                      <test-case name="MvcContrib.UnitTests.IoC.WindsorExtensionTester+When_RegisterControllers_is_invoked_with_types.Then_the_lifestyle_should_be_transient" executed="True" success="True" time="0.000" asserts="1" />
                      <test-case name="MvcContrib.UnitTests.IoC.WindsorExtensionTester+When_RegisterControllers_is_invoked_with_types.Then_the_type_should_be_registered" executed="True" success="True" time="0.000" asserts="2" />
                    </results>
                  </test-suite>
                </results>
              </test-suite>
              <test-suite name="LazyPaginationTester" executed="True" success="True" time="0.081" asserts="0">
                <results>
                  <test-case name="MvcContrib.UnitTests.LazyPaginationTester.FirstItem_should_return_index_of_first_item_in_current_page" executed="True" success="True" time="0.056" asserts="1" />
                  <test-case name="MvcContrib.UnitTests.LazyPaginationTester.For_Coverage" executed="True" success="True" time="0.001" asserts="0" />
                  <test-case name="MvcContrib.UnitTests.LazyPaginationTester.HasNextPage_should_return_false_when_on_last_page" executed="True" success="True" time="0.002" asserts="1" />
                  <test-case name="MvcContrib.UnitTests.LazyPaginationTester.HasNextPage_should_return_true_when_on_first_page" executed="True" success="True" time="0.002" asserts="1" />
                  <test-case name="MvcContrib.UnitTests.LazyPaginationTester.HasPreviousPage_should_return_false_when_on_first_page" executed="True" success="True" time="0.001" asserts="1" />
                  <test-case name="MvcContrib.UnitTests.LazyPaginationTester.HasPreviousPage_should_return_true_when_not_on_first_page" executed="True" success="True" time="0.000" asserts="1" />
                  <test-case name="MvcContrib.UnitTests.LazyPaginationTester.LastItem_should_return_index_of_last_item_in_current_page" executed="True" success="True" time="0.002" asserts="1" />
                  <test-case name="MvcContrib.UnitTests.LazyPaginationTester.Should_create_pagination_with_custom_page_size" executed="True" success="True" time="0.001" asserts="1" />
                  <test-case name="MvcContrib.UnitTests.LazyPaginationTester.Should_create_pagination_with_default_page_size" executed="True" success="True" time="0.001" asserts="1" />
                  <test-case name="MvcContrib.UnitTests.LazyPaginationTester.Should_execute_query" executed="True" success="True" time="0.005" asserts="4" />
                  <test-case name="MvcContrib.UnitTests.LazyPaginationTester.Should_throw_if_page_number_is_less_than_1" executed="True" success="True" time="0.001" asserts="0" />
                </results>
              </test-suite>
              <test-suite name="MetaData" executed="True" success="True" time="0.427" asserts="0">
                <results>
                  <test-suite name="CastleBinderTester" executed="True" success="True" time="0.109" asserts="0">
                    <results>
                      <test-case name="MvcContrib.UnitTests.MetaData.CastleBinderTester.Should_be_configurable_to_bind_from_other_sources" executed="True" success="True" time="0.065" asserts="1" />
                      <test-case name="MvcContrib.UnitTests.MetaData.CastleBinderTester.Should_bind_using_custom_prefix" executed="True" success="True" time="0.006" asserts="3" />
                      <test-case name="MvcContrib.UnitTests.MetaData.CastleBinderTester.Should_bind_using_parameter_name" executed="True" success="True" time="0.006" asserts="3" />
                      <test-case name="MvcContrib.UnitTests.MetaData.CastleBinderTester.Should_only_bind_from_Form_by_default" executed="True" success="True" time="0.006" asserts="1" />
                      <test-case name="MvcContrib.UnitTests.MetaData.CastleBinderTester.When_the_controller_implements_ICastleBindingContainer_and_the_binder_is_already_set_then_it_should_be_used" executed="True" success="True" time="0.013" asserts="2" />
                      <test-case name="MvcContrib.UnitTests.MetaData.CastleBinderTester.When_the_controller_implements_ICastleBindingContainer_then_the_binder_should_be_made_accessible_to_the_controller" executed="True" success="True" time="0.010" asserts="1" />
                    </results>
                  </test-suite>
                  <test-suite name="DeserializeAttributeTester" executed="True" success="True" time="0.090" asserts="0">
                    <results>
                      <test-case name="MvcContrib.UnitTests.MetaData.DeserializeAttributeTester.CanCreateAttribute" executed="True" success="True" time="0.008" asserts="0" />
                      <test-case name="MvcContrib.UnitTests.MetaData.DeserializeAttributeTester.CanDeserializeFromAll" executed="True" success="True" time="0.013" asserts="2" />
                      <test-case name="MvcContrib.UnitTests.MetaData.DeserializeAttributeTester.CanDeserializeFromCookies" executed="True" success="True" time="0.008" asserts="3" />
                      <test-case name="MvcContrib.UnitTests.MetaData.DeserializeAttributeTester.CanDeserializeFromForm" executed="True" success="True" time="0.006" asserts="3" />
                      <test-case name="MvcContrib.UnitTests.MetaData.DeserializeAttributeTester.CanDeserializeFromParams" executed="True" success="True" time="0.007" asserts="2" />
                      <test-case name="MvcContrib.UnitTests.MetaData.DeserializeAttributeTester.CanDeserializeFromQueryString" executed="True" success="True" time="0.006" asserts="3" />
                      <test-case name="MvcContrib.UnitTests.MetaData.DeserializeAttributeTester.CanDeserializeFromRouteData" executed="True" success="True" time="0.007" asserts="3" />
                      <test-case name="MvcContrib.UnitTests.MetaData.DeserializeAttributeTester.CanDeserializeFromServerVariables" executed="True" success="True" time="0.007" asserts="3" />
                      <test-case name="MvcContrib.UnitTests.MetaData.DeserializeAttributeTester.CanDeserializeFromTempData" executed="True" success="True" time="0.007" asserts="3" />
                      <test-case name="MvcContrib.UnitTests.MetaData.DeserializeAttributeTester.Duplicates_Create_CSV_In_QString_Form_Cookies_SvrVars_TempData_RouteData_Order" executed="True" success="True" time="0.007" asserts="2" />
                      <test-case name="MvcContrib.UnitTests.MetaData.DeserializeAttributeTester.GetBinder_ReturnsInstanceOfDeserializeAttribute" executed="True" success="True" time="0.007" asserts="2" />
                    </results>
                  </test-suite>
                  <test-suite name="FilterTester" executed="True" success="True" time="0.218" asserts="0">
                    <results>
                      <test-case name="MvcContrib.UnitTests.MetaData.FilterTester.ActionShouldBeInvokedIfFilterReturnsTrue" executed="True" success="True" time="0.157" asserts="2" />
                      <test-case name="MvcContrib.UnitTests.MetaData.FilterTester.ActionShouldNotBeInvokedIfFilterReturnsFalse" executed="True" success="True" time="0.002" asserts="2" />
                      <test-case name="MvcContrib.UnitTests.MetaData.FilterTester.ActionShouldNotBeInvokedIfOneFilterReturnsTrueAndAnotherReturnsFalse" executed="True" success="True" time="0.002" asserts="2" />
                      <test-case name="MvcContrib.UnitTests.MetaData.FilterTester.PredicatePreconditionShouldNotThrowSpecifiedExceptionOnValidRequestPrecondition" executed="True" success="True" time="0.006" asserts="1" />
                      <test-case name="MvcContrib.UnitTests.MetaData.FilterTester.PredicatePreconditionShouldNotThrowSpecifiedExceptionOnValidRouteDataPrecondition" executed="True" success="True" time="0.003" asserts="1" />
                      <test-case name="MvcContrib.UnitTests.MetaData.FilterTester.PredicatePreconditionShouldThrowSpecifiedExceptionOnInvalidRequestPrecondition" executed="True" success="True" time="0.004" asserts="0" />
                      <test-case name="MvcContrib.UnitTests.MetaData.FilterTester.PredicatePreconditionShouldThrowSpecifiedExceptionOnInvalidRouteDataPrecondition" executed="True" success="True" time="0.004" asserts="0" />
                      <test-case name="MvcContrib.UnitTests.MetaData.FilterTester.PredicatePreconditionShouldThrowSpecifiedExceptionOnMissingRequestParameter" executed="True" success="True" time="0.004" asserts="0" />
                      <test-case name="MvcContrib.UnitTests.MetaData.FilterTester.PredicatePreconditionShouldThrowSpecifiedExceptionOnMissingRouteDataParameter" executed="True" success="True" time="0.002" asserts="0" />
                      <test-case name="MvcContrib.UnitTests.MetaData.FilterTester.RegExPreconditionShouldNotThrowSpecifiedExceptionOnValidRequestRegEx" executed="True" success="True" time="0.005" asserts="1" />
                      <test-case name="MvcContrib.UnitTests.MetaData.FilterTester.RegExPreconditionShouldNotThrowSpecifiedExceptionOnValidRouteDataRegEx" executed="True" success="True" time="0.004" asserts="1" />
                      <test-case name="MvcContrib.UnitTests.MetaData.FilterTester.RegExPreconditionShouldThrowSpecifiedExceptionOnInvalidRequestRegEx" executed="True" success="True" time="0.003" asserts="0" />
                      <test-case name="MvcContrib.UnitTests.MetaData.FilterTester.RegExPreconditionShouldThrowSpecifiedExceptionOnInvalidRouteDataRegEx" executed="True" success="True" time="0.006" asserts="0" />
                      <test-case name="MvcContrib.UnitTests.MetaData.FilterTester.RegExPreconditionShouldThrowSpecifiedExceptionOnMissingRequestParameter" executed="True" success="True" time="0.004" asserts="0" />
                      <test-case name="MvcContrib.UnitTests.MetaData.FilterTester.RegExPreconditionShouldThrowSpecifiedExceptionOnMissingRouteDataParameter" executed="True" success="True" time="0.002" asserts="0" />
                    </results>
                  </test-suite>
                </results>
              </test-suite>
              <test-suite name="MvcRouteTester" executed="True" success="True" time="0.045" asserts="0">
                <results>
                  <test-case name="MvcContrib.UnitTests.MvcRouteTester.Can_create_mvc_route_and_add_to_route_collection" executed="True" success="True" time="0.029" asserts="1" />
                  <test-case name="MvcContrib.UnitTests.MvcRouteTester.Can_create_mvc_route_to_method_with_actionName" executed="True" success="True" time="0.001" asserts="1" />
                  <test-case name="MvcContrib.UnitTests.MvcRouteTester.Can_create_mvc_route_to_method_with_string_defaults" executed="True" success="True" time="0.003" asserts="2" />
                  <test-case name="MvcContrib.UnitTests.MvcRouteTester.Can_create_mvc_route_with_constraints" executed="True" success="True" time="0.003" asserts="1" />
                  <test-case name="MvcContrib.UnitTests.MvcRouteTester.Can_create_mvc_route_with_default_controller_action_and_additional_defaults" executed="True" success="True" time="0.003" asserts="3" />
                  <test-case name="MvcContrib.UnitTests.MvcRouteTester.Can_create_mvc_route_with_default_controller_action_and_parameter_defaults" executed="True" success="True" time="0.001" asserts="4" />
                  <test-case name="MvcContrib.UnitTests.MvcRouteTester.Can_create_mvc_route_with_namespaces" executed="True" success="True" time="0.001" asserts="1" />
                </results>
              </test-suite>
              <test-suite name="NameValueDeserializerTester" executed="True" success="True" time="0.094" asserts="0">
                <results>
                  <test-case name="MvcContrib.UnitTests.NameValueDeserializerTester.ComplexPropertyIsSkippedIfNotInitializedAndReadOnly" executed="True" success="True" time="0.040" asserts="2" />
                  <test-case name="MvcContrib.UnitTests.NameValueDeserializerTester.DeserializeComplexGenericList" executed="True" success="True" time="0.003" asserts="7" />
                  <test-case name="MvcContrib.UnitTests.NameValueDeserializerTester.DeserializeComplexGenericListNoPrefix" executed="True" success="True" time="0.002" asserts="7" />
                  <test-case name="MvcContrib.UnitTests.NameValueDeserializerTester.DeserializeComplexObject" executed="True" success="True" time="0.000" asserts="3" />
                  <test-case name="MvcContrib.UnitTests.NameValueDeserializerTester.DeserializeComplexObjectNoPrefix" executed="True" success="True" time="0.000" asserts="3" />
                  <test-case name="MvcContrib.UnitTests.NameValueDeserializerTester.DeserializeEnumGenericListFromMultiple" executed="True" success="True" time="0.005" asserts="4" />
                  <test-case name="MvcContrib.UnitTests.NameValueDeserializerTester.DeserializeFalseBool" executed="True" success="True" time="0.001" asserts="1" />
                  <test-case name="MvcContrib.UnitTests.NameValueDeserializerTester.DeserializeFalseBoolNoPrefix" executed="True" success="True" time="0.001" asserts="1" />
                  <test-case name="MvcContrib.UnitTests.NameValueDeserializerTester.DeserializePrimitiveArray" executed="True" success="True" time="0.001" asserts="4" />
                  <test-case name="MvcContrib.UnitTests.NameValueDeserializerTester.DeserializePrimitiveArrayFromMultiple" executed="True" success="True" time="0.000" asserts="4" />
                  <test-case name="MvcContrib.UnitTests.NameValueDeserializerTester.DeserializePrimitiveGenericList" executed="True" success="True" time="0.001" asserts="4" />
                  <test-case name="MvcContrib.UnitTests.NameValueDeserializerTester.DeserializePrimitiveGenericListFromMultiple" executed="True" success="True" time="0.000" asserts="4" />
                  <test-case name="MvcContrib.UnitTests.NameValueDeserializerTester.DeserializeSimpleArray" executed="True" success="True" time="0.001" asserts="4" />
                  <test-case name="MvcContrib.UnitTests.NameValueDeserializerTester.DeserializeSimpleArrayFromMultiple" executed="True" success="True" time="0.001" asserts="4" />
                  <test-case name="MvcContrib.UnitTests.NameValueDeserializerTester.DeserializeSimpleArrayFromMultipleNoPrefix" executed="True" success="True" time="0.001" asserts="4" />
                  <test-case name="MvcContrib.UnitTests.NameValueDeserializerTester.DeserializeSimpleArrayNoPrefix" executed="True" success="True" time="0.001" asserts="4" />
                  <test-case name="MvcContrib.UnitTests.NameValueDeserializerTester.DeserializeSimpleGenericList" executed="True" success="True" time="0.003" asserts="4" />
                  <test-case name="MvcContrib.UnitTests.NameValueDeserializerTester.DeserializeSimpleGenericListFromMultiple" executed="True" success="True" time="0.001" asserts="4" />
                  <test-case name="MvcContrib.UnitTests.NameValueDeserializerTester.DeserializeSimpleGenericListFromMultipleNoPrefix" executed="True" success="True" time="0.001" asserts="4" />
                  <test-case name="MvcContrib.UnitTests.NameValueDeserializerTester.DeserializeSimpleGenericListNoPrefix" executed="True" success="True" time="0.001" asserts="4" />
                  <test-case name="MvcContrib.UnitTests.NameValueDeserializerTester.DeserializeSimpleObject" executed="True" success="True" time="0.001" asserts="2" />
                  <test-case name="MvcContrib.UnitTests.NameValueDeserializerTester.DeserializeSimpleObjectNoPrefix" executed="True" success="True" time="0.000" asserts="2" />
                  <test-case name="MvcContrib.UnitTests.NameValueDeserializerTester.DeserializeTrueBool" executed="True" success="True" time="0.001" asserts="1" />
                  <test-case name="MvcContrib.UnitTests.NameValueDeserializerTester.DeserializeTrueBoolNoPrefix" executed="True" success="True" time="0.000" asserts="1" />
                  <test-case name="MvcContrib.UnitTests.NameValueDeserializerTester.DeserializeWithEmptyArray" executed="True" success="True" time="0.001" asserts="2" />
                  <test-case name="MvcContrib.UnitTests.NameValueDeserializerTester.DeserializeWithEmptyArrayNoPrefix" executed="True" success="True" time="0.001" asserts="2" />
                  <test-case name="MvcContrib.UnitTests.NameValueDeserializerTester.EmptyCollectionReturnsNull" executed="True" success="True" time="0.000" asserts="1" />
                  <test-case name="MvcContrib.UnitTests.NameValueDeserializerTester.EmptyCollectionReturnsNullNoPrefix" executed="True" success="True" time="0.000" asserts="1" />
                  <test-case name="MvcContrib.UnitTests.NameValueDeserializerTester.EmptyPrefixThrows" executed="True" success="True" time="0.000" asserts="0" />
                  <test-case name="MvcContrib.UnitTests.NameValueDeserializerTester.EmptyValuesUseDefaultOfType" executed="True" success="True" time="0.000" asserts="2" />
                  <test-case name="MvcContrib.UnitTests.NameValueDeserializerTester.EmptyValuesUseDefaultOfTypeNoPrefix" executed="True" success="True" time="0.001" asserts="2" />
                  <test-case name="MvcContrib.UnitTests.NameValueDeserializerTester.ErrorsSettingPropertiesAreIgnored" executed="True" success="True" time="0.001" asserts="2" />
                  <test-case name="MvcContrib.UnitTests.NameValueDeserializerTester.ForCompleteness" executed="True" success="True" time="0.000" asserts="1" />
                  <test-case name="MvcContrib.UnitTests.NameValueDeserializerTester.ForCompletenessNoPrefix" executed="True" success="True" time="0.001" asserts="1" />
                  <test-case name="MvcContrib.UnitTests.NameValueDeserializerTester.ListPropertyIsSkippedIfNotInitializedAndReadOnly" executed="True" success="True" time="0.001" asserts="2" />
                  <test-case name="MvcContrib.UnitTests.NameValueDeserializerTester.NoMatchingValuesReturnsNewedObjectNoPrefix" executed="True" success="True" time="0.001" asserts="1" />
                  <test-case name="MvcContrib.UnitTests.NameValueDeserializerTester.NoRequestForPropertyShouldNotInstantiateProperty" executed="True" success="True" time="0.001" asserts="3" />
                  <test-case name="MvcContrib.UnitTests.NameValueDeserializerTester.NoRequestForPropertyShouldNotInstantiatePropertyNoPrefix" executed="True" success="True" time="0.000" asserts="3" />
                  <test-case name="MvcContrib.UnitTests.NameValueDeserializerTester.NullTargetTypeThrows" executed="True" success="True" time="0.000" asserts="0" />
                  <test-case name="MvcContrib.UnitTests.NameValueDeserializerTester.ShouldNotThrowWithNullValues" executed="True" success="True" time="0.000" asserts="0" />
                  <test-case name="MvcContrib.UnitTests.NameValueDeserializerTester.ShouldNotThrowWithNullValuesNoPrefix" executed="True" success="True" time="0.000" asserts="0" />
                </results>
              </test-suite>
              <test-suite name="RouteDebuggerTester" executed="True" success="True" time="0.044" asserts="0">
                <results>
                  <test-case name="MvcContrib.UnitTests.RouteDebuggerTester.DebugRoute_should_act_as_singleton" executed="True" success="True" time="0.001" asserts="1" />
                  <test-case name="MvcContrib.UnitTests.RouteDebuggerTester.DebugRoute_should_be_a_catchall_route_using_the_DebugRouteHandler" executed="True" success="True" time="0.000" asserts="2" />
                  <test-case name="MvcContrib.UnitTests.RouteDebuggerTester.DebugRouteHandler_should_create_DebugHttpHandler" executed="True" success="True" time="0.006" asserts="2" />
                  <test-case name="MvcContrib.UnitTests.RouteDebuggerTester.For_Coverage" executed="True" success="True" time="0.000" asserts="1" />
                  <test-case name="MvcContrib.UnitTests.RouteDebuggerTester.Handler_should_match_route" executed="True" success="True" time="0.024" asserts="1" />
                  <test-case name="MvcContrib.UnitTests.RouteDebuggerTester.Handler_should_not_match_route" executed="True" success="True" time="0.007" asserts="1" />
                  <test-case name="MvcContrib.UnitTests.RouteDebuggerTester.Should_add_debug_route" executed="True" success="True" time="0.001" asserts="1" />
                  <test-case name="MvcContrib.UnitTests.RouteDebuggerTester.Should_not_add_debug_route_if_already_added" executed="True" success="True" time="0.001" asserts="1" />
                  <test-case name="MvcContrib.UnitTests.RouteDebuggerTester.Should_rewrite_routes" executed="True" success="True" time="0.001" asserts="3" />
                </results>
              </test-suite>
              <test-suite name="Routing" executed="True" success="True" time="0.352" asserts="0">
                <results>
                  <test-suite name="RegexRouteTests" executed="True" success="True" time="0.352" asserts="0">
                    <results>
                      <test-case name="MvcContrib.UnitTests.Routing.RegexRouteTests.GetRouteDataHttpContextCallsGetRouteDataString" executed="True" success="True" time="0.278" asserts="1" />
                      <test-case name="MvcContrib.UnitTests.Routing.RegexRouteTests.RouteGeneratorCallsCustomFunctionIfProvided" executed="True" success="True" time="0.017" asserts="9" />
                      <test-case name="MvcContrib.UnitTests.Routing.RegexRouteTests.RouteGeneratorGeneratesValidRoute" executed="True" success="True" time="0.015" asserts="1" />
                      <test-case name="MvcContrib.UnitTests.Routing.RegexRouteTests.RouteGeneratorGeneratesValidRouteWithoutDefaults" executed="True" success="True" time="0.009" asserts="1" />
                      <test-case name="MvcContrib.UnitTests.Routing.RegexRouteTests.RouteGeneratorReturnsNullWhenNotAllParametersFilledIn" executed="True" success="True" time="0.010" asserts="1" />
                      <test-case name="MvcContrib.UnitTests.Routing.RegexRouteTests.ShouldHaveDefaultValuesIfPairFoundButDoesNotMatchAnything" executed="True" success="True" time="0.005" asserts="4" />
                      <test-case name="MvcContrib.UnitTests.Routing.RegexRouteTests.ShouldHaveMatchedPairIfValueFound" executed="True" success="True" time="0.007" asserts="4" />
                      <test-case name="MvcContrib.UnitTests.Routing.RegexRouteTests.ShouldNotBeNullIfRouteIsMatched" executed="True" success="True" time="0.004" asserts="2" />
                      <test-case name="MvcContrib.UnitTests.Routing.RegexRouteTests.ShouldReturnNullIfRouteIsNotMatched" executed="True" success="True" time="0.002" asserts="1" />
                    </results>
                  </test-suite>
                </results>
              </test-suite>
              <test-suite name="SimplyRestful" executed="True" success="True" time="0.335" asserts="0">
                <results>
                  <test-suite name="RestfulActionResolverTester" executed="True" success="True" time="0.028" asserts="0">
                    <results>
                      <test-case name="MvcContrib.UnitTests.SimplyRestful.RestfulActionResolverTester.ResolveAction_WithEmptyRequestHttpMethod_ReturnsNoAction" executed="True" success="True" time="0.005" asserts="1" />
                      <test-case name="MvcContrib.UnitTests.SimplyRestful.RestfulActionResolverTester.ResolveAction_WithNonPostRequest_ReturnsNoAction" executed="True" success="True" time="0.002" asserts="1" />
                      <test-case name="MvcContrib.UnitTests.SimplyRestful.RestfulActionResolverTester.ResolveAction_WithNullRequest_Throws" executed="True" success="True" time="0.003" asserts="0" />
                      <test-case name="MvcContrib.UnitTests.SimplyRestful.RestfulActionResolverTester.ResolveAction_WithPostRequestAndEmptyFormMethodValue_ReturnsNoAction" executed="True" success="True" time="0.004" asserts="1" />
                      <test-case name="MvcContrib.UnitTests.SimplyRestful.RestfulActionResolverTester.ResolveAction_WithPostRequestAndFormMethodValueDELETE_ReturnsDestroyAction" executed="True" success="True" time="0.003" asserts="1" />
                      <test-case name="MvcContrib.UnitTests.SimplyRestful.RestfulActionResolverTester.ResolveAction_WithPostRequestAndFormMethodValuePUT_ReturnsUpdateAction" executed="True" success="True" time="0.003" asserts="1" />
                      <test-case name="MvcContrib.UnitTests.SimplyRestful.RestfulActionResolverTester.ResolveAction_WithPostRequestAndInvalidFormMethodValue_ReturnsNoAction" executed="True" success="True" time="0.003" asserts="1" />
                      <test-case name="MvcContrib.UnitTests.SimplyRestful.RestfulActionResolverTester.ResolveAction_WithPostRequestAndNullForm_ReturnsNoAction" executed="True" success="True" time="0.002" asserts="1" />
                    </results>
                  </test-suite>
                  <test-suite name="SimplyRestfulRouteHandlerTester" executed="True" success="True" time="0.076" asserts="0">
                    <results>
                      <test-case name="MvcContrib.UnitTests.SimplyRestful.SimplyRestfulRouteHandlerTester.BuildRoutes_CreatesEightRoutes" executed="True" success="True" time="0.014" asserts="1" />
                      <test-case name="MvcContrib.UnitTests.SimplyRestful.SimplyRestfulRouteHandlerTester.BuildRoutes_WhenAreaHasLeadingSlash_StripsTheSlash" executed="True" success="True" time="0.002" asserts="7" />
                      <test-case name="MvcContrib.UnitTests.SimplyRestful.SimplyRestfulRouteHandlerTester.BuildRoutes_WhenAreaHasTrailingSlash_StripsTheSlash" executed="True" success="True" time="0.001" asserts="14" />
                      <test-case name="MvcContrib.UnitTests.SimplyRestful.SimplyRestfulRouteHandlerTester.BuildRoutes_WhenNullArea_CreatesDefaultRoutes" executed="True" success="True" time="0.001" asserts="7" />
                      <test-case name="MvcContrib.UnitTests.SimplyRestful.SimplyRestfulRouteHandlerTester.EnsureActionResolver_WhenResolverIsNull_ResolvesAndUsesOneFromTheContainer" executed="True" success="True" time="0.041" asserts="0" />
                      <test-case name="MvcContrib.UnitTests.SimplyRestful.SimplyRestfulRouteHandlerTester.EnsureActionResolver_WhenResolverIsNullAndCannotGetOneFromTheContainer_UsesRestfulActionResolver" executed="True" success="True" time="0.002" asserts="0" />
                      <test-case name="MvcContrib.UnitTests.SimplyRestful.SimplyRestfulRouteHandlerTester.EnsureActionResolver_WhenResolverIsUsedInTheConstructor_UsesRestfulActionResolver" executed="True" success="True" time="0.002" asserts="0" />
                      <test-case name="MvcContrib.UnitTests.SimplyRestful.SimplyRestfulRouteHandlerTester.GetHttpHandler_WithARestfulAction_SetsRouteDataAction" executed="True" success="True" time="0.005" asserts="1" />
                      <test-case name="MvcContrib.UnitTests.SimplyRestful.SimplyRestfulRouteHandlerTester.GetHttpHandler_WithoutARestfulAction_DoesNotSetRouteDataAction" executed="True" success="True" time="0.002" asserts="1" />
                    </results>
                  </test-suite>
                  <test-suite name="SimplyRestfulRouteMatchTester+WhenThereAreNoAreas" executed="True" success="True" time="0.076" asserts="0">
                    <results>
                      <test-case name="MvcContrib.UnitTests.SimplyRestful.SimplyRestfulRouteMatchTester+WhenThereAreNoAreas.GetRouteData_WithAControllerAndIdAndDeleteActionUsingAGetRequest_SetsTheDeleteAction" executed="True" success="True" time="0.008" asserts="1" />
                      <test-case name="MvcContrib.UnitTests.SimplyRestful.SimplyRestfulRouteMatchTester+WhenThereAreNoAreas.GetRouteData_WithAControllerAndIdAndEditActionUsingAGetRequest_SetsTheEditAction" executed="True" success="True" time="0.004" asserts="1" />
                      <test-case name="MvcContrib.UnitTests.SimplyRestful.SimplyRestfulRouteMatchTester+WhenThereAreNoAreas.GetRouteData_WithAControllerAndIdAndNewActionUsingAGetRequest_SetsTheNewAction" executed="True" success="True" time="0.009" asserts="1" />
                      <test-case name="MvcContrib.UnitTests.SimplyRestful.SimplyRestfulRouteMatchTester+WhenThereAreNoAreas.GetRouteData_WithAControllerAndIdUsingAGetRequest_SetsTheShowAction" executed="True" success="True" time="0.004" asserts="1" />
                      <test-case name="MvcContrib.UnitTests.SimplyRestful.SimplyRestfulRouteMatchTester+WhenThereAreNoAreas.GetRouteData_WithAControllerAndIdUsingFormMethodDelete_UsesSimplyRestfulHandler" executed="True" success="True" time="0.005" asserts="1" />
                      <test-case name="MvcContrib.UnitTests.SimplyRestful.SimplyRestfulRouteMatchTester+WhenThereAreNoAreas.GetRouteData_WithAControllerAndIdUsingFormMethodPut_UsesSimplyRestfulHandler" executed="True" success="True" time="0.004" asserts="1" />
                      <test-case name="MvcContrib.UnitTests.SimplyRestful.SimplyRestfulRouteMatchTester+WhenThereAreNoAreas.GetRouteData_WithAControllerAndIdUsingHttpGetWithAnyIdValidator_SetsTheShowAction" executed="True" success="True" time="0.006" asserts="1" />
                      <test-case name="MvcContrib.UnitTests.SimplyRestful.SimplyRestfulRouteMatchTester+WhenThereAreNoAreas.GetRouteData_WithAControllerAndIdUsingHttpGetWithAStringId_DoesNotMatch" executed="True" success="True" time="0.006" asserts="1" />
                      <test-case name="MvcContrib.UnitTests.SimplyRestful.SimplyRestfulRouteMatchTester+WhenThereAreNoAreas.GetRouteData_WithAControllerAndIdUsingHttpGetWithStringIdValidatorAndANumericId_DoesNotMatch" executed="True" success="True" time="0.007" asserts="1" />
                      <test-case name="MvcContrib.UnitTests.SimplyRestful.SimplyRestfulRouteMatchTester+WhenThereAreNoAreas.GetRouteData_WithAControllerAndIdUsingHttpMethodDelete_SetsTheDestroyAction" executed="True" success="True" time="0.005" asserts="1" />
                      <test-case name="MvcContrib.UnitTests.SimplyRestful.SimplyRestfulRouteMatchTester+WhenThereAreNoAreas.GetRouteData_WithAControllerAndIdUsingHttpPut_SetsTheUpdateAction" executed="True" success="True" time="0.005" asserts="1" />
                      <test-case name="MvcContrib.UnitTests.SimplyRestful.SimplyRestfulRouteMatchTester+WhenThereAreNoAreas.GetRouteData_WithAControllerUsingAGetRequest_SetsTheIndexAction" executed="True" success="True" time="0.004" asserts="1" />
                      <test-case name="MvcContrib.UnitTests.SimplyRestful.SimplyRestfulRouteMatchTester+WhenThereAreNoAreas.GetRouteData_WithAControllerUsingAPostRequest_SetsTheCreateAction" executed="True" success="True" time="0.005" asserts="1" />
                    </results>
                  </test-suite>
                  <test-suite name="SimplyRestfulRouteMatchTester+WhenThereIsAnAdminArea" executed="True" success="True" time="0.059" asserts="0">
                    <results>
                      <test-case name="MvcContrib.UnitTests.SimplyRestful.SimplyRestfulRouteMatchTester+WhenThereIsAnAdminArea.GetRouteData_WithAControllerAndIdAndDeleteActionUsingAGetRequest_SetsTheDeleteAction" executed="True" success="True" time="0.003" asserts="1" />
                      <test-case name="MvcContrib.UnitTests.SimplyRestful.SimplyRestfulRouteMatchTester+WhenThereIsAnAdminArea.GetRouteData_WithAControllerAndIdAndEditActionUsingAGetRequest_SetsTheEditAction" executed="True" success="True" time="0.003" asserts="1" />
                      <test-case name="MvcContrib.UnitTests.SimplyRestful.SimplyRestfulRouteMatchTester+WhenThereIsAnAdminArea.GetRouteData_WithAControllerAndIdAndNewActionUsingAGetRequest_SetsTheNewAction" executed="True" success="True" time="0.002" asserts="1" />
                      <test-case name="MvcContrib.UnitTests.SimplyRestful.SimplyRestfulRouteMatchTester+WhenThereIsAnAdminArea.GetRouteData_WithAControllerAndIdUsingAGetRequest_SetsTheShowAction" executed="True" success="True" time="0.003" asserts="1" />
                      <test-case name="MvcContrib.UnitTests.SimplyRestful.SimplyRestfulRouteMatchTester+WhenThereIsAnAdminArea.GetRouteData_WithAControllerAndIdUsingFormMethodDelete_UsesSimplyRestfulHandler" executed="True" success="True" time="0.003" asserts="1" />
                      <test-case name="MvcContrib.UnitTests.SimplyRestful.SimplyRestfulRouteMatchTester+WhenThereIsAnAdminArea.GetRouteData_WithAControllerAndIdUsingFormMethodPut_UsesSimplyRestfulHandler" executed="True" success="True" time="0.003" asserts="1" />
                      <test-case name="MvcContrib.UnitTests.SimplyRestful.SimplyRestfulRouteMatchTester+WhenThereIsAnAdminArea.GetRouteData_WithAControllerAndIdUsingHttpGetWithAnyIdValidator_SetsTheShowAction" executed="True" success="True" time="0.004" asserts="1" />
                      <test-case name="MvcContrib.UnitTests.SimplyRestful.SimplyRestfulRouteMatchTester+WhenThereIsAnAdminArea.GetRouteData_WithAControllerAndIdUsingHttpGetWithAStringId_DoesNotMatch" executed="True" success="True" time="0.005" asserts="1" />
                      <test-case name="MvcContrib.UnitTests.SimplyRestful.SimplyRestfulRouteMatchTester+WhenThereIsAnAdminArea.GetRouteData_WithAControllerAndIdUsingHttpGetWithStringIdValidatorAndANumericId_DoesNotMatch" executed="True" success="True" time="0.006" asserts="1" />
                      <test-case name="MvcContrib.UnitTests.SimplyRestful.SimplyRestfulRouteMatchTester+WhenThereIsAnAdminArea.GetRouteData_WithAControllerAndIdUsingHttpMethodDelete_SetsTheDestroyAction" executed="True" success="True" time="0.005" asserts="1" />
                      <test-case name="MvcContrib.UnitTests.SimplyRestful.SimplyRestfulRouteMatchTester+WhenThereIsAnAdminArea.GetRouteData_WithAControllerAndIdUsingHttpPut_SetsTheUpdateAction" executed="True" success="True" time="0.004" asserts="1" />
                      <test-case name="MvcContrib.UnitTests.SimplyRestful.SimplyRestfulRouteMatchTester+WhenThereIsAnAdminArea.GetRouteData_WithAControllerUsingAGetRequest_SetsTheIndexAction" executed="True" success="True" time="0.004" asserts="1" />
                      <test-case name="MvcContrib.UnitTests.SimplyRestful.SimplyRestfulRouteMatchTester+WhenThereIsAnAdminArea.GetRouteData_WithAControllerUsingAPostRequest_SetsTheCreateAction" executed="True" success="True" time="0.005" asserts="1" />
                    </results>
                  </test-suite>
                  <test-suite name="SimplyRestfulRouteMatchTester+WhenThereIsAnAreaAndSpecificController" executed="True" success="True" time="0.065" asserts="0">
                    <results>
                      <test-case name="MvcContrib.UnitTests.SimplyRestful.SimplyRestfulRouteMatchTester+WhenThereIsAnAreaAndSpecificController.GetRouteData_WithAControllerAndIdAndDeleteActionUsingAGetRequest_SetsTheDeleteAction" executed="True" success="True" time="0.006" asserts="2" />
                      <test-case name="MvcContrib.UnitTests.SimplyRestful.SimplyRestfulRouteMatchTester+WhenThereIsAnAreaAndSpecificController.GetRouteData_WithAControllerAndIdAndEditActionUsingAGetRequest_SetsTheEditAction" executed="True" success="True" time="0.003" asserts="2" />
                      <test-case name="MvcContrib.UnitTests.SimplyRestful.SimplyRestfulRouteMatchTester+WhenThereIsAnAreaAndSpecificController.GetRouteData_WithAControllerAndIdAndNewActionUsingAGetRequest_SetsTheNewAction" executed="True" success="True" time="0.002" asserts="2" />
                      <test-case name="MvcContrib.UnitTests.SimplyRestful.SimplyRestfulRouteMatchTester+WhenThereIsAnAreaAndSpecificController.GetRouteData_WithAControllerAndIdUsingAGetRequest_SetsTheShowAction" executed="True" success="True" time="0.003" asserts="2" />
                      <test-case name="MvcContrib.UnitTests.SimplyRestful.SimplyRestfulRouteMatchTester+WhenThereIsAnAreaAndSpecificController.GetRouteData_WithAControllerAndIdUsingFormMethodDelete_UsesSimplyRestfulHandler" executed="True" success="True" time="0.005" asserts="2" />
                      <test-case name="MvcContrib.UnitTests.SimplyRestful.SimplyRestfulRouteMatchTester+WhenThereIsAnAreaAndSpecificController.GetRouteData_WithAControllerAndIdUsingFormMethodPut_UsesSimplyRestfulHandler" executed="True" success="True" time="0.004" asserts="2" />
                      <test-case name="MvcContrib.UnitTests.SimplyRestful.SimplyRestfulRouteMatchTester+WhenThereIsAnAreaAndSpecificController.GetRouteData_WithAControllerAndIdUsingHttpGetWithAnyIdValidator_SetsTheShowAction" executed="True" success="True" time="0.005" asserts="2" />
                      <test-case name="MvcContrib.UnitTests.SimplyRestful.SimplyRestfulRouteMatchTester+WhenThereIsAnAreaAndSpecificController.GetRouteData_WithAControllerAndIdUsingHttpGetWithAStringId_DoesNotMatch" executed="True" success="True" time="0.006" asserts="1" />
                      <test-case name="MvcContrib.UnitTests.SimplyRestful.SimplyRestfulRouteMatchTester+WhenThereIsAnAreaAndSpecificController.GetRouteData_WithAControllerAndIdUsingHttpGetWithStringIdValidatorAndANumericId_DoesNotMatch" executed="True" success="True" time="0.006" asserts="1" />
                      <test-case name="MvcContrib.UnitTests.SimplyRestful.SimplyRestfulRouteMatchTester+WhenThereIsAnAreaAndSpecificController.GetRouteData_WithAControllerAndIdUsingHttpMethodDelete_SetsTheDestroyAction" executed="True" success="True" time="0.005" asserts="2" />
                      <test-case name="MvcContrib.UnitTests.SimplyRestful.SimplyRestfulRouteMatchTester+WhenThereIsAnAreaAndSpecificController.GetRouteData_WithAControllerAndIdUsingHttpPut_SetsTheUpdateAction" executed="True" success="True" time="0.004" asserts="2" />
                      <test-case name="MvcContrib.UnitTests.SimplyRestful.SimplyRestfulRouteMatchTester+WhenThereIsAnAreaAndSpecificController.GetRouteData_WithAControllerUsingAGetRequest_SetsTheIndexAction" executed="True" success="True" time="0.004" asserts="2" />
                      <test-case name="MvcContrib.UnitTests.SimplyRestful.SimplyRestfulRouteMatchTester+WhenThereIsAnAreaAndSpecificController.GetRouteData_WithAControllerUsingAPostRequest_SetsTheCreateAction" executed="True" success="True" time="0.007" asserts="2" />
                    </results>
                  </test-suite>
                  <test-suite name="When_The_Form_Is_Posted_With_A_Form_Field_Named_Method_And_A_Value_Of_DELETE" executed="True" success="True" time="0.004" asserts="0">
                    <categories>
                      <category name="SimplyRestfulSpecs" />
                    </categories>
                    <results>
                      <test-case name="MvcContrib.UnitTests.SimplyRestful.When_The_Form_Is_Posted_With_A_Form_Field_Named_Method_And_A_Value_Of_DELETE.Then_The_Route_Action_Should_Be_Set_To_Destroy" executed="True" success="True" time="0.003" asserts="1" />
                    </results>
                  </test-suite>
                  <test-suite name="When_The_Form_Is_Posted_With_A_Form_Field_Named_Method_And_A_Value_Of_PUT" executed="True" success="True" time="0.003" asserts="0">
                    <categories>
                      <category name="SimplyRestfulSpecs" />
                    </categories>
                    <results>
                      <test-case name="MvcContrib.UnitTests.SimplyRestful.When_The_Form_Is_Posted_With_A_Form_Field_Named_Method_And_A_Value_Of_PUT.Then_The_Route_Action_Should_Be_Set_To_Update" executed="True" success="True" time="0.003" asserts="1" />
                    </results>
                  </test-suite>
                </results>
              </test-suite>
              <test-suite name="SparkViewEngine" executed="True" success="True" time="0.080" asserts="0">
                <results>
                  <test-suite name="ViewSourceLoaderWrapperTester" executed="True" success="True" time="0.078" asserts="0">
                    <results>
                      <test-case name="MvcContrib.UnitTests.SparkViewEngine.ViewSourceLoaderWrapperTester.ResultsAreTheSame" executed="True" success="True" time="0.078" asserts="6" />
                    </results>
                  </test-suite>
                </results>
              </test-suite>
              <test-suite name="SubControllerTester" executed="True" success="True" time="0.017" asserts="0">
                <results>
                  <test-case name="MvcContrib.UnitTests.SubControllerTester.ShouldAddControllerAndActionToRouteDataAndContextIsSame" executed="True" success="True" time="0.005" asserts="3" />
                  <test-case name="MvcContrib.UnitTests.SubControllerTester.ShouldSubclassController" executed="True" success="True" time="0.000" asserts="1" />
                  <test-case name="MvcContrib.UnitTests.SubControllerTester.ShouldTakeParentControllerAndReturnAction" executed="True" success="True" time="0.008" asserts="1" />
                  <test-case name="MvcContrib.UnitTests.SubControllerTester.ShouldTrimControllerAndSubcontrollerOffTypeNameToGetControllername" executed="True" success="True" time="0.000" asserts="3" />
                  <test-case name="MvcContrib.UnitTests.SubControllerTester.ShouldUseSubControllerActionToViewDataOnIdentification" executed="True" success="True" time="0.000" asserts="1" />
                </results>
              </test-suite>
              <test-suite name="TestHelper" executed="True" success="True" time="0.758" asserts="0">
                <results>
                  <test-suite name="ActionResultHelperTester" executed="True" success="True" time="0.060" asserts="0">
                    <results>
                      <test-case name="MvcContrib.UnitTests.TestHelper.ActionResultHelperTester.ForUrl_should_return_source_Result" executed="True" success="True" time="0.001" asserts="1" />
                      <test-case name="MvcContrib.UnitTests.TestHelper.ActionResultHelperTester.ForUrl_should_throw_if_urls_do_not_match" executed="True" success="True" time="0.000" asserts="0" />
                      <test-case name="MvcContrib.UnitTests.TestHelper.ActionResultHelperTester.ForView_should_return_source_result" executed="True" success="True" time="0.000" asserts="1" />
                      <test-case name="MvcContrib.UnitTests.TestHelper.ActionResultHelperTester.ForView_should_throw_if_view_names_do_not_match" executed="True" success="True" time="0.000" asserts="0" />
                      <test-case name="MvcContrib.UnitTests.TestHelper.ActionResultHelperTester.GetParameter_should_return_reference_type_parameters" executed="True" success="True" time="0.021" asserts="1" />
                      <test-case name="MvcContrib.UnitTests.TestHelper.ActionResultHelperTester.GetParameter_should_return_value_type_parameters" executed="True" success="True" time="0.001" asserts="1" />
                      <test-case name="MvcContrib.UnitTests.TestHelper.ActionResultHelperTester.Should_chain" executed="True" success="True" time="0.004" asserts="1" />
                      <test-case name="MvcContrib.UnitTests.TestHelper.ActionResultHelperTester.Should_convert" executed="True" success="True" time="0.000" asserts="1" />
                      <test-case name="MvcContrib.UnitTests.TestHelper.ActionResultHelperTester.Should_convert_to_HttpRedirectResult" executed="True" success="True" time="0.001" asserts="1" />
                      <test-case name="MvcContrib.UnitTests.TestHelper.ActionResultHelperTester.Should_convert_to_PartialViewResult" executed="True" success="True" time="0.001" asserts="1" />
                      <test-case name="MvcContrib.UnitTests.TestHelper.ActionResultHelperTester.Should_convert_to_RedirectToRouteResult" executed="True" success="True" time="0.001" asserts="1" />
                      <test-case name="MvcContrib.UnitTests.TestHelper.ActionResultHelperTester.Should_convert_to_ViewResult" executed="True" success="True" time="0.000" asserts="1" />
                      <test-case name="MvcContrib.UnitTests.TestHelper.ActionResultHelperTester.Should_throw_when_conversiontype_is_incorrect" executed="True" success="True" time="0.000" asserts="0" />
                      <test-case name="MvcContrib.UnitTests.TestHelper.ActionResultHelperTester.ToAction_should_support_strongly_typed_controller_and_action" executed="True" success="True" time="0.003" asserts="1" />
                      <test-case name="MvcContrib.UnitTests.TestHelper.ActionResultHelperTester.ToAction_with_strongly_typed_controller_can_ignore_the_controller_suffix" executed="True" success="True" time="0.001" asserts="1" />
                      <test-case name="MvcContrib.UnitTests.TestHelper.ActionResultHelperTester.WithParameter_should_return_source_result" executed="True" success="True" time="0.001" asserts="1" />
                      <test-case name="MvcContrib.UnitTests.TestHelper.ActionResultHelperTester.WithParameter_should_throw_if_key_not_in_dictionary" executed="True" success="True" time="0.000" asserts="0" />
                      <test-case name="MvcContrib.UnitTests.TestHelper.ActionResultHelperTester.WithParameter_should_throw_if_values_are_different" executed="True" success="True" time="0.001" asserts="0" />
                      <test-case name="MvcContrib.UnitTests.TestHelper.ActionResultHelperTester.WithViewData_should_return_null_if_view_data_is_null_and_expected_type_is_reference_type" executed="True" success="True" time="0.003" asserts="1" />
                      <test-case name="MvcContrib.UnitTests.TestHelper.ActionResultHelperTester.WithViewData_should_return_view_data_if_view_data_type_is_implementation_of_generic_interface" executed="True" success="True" time="0.001" asserts="1" />
                      <test-case name="MvcContrib.UnitTests.TestHelper.ActionResultHelperTester.WithViewData_should_return_view_data_if_view_data_type_is_subclass_of_expected_type" executed="True" success="True" time="0.001" asserts="1" />
                      <test-case name="MvcContrib.UnitTests.TestHelper.ActionResultHelperTester.WithViewData_should_return_view_data_if_view_data_type_matches" executed="True" success="True" time="0.000" asserts="1" />
                      <test-case name="MvcContrib.UnitTests.TestHelper.ActionResultHelperTester.WithViewData_should_throw_exception_if_view_data_is_null_and_expected_type_is_value_type" executed="True" success="True" time="0.002" asserts="0" />
                      <test-case name="MvcContrib.UnitTests.TestHelper.ActionResultHelperTester.WithViewData_should_throw_if_view_data_type_does_not_match" executed="True" success="True" time="0.001" asserts="0" />
                    </results>
                  </test-suite>
                  <test-suite name="ControllerBuilderTests" executed="True" success="True" time="0.281" asserts="0">
                    <results>
                      <test-case name="MvcContrib.UnitTests.TestHelper.ControllerBuilderTests.CacheIsAvailable" executed="True" success="True" time="0.145" asserts="3" />
                      <test-case name="MvcContrib.UnitTests.TestHelper.ControllerBuilderTests.CanCreateControllerWithArgs" executed="True" success="True" time="0.005" asserts="2" />
                      <test-case name="MvcContrib.UnitTests.TestHelper.ControllerBuilderTests.CanCreateControllerWithIoCArgs" executed="True" success="True" time="0.007" asserts="2" />
                      <test-case name="MvcContrib.UnitTests.TestHelper.ControllerBuilderTests.CanCreateControllerWithNoArgs" executed="True" success="True" time="0.004" asserts="1" />
                      <test-case name="MvcContrib.UnitTests.TestHelper.ControllerBuilderTests.CanSpecifyApplicationPath" executed="True" success="True" time="0.005" asserts="1" />
                      <test-case name="MvcContrib.UnitTests.TestHelper.ControllerBuilderTests.CanSpecifyAppRelativeCurrentExecutionFilePath" executed="True" success="True" time="0.005" asserts="1" />
                      <test-case name="MvcContrib.UnitTests.TestHelper.ControllerBuilderTests.CanSpecifyFiles" executed="True" success="True" time="0.052" asserts="1" />
                      <test-case name="MvcContrib.UnitTests.TestHelper.ControllerBuilderTests.CanSpecifyFormVariables" executed="True" success="True" time="0.004" asserts="1" />
                      <test-case name="MvcContrib.UnitTests.TestHelper.ControllerBuilderTests.CanSpecifyPathInfol" executed="True" success="True" time="0.004" asserts="1" />
                      <test-case name="MvcContrib.UnitTests.TestHelper.ControllerBuilderTests.CanSpecifyQueryString" executed="True" success="True" time="0.013" asserts="1" />
                      <test-case name="MvcContrib.UnitTests.TestHelper.ControllerBuilderTests.CanSpecifyRawUrl" executed="True" success="True" time="0.004" asserts="1" />
                      <test-case name="MvcContrib.UnitTests.TestHelper.ControllerBuilderTests.CanSpecifyRequestAcceptTypes" executed="True" success="True" time="0.005" asserts="3" />
                      <test-case name="MvcContrib.UnitTests.TestHelper.ControllerBuilderTests.CanSpecifyRouteData" executed="True" success="True" time="0.003" asserts="1" />
                      <test-case name="MvcContrib.UnitTests.TestHelper.ControllerBuilderTests.UserShouldBeMocked" executed="True" success="True" time="0.006" asserts="1" />
                      <test-case name="MvcContrib.UnitTests.TestHelper.ControllerBuilderTests.When_params_is_invoked_it_should_return_a_combination_of_form_and_querystring" executed="True" success="True" time="0.004" asserts="2" />
                      <test-case name="MvcContrib.UnitTests.TestHelper.ControllerBuilderTests.When_response_status_is_set_it_should_persist" executed="True" success="True" time="0.005" asserts="1" />
                    </results>
                  </test-suite>
                  <test-suite name="RouteTestingExtensionsTester" executed="True" success="True" time="0.242" asserts="0">
                    <results>
                      <test-case name="MvcContrib.UnitTests.TestHelper.RouteTestingExtensionsTester.assertion_exception_should_hide_the_test_helper_frames_in_the_call_stack" executed="True" success="True" time="0.105" asserts="1" />
                      <test-case name="MvcContrib.UnitTests.TestHelper.RouteTestingExtensionsTester.should_be_able_to_detect_an_incorrect_action" executed="True" success="True" time="0.003" asserts="0" />
                      <test-case name="MvcContrib.UnitTests.TestHelper.RouteTestingExtensionsTester.should_be_able_to_detect_invalid_action_parameters" executed="True" success="True" time="0.004" asserts="0" />
                      <test-case name="MvcContrib.UnitTests.TestHelper.RouteTestingExtensionsTester.should_be_able_to_detect_when_a_controller_doesnt_match" executed="True" success="True" time="0.005" asserts="0" />
                      <test-case name="MvcContrib.UnitTests.TestHelper.RouteTestingExtensionsTester.should_be_able_to_generate_url_from_controller_action" executed="True" success="True" time="0.032" asserts="0" />
                      <test-case name="MvcContrib.UnitTests.TestHelper.RouteTestingExtensionsTester.should_be_able_to_generate_url_from_controller_action_where_action_is_default" executed="True" success="True" time="0.005" asserts="0" />
                      <test-case name="MvcContrib.UnitTests.TestHelper.RouteTestingExtensionsTester.should_be_able_to_generate_url_from_controller_action_with_parameter" executed="True" success="True" time="0.005" asserts="0" />
                      <test-case name="MvcContrib.UnitTests.TestHelper.RouteTestingExtensionsTester.should_be_able_to_generate_url_from_named_route" executed="True" success="True" time="0.009" asserts="0" />
                      <test-case name="MvcContrib.UnitTests.TestHelper.RouteTestingExtensionsTester.should_be_able_to_ignore_requests" executed="True" success="True" time="0.003" asserts="0" />
                      <test-case name="MvcContrib.UnitTests.TestHelper.RouteTestingExtensionsTester.should_be_able_to_ignore_requests_with_path_info" executed="True" success="True" time="0.002" asserts="0" />
                      <test-case name="MvcContrib.UnitTests.TestHelper.RouteTestingExtensionsTester.should_be_able_to_match_action_parameters" executed="True" success="True" time="0.004" asserts="0" />
                      <test-case name="MvcContrib.UnitTests.TestHelper.RouteTestingExtensionsTester.should_be_able_to_match_action_with_lambda" executed="True" success="True" time="0.003" asserts="0" />
                      <test-case name="MvcContrib.UnitTests.TestHelper.RouteTestingExtensionsTester.should_be_able_to_match_action_with_lambda_and_httpmethod" executed="True" success="True" time="0.007" asserts="0" />
                      <test-case name="MvcContrib.UnitTests.TestHelper.RouteTestingExtensionsTester.should_be_able_to_match_controller_from_route_data" executed="True" success="True" time="0.003" asserts="0" />
                      <test-case name="MvcContrib.UnitTests.TestHelper.RouteTestingExtensionsTester.should_be_able_to_match_non_string_action_parameters" executed="True" success="True" time="0.003" asserts="0" />
                      <test-case name="MvcContrib.UnitTests.TestHelper.RouteTestingExtensionsTester.should_be_able_to_pull_routedata_from_a_string" executed="True" success="True" time="0.003" asserts="3" />
                      <test-case name="MvcContrib.UnitTests.TestHelper.RouteTestingExtensionsTester.should_be_able_to_test_routes_directly_from_a_string" executed="True" success="True" time="0.004" asserts="0" />
                      <test-case name="MvcContrib.UnitTests.TestHelper.RouteTestingExtensionsTester.should_be_able_to_test_routes_with_member_expressions_being_used" executed="True" success="True" time="0.007" asserts="0" />
                      <test-case name="MvcContrib.UnitTests.TestHelper.RouteTestingExtensionsTester.should_be_able_to_test_routes_with_member_expressions_being_used_but_ignore_null_complex_parameteres" executed="True" success="True" time="0.004" asserts="0" />
                      <test-case name="MvcContrib.UnitTests.TestHelper.RouteTestingExtensionsTester.should_match_guid" executed="True" success="True" time="0.007" asserts="0" />
                      <test-case name="MvcContrib.UnitTests.TestHelper.RouteTestingExtensionsTester.should_not_be_able_to_get_routedata_with_wrong_httpmethod" executed="True" success="True" time="0.011" asserts="1" />
                    </results>
                  </test-suite>
                  <test-suite name="SessionTests" executed="True" success="True" time="0.146" asserts="0">
                    <results>
                      <test-case name="MvcContrib.UnitTests.TestHelper.SessionTests.Abandon_IsNotImplemnted" executed="True" success="True" time="0.007" asserts="0" />
                      <test-case name="MvcContrib.UnitTests.TestHelper.SessionTests.AddShouldAddObject" executed="True" success="True" time="0.006" asserts="2" />
                      <test-case name="MvcContrib.UnitTests.TestHelper.SessionTests.CanAddRemoveSessionVariables" executed="True" success="True" time="0.007" asserts="11" />
                      <test-case name="MvcContrib.UnitTests.TestHelper.SessionTests.CanCopySessionValuesToArray" executed="True" success="True" time="0.005" asserts="4" />
                      <test-case name="MvcContrib.UnitTests.TestHelper.SessionTests.CanSpecifySessionVariables" executed="True" success="True" time="0.005" asserts="1" />
                      <test-case name="MvcContrib.UnitTests.TestHelper.SessionTests.CodePageGet_IsNotImplemnted" executed="True" success="True" time="0.006" asserts="0" />
                      <test-case name="MvcContrib.UnitTests.TestHelper.SessionTests.CodePageSet_IsNotImplemnted" executed="True" success="True" time="0.006" asserts="0" />
                      <test-case name="MvcContrib.UnitTests.TestHelper.SessionTests.CookieMode_IsNotImplemnted" executed="True" success="True" time="0.005" asserts="0" />
                      <test-case name="MvcContrib.UnitTests.TestHelper.SessionTests.HighSessionIndexesShouldThrowArgumentOutOfRangeException" executed="True" success="True" time="0.007" asserts="0" />
                      <test-case name="MvcContrib.UnitTests.TestHelper.SessionTests.IsCookieless_IsNotImplemnted" executed="True" success="True" time="0.005" asserts="0" />
                      <test-case name="MvcContrib.UnitTests.TestHelper.SessionTests.IsNewSession_IsNotImplemnted" executed="True" success="True" time="0.004" asserts="0" />
                      <test-case name="MvcContrib.UnitTests.TestHelper.SessionTests.IsReadOnly_IsNotImplemnted" executed="True" success="True" time="0.005" asserts="0" />
                      <test-case name="MvcContrib.UnitTests.TestHelper.SessionTests.Keys_IsNotImplemnted" executed="True" success="True" time="0.004" asserts="0" />
                      <test-case name="MvcContrib.UnitTests.TestHelper.SessionTests.LCIDGet_IsNotImplemnted" executed="True" success="True" time="0.004" asserts="0" />
                      <test-case name="MvcContrib.UnitTests.TestHelper.SessionTests.LCIDSet_IsNotImplemnted" executed="True" success="True" time="0.006" asserts="0" />
                      <test-case name="MvcContrib.UnitTests.TestHelper.SessionTests.LowSessionIndexesShouldThrowArgumentOutOfRangeException" executed="True" success="True" time="0.004" asserts="0" />
                      <test-case name="MvcContrib.UnitTests.TestHelper.SessionTests.MissingSessionValueShouldReturnNull" executed="True" success="True" time="0.004" asserts="1" />
                      <test-case name="MvcContrib.UnitTests.TestHelper.SessionTests.Mode_IsNotImplemnted" executed="True" success="True" time="0.007" asserts="0" />
                      <test-case name="MvcContrib.UnitTests.TestHelper.SessionTests.RemoveAllShouldEmptySession" executed="True" success="True" time="0.004" asserts="2" />
                      <test-case name="MvcContrib.UnitTests.TestHelper.SessionTests.SessionContentsShouldReturnSessionContents" executed="True" success="True" time="0.004" asserts="2" />
                      <test-case name="MvcContrib.UnitTests.TestHelper.SessionTests.SessionID_IsNotImplemnted" executed="True" success="True" time="0.005" asserts="0" />
                      <test-case name="MvcContrib.UnitTests.TestHelper.SessionTests.SessionIsSynchronizedShouldNotFalse" executed="True" success="True" time="0.004" asserts="1" />
                      <test-case name="MvcContrib.UnitTests.TestHelper.SessionTests.SessionSyncRootShouldNotBeNull" executed="True" success="True" time="0.004" asserts="1" />
                      <test-case name="MvcContrib.UnitTests.TestHelper.SessionTests.StaticObjects_IsNotImplemnted" executed="True" success="True" time="0.005" asserts="0" />
                      <test-case name="MvcContrib.UnitTests.TestHelper.SessionTests.TimeoutGet_IsNotImplemnted" executed="True" success="True" time="0.004" asserts="0" />
                      <test-case name="MvcContrib.UnitTests.TestHelper.SessionTests.TimeoutSet_IsNotImplemnted" executed="True" success="True" time="0.004" asserts="0" />
                    </results>
                  </test-suite>
                  <test-suite name="WriteableHttpFileCollectionTests" executed="True" success="True" time="0.005" asserts="0">
                    <results>
                      <test-case name="MvcContrib.UnitTests.TestHelper.WriteableHttpFileCollectionTests.AllKeysReturnsFileNames" executed="True" success="True" time="0.003" asserts="1" />
                      <test-case name="MvcContrib.UnitTests.TestHelper.WriteableHttpFileCollectionTests.CanReadFilesWhenCastToHttpFileCollectionBase" executed="True" success="True" time="0.000" asserts="1" />
                      <test-case name="MvcContrib.UnitTests.TestHelper.WriteableHttpFileCollectionTests.CanSetAndGetWhenUsingExplicitInterface" executed="True" success="True" time="0.000" asserts="1" />
                    </results>
                  </test-suite>
                </results>
              </test-suite>
              <test-suite name="UI" executed="True" success="True" time="2.885" asserts="0">
                <results>
                  <test-suite name="ASPXViewEngine" executed="True" success="True" time="0.029" asserts="0">
                    <results>
                      <test-suite name="AutoTypeViewPageTester" executed="True" success="True" time="0.018" asserts="0">
                        <results>
                          <test-case name="MvcContrib.UnitTests.UI.ASPXViewEngine.AutoTypeViewPageTester.Accepts_Anonymous_Type" executed="True" success="True" time="0.014" asserts="3" />
                          <test-case name="MvcContrib.UnitTests.UI.ASPXViewEngine.AutoTypeViewPageTester.Accepts_Correct_Type_Without_Conversion" executed="True" success="True" time="0.001" asserts="1" />
                          <test-case name="MvcContrib.UnitTests.UI.ASPXViewEngine.AutoTypeViewPageTester.Accepts_IDictionary" executed="True" success="True" time="0.001" asserts="3" />
                          <test-case name="MvcContrib.UnitTests.UI.ASPXViewEngine.AutoTypeViewPageTester.Accepts_Null" executed="True" success="True" time="0.000" asserts="1" />
                        </results>
                      </test-suite>
                      <test-suite name="AutoTypeViewUserControlTester" executed="True" success="True" time="0.008" asserts="0">
                        <results>
                          <test-case name="MvcContrib.UnitTests.UI.ASPXViewEngine.AutoTypeViewUserControlTester.Accepts_Anonymous_Type" executed="True" success="True" time="0.005" asserts="3" />
                          <test-case name="MvcContrib.UnitTests.UI.ASPXViewEngine.AutoTypeViewUserControlTester.Accepts_Correct_Type_Without_Conversion" executed="True" success="True" time="0.001" asserts="1" />
                          <test-case name="MvcContrib.UnitTests.UI.ASPXViewEngine.AutoTypeViewUserControlTester.Accepts_IDictionary" executed="True" success="True" time="0.001" asserts="3" />
                        </results>
                      </test-suite>
                    </results>
                  </test-suite>
                  <test-suite name="BlockRendererTester+With_Action" executed="True" success="True" time="0.175" asserts="0">
                    <results>
                      <test-case name="MvcContrib.UnitTests.UI.BlockRendererTester+With_Action.Then_Response_Flush_Is_Called_Before_And_After_The_Action" executed="True" success="True" time="0.175" asserts="0" />
                    </results>
                  </test-suite>
                  <test-suite name="BlockRendererTester+With_Existing_Filter" executed="True" success="True" time="0.021" asserts="0">
                    <results>
                      <test-case name="MvcContrib.UnitTests.UI.BlockRendererTester+With_Existing_Filter.When_Capture_Then_Original_Filter_Is_Switched_And_PutBack" executed="True" success="True" time="0.008" asserts="0" />
                      <test-case name="MvcContrib.UnitTests.UI.BlockRendererTester+With_Existing_Filter.when_capture_throws_error_the_original_filter_is_restored" executed="True" success="True" time="0.006" asserts="1" />
                    </results>
                  </test-suite>
                  <test-suite name="BlockRendererTester+With_Null_Action" executed="True" success="True" time="0.001" asserts="0">
                    <results>
                      <test-case name="MvcContrib.UnitTests.UI.BlockRendererTester+With_Null_Action.Then_Returns_EmptyString" executed="True" success="True" time="0.001" asserts="1" />
                    </results>
                  </test-suite>
                  <test-suite name="CapturingResponseFilterTester+All_Properties" executed="True" success="True" time="0.006" asserts="0">
                    <results>
                      <test-case name="MvcContrib.UnitTests.UI.CapturingResponseFilterTester+All_Properties.When_CanRead_Then_True" executed="True" success="True" time="0.001" asserts="1" />
                      <test-case name="MvcContrib.UnitTests.UI.CapturingResponseFilterTester+All_Properties.When_CanSeek_Then_False" executed="True" success="True" time="0.001" asserts="1" />
                      <test-case name="MvcContrib.UnitTests.UI.CapturingResponseFilterTester+All_Properties.When_CanWrite_Then_False" executed="True" success="True" time="0.001" asserts="1" />
                      <test-case name="MvcContrib.UnitTests.UI.CapturingResponseFilterTester+All_Properties.When_Get_Length_Then_0" executed="True" success="True" time="0.001" asserts="1" />
                      <test-case name="MvcContrib.UnitTests.UI.CapturingResponseFilterTester+All_Properties.When_Seek_Then_0" executed="True" success="True" time="0.001" asserts="1" />
                      <test-case name="MvcContrib.UnitTests.UI.CapturingResponseFilterTester+All_Properties.When_Set_Position_Then_Get_Position" executed="True" success="True" time="0.001" asserts="1" />
                    </results>
                  </test-suite>
                  <test-suite name="CapturingResponseFilterTester+When_Writing" executed="True" success="True" time="0.001" asserts="0">
                    <results>
                      <test-case name="MvcContrib.UnitTests.UI.CapturingResponseFilterTester+When_Writing.Then_GetContents_Returns_The_Contents" executed="True" success="True" time="0.000" asserts="1" />
                    </results>
                  </test-suite>
                  <test-suite name="CapturingResponseFilterTester+With_Sink" executed="True" success="True" time="0.022" asserts="0">
                    <results>
                      <test-case name="MvcContrib.UnitTests.UI.CapturingResponseFilterTester+With_Sink.When_Closed_Then_Sink_Is_Closed" executed="True" success="True" time="0.004" asserts="0" />
                      <test-case name="MvcContrib.UnitTests.UI.CapturingResponseFilterTester+With_Sink.When_Flush_Then_Sink_Is_Flushed" executed="True" success="True" time="0.002" asserts="0" />
                      <test-case name="MvcContrib.UnitTests.UI.CapturingResponseFilterTester+With_Sink.When_Read_Then_Sink_Is_Read" executed="True" success="True" time="0.010" asserts="0" />
                      <test-case name="MvcContrib.UnitTests.UI.CapturingResponseFilterTester+With_Sink.When_SetLength_Then_Sink_SetLength" executed="True" success="True" time="0.002" asserts="0" />
                    </results>
                  </test-suite>
                  <test-suite name="DataList" executed="True" success="True" time="0.184" asserts="0">
                    <results>
                      <test-suite name="DataListTests" executed="True" success="True" time="0.184" asserts="0">
                        <results>
                          <test-case name="MvcContrib.UnitTests.UI.DataList.DataListTests.ByDefault_RepeatColumns_is_0" executed="True" success="True" time="0.009" asserts="1" />
                          <test-case name="MvcContrib.UnitTests.UI.DataList.DataListTests.ByDefault_RepeatDirection_is_Vertical" executed="True" success="True" time="0.005" asserts="1" />
                          <test-case name="MvcContrib.UnitTests.UI.DataList.DataListTests.Can_render_content_horizontally" executed="True" success="True" time="0.018" asserts="1" />
                          <test-case name="MvcContrib.UnitTests.UI.DataList.DataListTests.Can_render_content_vertically" executed="True" success="True" time="0.010" asserts="1" />
                          <test-case name="MvcContrib.UnitTests.UI.DataList.DataListTests.Can_set_direction_without_setting_columns_fluently" executed="True" success="True" time="0.006" asserts="1" />
                          <test-case name="MvcContrib.UnitTests.UI.DataList.DataListTests.Can_set_RepeatDirection_Horizontal_fluently" executed="True" success="True" time="0.005" asserts="1" />
                          <test-case name="MvcContrib.UnitTests.UI.DataList.DataListTests.Can_set_RepeatDirection_Vertical_fluently" executed="True" success="True" time="0.006" asserts="1" />
                          <test-case name="MvcContrib.UnitTests.UI.DataList.DataListTests.Can_set_the_amount_of_columns_fluently" executed="True" success="True" time="0.006" asserts="1" />
                          <test-case name="MvcContrib.UnitTests.UI.DataList.DataListTests.Dictionary_on_table_should_sticks" executed="True" success="True" time="0.009" asserts="1" />
                          <test-case name="MvcContrib.UnitTests.UI.DataList.DataListTests.Dictionary_on_table_should_sticks_with_empty_DataSource" executed="True" success="True" time="0.005" asserts="1" />
                          <test-case name="MvcContrib.UnitTests.UI.DataList.DataListTests.Large_lists_render_correctly_Horizontally" executed="True" success="True" time="0.008" asserts="1" />
                          <test-case name="MvcContrib.UnitTests.UI.DataList.DataListTests.Large_lists_render_correctly_Vertically" executed="True" success="True" time="0.008" asserts="1" />
                          <test-case name="MvcContrib.UnitTests.UI.DataList.DataListTests.Large_lists_render_correctly_Vertically_with_non_even_columns" executed="True" success="True" time="0.008" asserts="1" />
                          <test-case name="MvcContrib.UnitTests.UI.DataList.DataListTests.Large_lists_render_correctly_with_RepeatColumns_not_set" executed="True" success="True" time="0.012" asserts="1" />
                          <test-case name="MvcContrib.UnitTests.UI.DataList.DataListTests.Should_only_render_items_that_match_CellCondition" executed="True" success="True" time="0.006" asserts="1" />
                          <test-case name="MvcContrib.UnitTests.UI.DataList.DataListTests.Should_render_blank_table_when_DataSource_has_no_items" executed="True" success="True" time="0.006" asserts="1" />
                          <test-case name="MvcContrib.UnitTests.UI.DataList.DataListTests.Should_render_blank_table_when_DataSource_has_no_items_and_RepeatColumns_are_set" executed="True" success="True" time="0.005" asserts="1" />
                          <test-case name="MvcContrib.UnitTests.UI.DataList.DataListTests.Should_set_blank_items_with_NoItemTemplate_when_extra_columns" executed="True" success="True" time="0.006" asserts="1" />
                          <test-case name="MvcContrib.UnitTests.UI.DataList.DataListTests.When_calling_AmoutOfColumnsIs_amount_should_set_RepeatColumns" executed="True" success="True" time="0.006" asserts="1" />
                          <test-case name="MvcContrib.UnitTests.UI.DataList.DataListTests.When_DataSource_is_empty_and_EmptyDateSourceTemplate_is_not_set_should_render_blank_cell" executed="True" success="True" time="0.005" asserts="1" />
                          <test-case name="MvcContrib.UnitTests.UI.DataList.DataListTests.When_DataSource_is_empty_then_EmptyDateSourceTemplate_should_be_rendered_in_first_cell" executed="True" success="True" time="0.006" asserts="1" />
                          <test-case name="MvcContrib.UnitTests.UI.DataList.DataListTests.When_RepeatColumns_is_0_it_should_render_all_items_in_1_column" executed="True" success="True" time="0.005" asserts="1" />
                          <test-case name="MvcContrib.UnitTests.UI.DataList.DataListTests.When_setting_CellAttributes_the_sttributes_it_Sticks" executed="True" success="True" time="0.008" asserts="1" />
                        </results>
                      </test-suite>
                    </results>
                  </test-suite>
                  <test-suite name="DomBuilderTester" executed="True" success="True" time="0.007" asserts="0">
                    <results>
                      <test-case name="MvcContrib.UnitTests.UI.DomBuilderTester.When_New_With_Id" executed="True" success="True" time="0.004" asserts="1" />
                      <test-case name="MvcContrib.UnitTests.UI.DomBuilderTester.When_No_Id_AddToList_Does_Nothing" executed="True" success="True" time="0.001" asserts="1" />
                    </results>
                  </test-suite>
                  <test-suite name="DomBuilderTester+When_Using_Class" executed="True" success="True" time="0.000" asserts="0">
                    <results>
                      <test-case name="MvcContrib.UnitTests.UI.DomBuilderTester+When_Using_Class.Then_Returns_PeriodClassName" executed="True" success="True" time="0.000" asserts="1" />
                    </results>
                  </test-suite>
                  <test-suite name="DomBuilderTester+When_Using_ElementId" executed="True" success="True" time="0.000" asserts="0">
                    <results>
                      <test-case name="MvcContrib.UnitTests.UI.DomBuilderTester+When_Using_ElementId.Then_Returns_PoundElementId" executed="True" success="True" time="0.000" asserts="1" />
                    </results>
                  </test-suite>
                  <test-suite name="DomBuilderTester+When_Using_ElementIdWithClass" executed="True" success="True" time="0.000" asserts="0">
                    <results>
                      <test-case name="MvcContrib.UnitTests.UI.DomBuilderTester+When_Using_ElementIdWithClass.Then_Returns_PoundElementId_Period_ClassName" executed="True" success="True" time="0.000" asserts="1" />
                    </results>
                  </test-suite>
                  <test-suite name="DomBuilderTester+When_Using_ElementIdWithDescendantTagWithDescendantClass" executed="True" success="True" time="0.002" asserts="0">
                    <results>
                      <test-case name="MvcContrib.UnitTests.UI.DomBuilderTester+When_Using_ElementIdWithDescendantTagWithDescendantClass.Then_Returns_ElementId_Tag_ClassName" executed="True" success="True" time="0.001" asserts="1" />
                    </results>
                  </test-suite>
                  <test-suite name="DomBuilderTester+When_Using_Implicit_Casting" executed="True" success="True" time="0.000" asserts="0">
                    <results>
                      <test-case name="MvcContrib.UnitTests.UI.DomBuilderTester+When_Using_Implicit_Casting.Then_Returns_A_String" executed="True" success="True" time="0.000" asserts="1" />
                    </results>
                  </test-suite>
                  <test-suite name="DomBuilderTester+When_Using_Tag" executed="True" success="True" time="0.000" asserts="0">
                    <results>
                      <test-case name="MvcContrib.UnitTests.UI.DomBuilderTester+When_Using_Tag.Then_Returns_Tag" executed="True" success="True" time="0.000" asserts="1" />
                    </results>
                  </test-suite>
                  <test-suite name="DomBuilderTester+When_Using_TagWithClass" executed="True" success="True" time="0.001" asserts="0">
                    <results>
                      <test-case name="MvcContrib.UnitTests.UI.DomBuilderTester+When_Using_TagWithClass.Then_Returns_Tag_Period_ClassName" executed="True" success="True" time="0.001" asserts="1" />
                    </results>
                  </test-suite>
                  <test-suite name="DomBuilderTester+When_Using_TagWithDescendantClass" executed="True" success="True" time="0.000" asserts="0">
                    <results>
                      <test-case name="MvcContrib.UnitTests.UI.DomBuilderTester+When_Using_TagWithDescendantClass.Then_Returns_Tag_ClassName" executed="True" success="True" time="0.000" asserts="1" />
                    </results>
                  </test-suite>
                  <test-suite name="DomBuilderTester+When_Using_TagWithElementId" executed="True" success="True" time="0.000" asserts="0">
                    <results>
                      <test-case name="MvcContrib.UnitTests.UI.DomBuilderTester+When_Using_TagWithElementId.Then_Returns_TagPoundElementId" executed="True" success="True" time="0.000" asserts="1" />
                    </results>
                  </test-suite>
                  <test-suite name="DomBuilderTester+When_Using_TwoElementIds" executed="True" success="True" time="0.001" asserts="0">
                    <results>
                      <test-case name="MvcContrib.UnitTests.UI.DomBuilderTester+When_Using_TwoElementIds.Then_Returns_PoundElementId1_Comma_PoundElementId2" executed="True" success="True" time="0.000" asserts="1" />
                    </results>
                  </test-suite>
                  <test-suite name="DomQueryTester+WhenCreate" executed="True" success="True" time="0.004" asserts="0">
                    <results>
                      <test-case name="MvcContrib.UnitTests.UI.DomQueryTester+WhenCreate.With_A_Bunch_Of_Ids" executed="True" success="True" time="0.001" asserts="4" />
                      <test-case name="MvcContrib.UnitTests.UI.DomQueryTester+WhenCreate.With_A_Bunch_Of_Ids_Throws_When_Trying_To_Get_One_Id" executed="True" success="True" time="0.001" asserts="0" />
                      <test-case name="MvcContrib.UnitTests.UI.DomQueryTester+WhenCreate.With_A_SingleID" executed="True" success="True" time="0.001" asserts="4" />
                    </results>
                  </test-suite>
                  <test-suite name="DomQueryTester+WhenParse" executed="True" success="True" time="0.008" asserts="0">
                    <results>
                      <test-case name="MvcContrib.UnitTests.UI.DomQueryTester+WhenParse.Implicit_Cast_To_String_On_Null_Returns_Null" executed="True" success="True" time="0.000" asserts="1" />
                      <test-case name="MvcContrib.UnitTests.UI.DomQueryTester+WhenParse.Implicit_Cast_To_String_Works" executed="True" success="True" time="0.001" asserts="1" />
                      <test-case name="MvcContrib.UnitTests.UI.DomQueryTester+WhenParse.WithMultipleIds_Then_HasOnlyIds_Is_False" executed="True" success="True" time="0.004" asserts="1" />
                      <test-case name="MvcContrib.UnitTests.UI.DomQueryTester+WhenParse.WithOnlyId_Then_HasOnlyIds_Is_True" executed="True" success="True" time="0.001" asserts="1" />
                    </results>
                  </test-suite>
                  <test-suite name="ElementTester+With_All_Properties" executed="True" success="True" time="0.038" asserts="0">
                    <results>
                      <test-case name="MvcContrib.UnitTests.UI.ElementTester+With_All_Properties.Tag_Will_Close_With_Full_Tag_If_There_Is_InnerText" executed="True" success="True" time="0.006" asserts="1" />
                      <test-case name="MvcContrib.UnitTests.UI.ElementTester+With_All_Properties.Tag_With_Escaped_Flag_Has_Escaped_Content_When_Rendered" executed="True" success="True" time="0.001" asserts="1" />
                      <test-case name="MvcContrib.UnitTests.UI.ElementTester+With_All_Properties.Tag_With_Four_Or_More_Attributes_Renders_Correctly" executed="True" success="True" time="0.002" asserts="1" />
                      <test-case name="MvcContrib.UnitTests.UI.ElementTester+With_All_Properties.Use_Full_Close_Tag_Is_False" executed="True" success="True" time="0.000" asserts="1" />
                      <test-case name="MvcContrib.UnitTests.UI.ElementTester+With_All_Properties.When_Class_Is_Set_Then_Class_Is_Got" executed="True" success="True" time="0.001" asserts="2" />
                      <test-case name="MvcContrib.UnitTests.UI.ElementTester+With_All_Properties.When_Created_With_A_Tag_Then_That_Tag_Is_Got" executed="True" success="True" time="0.000" asserts="1" />
                      <test-case name="MvcContrib.UnitTests.UI.ElementTester+With_All_Properties.When_Created_Without_A_Tag_Then_The_Tag_Is_A_Div" executed="True" success="True" time="0.000" asserts="1" />
                      <test-case name="MvcContrib.UnitTests.UI.ElementTester+With_All_Properties.When_Getting_ToString_Then_Tag_Is_Generated" executed="True" success="True" time="0.001" asserts="1" />
                      <test-case name="MvcContrib.UnitTests.UI.ElementTester+With_All_Properties.When_Getting_ToString_With_A_Empty_Attribute_Then_It_Is_Not_Generated" executed="True" success="True" time="0.001" asserts="1" />
                      <test-case name="MvcContrib.UnitTests.UI.ElementTester+With_All_Properties.When_Getting_ToString_With_Id_Then_Id_Attribute_Is_Generated" executed="True" success="True" time="0.001" asserts="1" />
                      <test-case name="MvcContrib.UnitTests.UI.ElementTester+With_All_Properties.When_Id_And_Class_Are_Set_Then_Can_Enumerate_Over_Id_And_Class" executed="True" success="True" time="0.000" asserts="2" />
                      <test-case name="MvcContrib.UnitTests.UI.ElementTester+With_All_Properties.When_Id_And_Class_Are_Set_Then_Can_Enumerate_Over_Id_And_Class_NonGeneric" executed="True" success="True" time="0.001" asserts="2" />
                      <test-case name="MvcContrib.UnitTests.UI.ElementTester+With_All_Properties.When_id_has_period_should_be_replaced_with_hyphen" executed="True" success="True" time="0.000" asserts="1" />
                      <test-case name="MvcContrib.UnitTests.UI.ElementTester+With_All_Properties.When_Id_Is_Set_Then_Id_Is_Got" executed="True" success="True" time="0.001" asserts="2" />
                      <test-case name="MvcContrib.UnitTests.UI.ElementTester+With_All_Properties.When_InnerHtml_Is_Set_Then_InnerHtml_Is_Got" executed="True" success="True" time="0.000" asserts="2" />
                      <test-case name="MvcContrib.UnitTests.UI.ElementTester+With_All_Properties.When_label_element_then_for_attribute_should_have_periods_replaced_with_hyphens" executed="True" success="True" time="0.000" asserts="1" />
                      <test-case name="MvcContrib.UnitTests.UI.ElementTester+With_All_Properties.When_Not_SelfClosing_Then_TagHasEnd" executed="True" success="True" time="0.001" asserts="1" />
                      <test-case name="MvcContrib.UnitTests.UI.ElementTester+With_All_Properties.When_OnClick_Is_Set_Then_OnClick_Is_Got" executed="True" success="True" time="0.001" asserts="2" />
                      <test-case name="MvcContrib.UnitTests.UI.ElementTester+With_All_Properties.When_Selector_Is_Null_Get_ID" executed="True" success="True" time="0.001" asserts="1" />
                      <test-case name="MvcContrib.UnitTests.UI.ElementTester+With_All_Properties.When_SelfClosing_Then_SelfCloses" executed="True" success="True" time="0.000" asserts="1" />
                      <test-case name="MvcContrib.UnitTests.UI.ElementTester+With_All_Properties.When_Set_Id_Then_Get_Selector" executed="True" success="True" time="0.000" asserts="1" />
                      <test-case name="MvcContrib.UnitTests.UI.ElementTester+With_All_Properties.When_Set_Selector_Then_Get_Selector" executed="True" success="True" time="0.000" asserts="1" />
                      <test-case name="MvcContrib.UnitTests.UI.ElementTester+With_All_Properties.When_Tag_Has_No_Value_Exception_Is_Thrown" executed="True" success="True" time="0.001" asserts="1" />
                      <test-case name="MvcContrib.UnitTests.UI.ElementTester+With_All_Properties.When_Tag_Is_Set_Then_Tag_Is_Got" executed="True" success="True" time="0.001" asserts="1" />
                      <test-case name="MvcContrib.UnitTests.UI.ElementTester+With_All_Properties.When_Using_This_Id_Is_Set_And_This_Id_Is_Got_Then_This_Id_Equals_Id_Property" executed="True" success="True" time="0.001" asserts="3" />
                      <test-case name="MvcContrib.UnitTests.UI.ElementTester+With_All_Properties.When_value_is_empty_string_should_still_be_rendered" executed="True" success="True" time="0.001" asserts="1" />
                    </results>
                  </test-suite>
                  <test-suite name="Grid" executed="True" success="True" time="0.825" asserts="0">
                    <results>
                      <test-suite name="AutoColumnGridModelTester" executed="True" success="True" time="0.047" asserts="0">
                        <results>
                          <test-case name="MvcContrib.UnitTests.UI.Grid.AutoColumnGridModelTester.Calling_AutoGenerateColumns_should_set_gridmodel" executed="True" success="True" time="0.042" asserts="1" />
                          <test-case name="MvcContrib.UnitTests.UI.Grid.AutoColumnGridModelTester.Should_generate_columns" executed="True" success="True" time="0.005" asserts="3" />
                        </results>
                      </test-suite>
                      <test-suite name="ColumnBuilderTester" executed="True" success="True" time="0.068" asserts="0">
                        <results>
                          <test-case name="MvcContrib.UnitTests.UI.Grid.ColumnBuilderTester.Column_should_not_be_visible" executed="True" success="True" time="0.008" asserts="1" />
                          <test-case name="MvcContrib.UnitTests.UI.Grid.ColumnBuilderTester.ColumnType_should_return_the_Type_of_the_property_referenced_by_the_column" executed="True" success="True" time="0.001" asserts="1" />
                          <test-case name="MvcContrib.UnitTests.UI.Grid.ColumnBuilderTester.DisplayName_should_be_null_if_no_name_specified_and_not_MemberExpression" executed="True" success="True" time="0.002" asserts="1" />
                          <test-case name="MvcContrib.UnitTests.UI.Grid.ColumnBuilderTester.DisplayName_should_be_split_pascal_case" executed="True" success="True" time="0.003" asserts="1" />
                          <test-case name="MvcContrib.UnitTests.UI.Grid.ColumnBuilderTester.DisplayName_should_not_be_split_if_DoNotSplit_specified" executed="True" success="True" time="0.002" asserts="1" />
                          <test-case name="MvcContrib.UnitTests.UI.Grid.ColumnBuilderTester.DisplayName_should_not_be_split_when_explicit_name_specified" executed="True" success="True" time="0.001" asserts="1" />
                          <test-case name="MvcContrib.UnitTests.UI.Grid.ColumnBuilderTester.Name_should_be_null_if_no_name_specified_and_not_MemberExpression" executed="True" success="True" time="0.001" asserts="1" />
                          <test-case name="MvcContrib.UnitTests.UI.Grid.ColumnBuilderTester.Name_should_not_be_split_pascal_case" executed="True" success="True" time="0.001" asserts="1" />
                          <test-case name="MvcContrib.UnitTests.UI.Grid.ColumnBuilderTester.Shold_build_column_with_name" executed="True" success="True" time="0.001" asserts="1" />
                          <test-case name="MvcContrib.UnitTests.UI.Grid.ColumnBuilderTester.Should_add_column" executed="True" success="True" time="0.001" asserts="1" />
                          <test-case name="MvcContrib.UnitTests.UI.Grid.ColumnBuilderTester.Should_build_column_with_displayname" executed="True" success="True" time="0.000" asserts="1" />
                          <test-case name="MvcContrib.UnitTests.UI.Grid.ColumnBuilderTester.Should_clear" executed="True" success="True" time="0.001" asserts="1" />
                          <test-case name="MvcContrib.UnitTests.UI.Grid.ColumnBuilderTester.Should_contain_column" executed="True" success="True" time="0.001" asserts="1" />
                          <test-case name="MvcContrib.UnitTests.UI.Grid.ColumnBuilderTester.Should_copy_to_array" executed="True" success="True" time="0.002" asserts="1" />
                          <test-case name="MvcContrib.UnitTests.UI.Grid.ColumnBuilderTester.Should_count_columns" executed="True" success="True" time="0.001" asserts="1" />
                          <test-case name="MvcContrib.UnitTests.UI.Grid.ColumnBuilderTester.Should_create_custom_column" executed="True" success="True" time="0.003" asserts="1" />
                          <test-case name="MvcContrib.UnitTests.UI.Grid.ColumnBuilderTester.Should_create_custom_column_with_displayname" executed="True" success="True" time="0.000" asserts="1" />
                          <test-case name="MvcContrib.UnitTests.UI.Grid.ColumnBuilderTester.Should_define_columns" executed="True" success="True" time="0.001" asserts="1" />
                          <test-case name="MvcContrib.UnitTests.UI.Grid.ColumnBuilderTester.Should_format_item" executed="True" success="True" time="0.002" asserts="1" />
                          <test-case name="MvcContrib.UnitTests.UI.Grid.ColumnBuilderTester.Should_html_encode_output" executed="True" success="True" time="0.001" asserts="1" />
                          <test-case name="MvcContrib.UnitTests.UI.Grid.ColumnBuilderTester.Should_infer_column_displayname_from_lambda" executed="True" success="True" time="0.001" asserts="1" />
                          <test-case name="MvcContrib.UnitTests.UI.Grid.ColumnBuilderTester.Should_infer_column_name_from_lambda" executed="True" success="True" time="0.000" asserts="1" />
                          <test-case name="MvcContrib.UnitTests.UI.Grid.ColumnBuilderTester.Should_not_be_readonly" executed="True" success="True" time="0.000" asserts="1" />
                          <test-case name="MvcContrib.UnitTests.UI.Grid.ColumnBuilderTester.Should_not_html_encode_output" executed="True" success="True" time="0.001" asserts="1" />
                          <test-case name="MvcContrib.UnitTests.UI.Grid.ColumnBuilderTester.Should_not_return_value_when_CellCondition_returns_false" executed="True" success="True" time="0.002" asserts="1" />
                          <test-case name="MvcContrib.UnitTests.UI.Grid.ColumnBuilderTester.Should_obtain_value" executed="True" success="True" time="0.001" asserts="1" />
                          <test-case name="MvcContrib.UnitTests.UI.Grid.ColumnBuilderTester.Should_remove_column" executed="True" success="True" time="0.002" asserts="1" />
                          <test-case name="MvcContrib.UnitTests.UI.Grid.ColumnBuilderTester.Should_specify_header_attributes" executed="True" success="True" time="0.002" asserts="1" />
                          <test-case name="MvcContrib.UnitTests.UI.Grid.ColumnBuilderTester.Should_specify_header_attributes_using_lambdas" executed="True" success="True" time="0.003" asserts="1" />
                        </results>
                      </test-suite>
                      <test-suite name="GridExtensionTester" executed="True" success="True" time="0.023" asserts="0">
                        <results>
                          <test-case name="MvcContrib.UnitTests.UI.Grid.GridExtensionTester.Should_create_grid_from_viewdata" executed="True" success="True" time="0.011" asserts="2" />
                          <test-case name="MvcContrib.UnitTests.UI.Grid.GridExtensionTester.Should_create_grid_with_explict_data" executed="True" success="True" time="0.005" asserts="2" />
                          <test-case name="MvcContrib.UnitTests.UI.Grid.GridExtensionTester.Should_throw_if_item_in_viewdata_is_not_IEnumerable_T" executed="True" success="True" time="0.005" asserts="0" />
                        </results>
                      </test-suite>
                      <test-suite name="GridModelTester" executed="True" success="True" time="0.046" asserts="0">
                        <results>
                          <test-case name="MvcContrib.UnitTests.UI.Grid.GridModelTester.Should_be_able_to_specify_renderer" executed="True" success="True" time="0.029" asserts="1" />
                          <test-case name="MvcContrib.UnitTests.UI.Grid.GridModelTester.Should_define_columns_using_ColumnFor" executed="True" success="True" time="0.001" asserts="1" />
                          <test-case name="MvcContrib.UnitTests.UI.Grid.GridModelTester.Should_define_empty_text" executed="True" success="True" time="0.000" asserts="1" />
                          <test-case name="MvcContrib.UnitTests.UI.Grid.GridModelTester.Should_define_sections" executed="True" success="True" time="0.008" asserts="1" />
                          <test-case name="MvcContrib.UnitTests.UI.Grid.GridModelTester.Should_store_attributes" executed="True" success="True" time="0.002" asserts="1" />
                          <test-case name="MvcContrib.UnitTests.UI.Grid.GridModelTester.Should_store_attributes_with_lambdas" executed="True" success="True" time="0.001" asserts="1" />
                        </results>
                      </test-suite>
                      <test-suite name="GridRendererTester" executed="True" success="True" time="0.231" asserts="0">
                        <results>
                          <test-case name="MvcContrib.UnitTests.UI.Grid.GridRendererTester.Alternating_rows_should_have_correct_css_class" executed="True" success="True" time="0.054" asserts="1" />
                          <test-case name="MvcContrib.UnitTests.UI.Grid.GridRendererTester.Column_heading_should_be_empty" executed="True" success="True" time="0.011" asserts="1" />
                          <test-case name="MvcContrib.UnitTests.UI.Grid.GridRendererTester.Column_should_be_rendered_using_custom_partial" executed="True" success="True" time="0.012" asserts="1" />
                          <test-case name="MvcContrib.UnitTests.UI.Grid.GridRendererTester.Complicated_column" executed="True" success="True" time="0.004" asserts="1" />
                          <test-case name="MvcContrib.UnitTests.UI.Grid.GridRendererTester.Custom_column_should_use_partial_with_same_name_as_column" executed="True" success="True" time="0.004" asserts="1" />
                          <test-case name="MvcContrib.UnitTests.UI.Grid.GridRendererTester.Custom_column_with_custom_partial" executed="True" success="True" time="0.004" asserts="1" />
                          <test-case name="MvcContrib.UnitTests.UI.Grid.GridRendererTester.Custom_html_attrs" executed="True" success="True" time="0.006" asserts="1" />
                          <test-case name="MvcContrib.UnitTests.UI.Grid.GridRendererTester.Custom_item_section" executed="True" success="True" time="0.006" asserts="1" />
                          <test-case name="MvcContrib.UnitTests.UI.Grid.GridRendererTester.Header_should_be_split_pascal_case" executed="True" success="True" time="0.004" asserts="1" />
                          <test-case name="MvcContrib.UnitTests.UI.Grid.GridRendererTester.Should_render" executed="True" success="True" time="0.004" asserts="1" />
                          <test-case name="MvcContrib.UnitTests.UI.Grid.GridRendererTester.Should_render_custom_attributes_for_header_row" executed="True" success="True" time="0.006" asserts="1" />
                          <test-case name="MvcContrib.UnitTests.UI.Grid.GridRendererTester.Should_render_custom_attributes_for_row" executed="True" success="True" time="0.005" asserts="1" />
                          <test-case name="MvcContrib.UnitTests.UI.Grid.GridRendererTester.Should_render_custom_attributes_in_table_cell" executed="True" success="True" time="0.007" asserts="1" />
                          <test-case name="MvcContrib.UnitTests.UI.Grid.GridRendererTester.Should_render_custom_attributes_in_table_cell_with_logic" executed="True" success="True" time="0.006" asserts="1" />
                          <test-case name="MvcContrib.UnitTests.UI.Grid.GridRendererTester.Should_render_custom_attributes_when_Attributes_called_multiple_times" executed="True" success="True" time="0.005" asserts="1" />
                          <test-case name="MvcContrib.UnitTests.UI.Grid.GridRendererTester.Should_render_custom_css_class_for_row" executed="True" success="True" time="0.005" asserts="1" />
                          <test-case name="MvcContrib.UnitTests.UI.Grid.GridRendererTester.Should_render_custom_row_end" executed="True" success="True" time="0.007" asserts="1" />
                          <test-case name="MvcContrib.UnitTests.UI.Grid.GridRendererTester.Should_render_custom_row_start" executed="True" success="True" time="0.003" asserts="1" />
                          <test-case name="MvcContrib.UnitTests.UI.Grid.GridRendererTester.Should_render_custom_row_start_with_action" executed="True" success="True" time="0.007" asserts="1" />
                          <test-case name="MvcContrib.UnitTests.UI.Grid.GridRendererTester.Should_render_custom_row_start_with_action_alternate" executed="True" success="True" time="0.007" asserts="1" />
                          <test-case name="MvcContrib.UnitTests.UI.Grid.GridRendererTester.Should_render_custom_row_start_with_alternate_row" executed="True" success="True" time="0.004" asserts="1" />
                          <test-case name="MvcContrib.UnitTests.UI.Grid.GridRendererTester.Should_render_empty_table" executed="True" success="True" time="0.003" asserts="1" />
                          <test-case name="MvcContrib.UnitTests.UI.Grid.GridRendererTester.Should_render_empty_table_when_collection_is_empty" executed="True" success="True" time="0.003" asserts="1" />
                          <test-case name="MvcContrib.UnitTests.UI.Grid.GridRendererTester.Should_render_empty_table_with_custom_message" executed="True" success="True" time="0.004" asserts="1" />
                          <test-case name="MvcContrib.UnitTests.UI.Grid.GridRendererTester.Should_render_header_attributes" executed="True" success="True" time="0.003" asserts="1" />
                          <test-case name="MvcContrib.UnitTests.UI.Grid.GridRendererTester.Should_render_header_attributes_when_rendering_custom_row_start" executed="True" success="True" time="0.006" asserts="1" />
                          <test-case name="MvcContrib.UnitTests.UI.Grid.GridRendererTester.Should_render_with_custom_Header" executed="True" success="True" time="0.009" asserts="1" />
                          <test-case name="MvcContrib.UnitTests.UI.Grid.GridRendererTester.Should_render_with_custom_header_section" executed="True" success="True" time="0.007" asserts="1" />
                          <test-case name="MvcContrib.UnitTests.UI.Grid.GridRendererTester.With_cell_condition" executed="True" success="True" time="0.007" asserts="1" />
                          <test-case name="MvcContrib.UnitTests.UI.Grid.GridRendererTester.With_col_condition" executed="True" success="True" time="0.004" asserts="1" />
                          <test-case name="MvcContrib.UnitTests.UI.Grid.GridRendererTester.With_format" executed="True" success="True" time="0.004" asserts="1" />
                        </results>
                      </test-suite>
                      <test-suite name="GridTester" executed="True" success="True" time="0.252" asserts="0">
                        <results>
                          <test-case name="MvcContrib.UnitTests.UI.Grid.GridTester.Columns_should_be_stored" executed="True" success="True" time="0.004" asserts="1" />
                          <test-case name="MvcContrib.UnitTests.UI.Grid.GridTester.Custom_attributes_should_be_stored" executed="True" success="True" time="0.001" asserts="1" />
                          <test-case name="MvcContrib.UnitTests.UI.Grid.GridTester.Custom_attributes_should_be_stored_using_lambdas" executed="True" success="True" time="0.001" asserts="1" />
                          <test-case name="MvcContrib.UnitTests.UI.Grid.GridTester.Empty_text_should_be_stored" executed="True" success="True" time="0.001" asserts="1" />
                          <test-case name="MvcContrib.UnitTests.UI.Grid.GridTester.Renders_to_provided_renderer_by_default" executed="True" success="True" time="0.003" asserts="1" />
                          <test-case name="MvcContrib.UnitTests.UI.Grid.GridTester.RowEnd_actoion_should_be_stored_when_rendered" executed="True" success="True" time="0.007" asserts="1" />
                          <test-case name="MvcContrib.UnitTests.UI.Grid.GridTester.RowEnd_section_should_be_stored_when_rendered" executed="True" success="True" time="0.005" asserts="1" />
                          <test-case name="MvcContrib.UnitTests.UI.Grid.GridTester.RowStart_action_context_should_be_stored_when_rendered" executed="True" success="True" time="0.003" asserts="1" />
                          <test-case name="MvcContrib.UnitTests.UI.Grid.GridTester.RowStart_action_should_be_stored_when_rendered" executed="True" success="True" time="0.003" asserts="1" />
                          <test-case name="MvcContrib.UnitTests.UI.Grid.GridTester.RowStart_section_should_be_stored_when_rendered" executed="True" success="True" time="0.004" asserts="1" />
                          <test-case name="MvcContrib.UnitTests.UI.Grid.GridTester.Should_create_sortable_datasource_with_sortable_columns" executed="True" success="True" time="0.065" asserts="1" />
                          <test-case name="MvcContrib.UnitTests.UI.Grid.GridTester.Should_not_be_sortable_when_not_set" executed="True" success="True" time="0.010" asserts="2" />
                          <test-case name="MvcContrib.UnitTests.UI.Grid.GridTester.Should_specify_custom_model" executed="True" success="True" time="0.114" asserts="0" />
                          <test-case name="MvcContrib.UnitTests.UI.Grid.GridTester.Should_Store_custom_attributes_for_header_row" executed="True" success="True" time="0.002" asserts="1" />
                          <test-case name="MvcContrib.UnitTests.UI.Grid.GridTester.Should_store_custom_attributes_for_row" executed="True" success="True" time="0.003" asserts="1" />
                          <test-case name="MvcContrib.UnitTests.UI.Grid.GridTester.Should_store_sorted_column_options" executed="True" success="True" time="0.011" asserts="2" />
                          <test-case name="MvcContrib.UnitTests.UI.Grid.GridTester.Should_use_custom_renderer" executed="True" success="True" time="0.004" asserts="1" />
                        </results>
                      </test-suite>
                      <test-suite name="SortableColumnRenderTester" executed="True" success="True" time="0.048" asserts="0">
                        <results>
                          <test-case name="MvcContrib.UnitTests.UI.Grid.SortableColumnRenderTester.Should_render_sortable_column_link" executed="True" success="True" time="0.016" asserts="1" />
                          <test-case name="MvcContrib.UnitTests.UI.Grid.SortableColumnRenderTester.Should_render_with_alternate_query_params" executed="True" success="True" time="0.008" asserts="1" />
                          <test-case name="MvcContrib.UnitTests.UI.Grid.SortableColumnRenderTester.Should_retain_existing_parameters" executed="True" success="True" time="0.006" asserts="1" />
                          <test-case name="MvcContrib.UnitTests.UI.Grid.SortableColumnRenderTester.Should_retain_existing_path" executed="True" success="True" time="0.012" asserts="1" />
                        </results>
                      </test-suite>
                      <test-suite name="SortableGridRendererTests" executed="True" success="True" time="0.087" asserts="0">
                        <results>
                          <test-case name="MvcContrib.UnitTests.UI.Grid.SortableGridRendererTests.Should_set_alternate_query_params" executed="True" success="True" time="0.036" asserts="2" />
                          <test-case name="MvcContrib.UnitTests.UI.Grid.SortableGridRendererTests.Should_set_datasource_sort_options_from_request" executed="True" success="True" time="0.019" asserts="2" />
                          <test-case name="MvcContrib.UnitTests.UI.Grid.SortableGridRendererTests.Should_set_descending_sortorder_on_current_column" executed="True" success="True" time="0.022" asserts="1" />
                          <test-case name="MvcContrib.UnitTests.UI.Grid.SortableGridRendererTests.Should_set_descending_sortorder_on_default_column" executed="True" success="True" time="0.007" asserts="1" />
                        </results>
                      </test-suite>
                    </results>
                  </test-suite>
                  <test-suite name="Html" executed="True" success="True" time="0.886" asserts="0">
                    <results>
                      <test-suite name="GridColumnBuilderTester" executed="True" success="True" time="0.045" asserts="0">
                        <results>
                          <test-case name="MvcContrib.UnitTests.UI.Html.GridColumnBuilderTester.Calling_CellCondition_should_set_CellCondition" executed="True" success="True" time="0.011" asserts="1" />
                          <test-case name="MvcContrib.UnitTests.UI.Html.GridColumnBuilderTester.Calling_ColumnCondition_should_set_ColumnCondition" executed="True" success="True" time="0.002" asserts="1" />
                          <test-case name="MvcContrib.UnitTests.UI.Html.GridColumnBuilderTester.Calling_Do_should_set_custom_renderer" executed="True" success="True" time="0.002" asserts="1" />
                          <test-case name="MvcContrib.UnitTests.UI.Html.GridColumnBuilderTester.Calling_DoNotEncode_should_set_Encode_to_false" executed="True" success="True" time="0.003" asserts="2" />
                          <test-case name="MvcContrib.UnitTests.UI.Html.GridColumnBuilderTester.Calling_Header_should_set_custom_header_renderer" executed="True" success="True" time="0.002" asserts="1" />
                          <test-case name="MvcContrib.UnitTests.UI.Html.GridColumnBuilderTester.Calling_HeaderAttributes_should_set_attributes_for_column" executed="True" success="True" time="0.001" asserts="1" />
                          <test-case name="MvcContrib.UnitTests.UI.Html.GridColumnBuilderTester.Calling_RowEnd_should_set_RowEndBlock" executed="True" success="True" time="0.000" asserts="1" />
                          <test-case name="MvcContrib.UnitTests.UI.Html.GridColumnBuilderTester.Calling_RowStart_should_set_RowStartBlock" executed="True" success="True" time="0.001" asserts="1" />
                          <test-case name="MvcContrib.UnitTests.UI.Html.GridColumnBuilderTester.For_Coverage" executed="True" success="True" time="0.002" asserts="0" />
                          <test-case name="MvcContrib.UnitTests.UI.Html.GridColumnBuilderTester.Should_identify_column_name_from_expression" executed="True" success="True" time="0.002" asserts="1" />
                          <test-case name="MvcContrib.UnitTests.UI.Html.GridColumnBuilderTester.Should_identify_column_name_from_expression_and_not_split_pascal_casing" executed="True" success="True" time="0.002" asserts="1" />
                          <test-case name="MvcContrib.UnitTests.UI.Html.GridColumnBuilderTester.Should_identify_column_name_from_expression_and_split_pascal_casing" executed="True" success="True" time="0.002" asserts="1" />
                          <test-case name="MvcContrib.UnitTests.UI.Html.GridColumnBuilderTester.Should_invoke_delegate_to_retrieve_value" executed="True" success="True" time="0.002" asserts="1" />
                          <test-case name="MvcContrib.UnitTests.UI.Html.GridColumnBuilderTester.Should_not_split_if_space_already_in_name" executed="True" success="True" time="0.001" asserts="1" />
                          <test-case name="MvcContrib.UnitTests.UI.Html.GridColumnBuilderTester.Should_use_alias" executed="True" success="True" time="0.002" asserts="1" />
                          <test-case name="MvcContrib.UnitTests.UI.Html.GridColumnBuilderTester.Should_use_custom_formatting" executed="True" success="True" time="0.002" asserts="1" />
                        </results>
                      </test-suite>
                      <test-suite name="HtmlGridTester" executed="True" success="True" time="0.473" asserts="0">
                        <results>
                          <test-case name="MvcContrib.UnitTests.UI.Html.HtmlGridTester.Alternating_rows_should_have_correct_css_class" executed="True" success="True" time="0.058" asserts="1" />
                          <test-case name="MvcContrib.UnitTests.UI.Html.HtmlGridTester.Column_heading_should_be_empty" executed="True" success="True" time="0.010" asserts="1" />
                          <test-case name="MvcContrib.UnitTests.UI.Html.HtmlGridTester.Complicated_column" executed="True" success="True" time="0.006" asserts="1" />
                          <test-case name="MvcContrib.UnitTests.UI.Html.HtmlGridTester.Custom_html_attrs" executed="True" success="True" time="0.008" asserts="1" />
                          <test-case name="MvcContrib.UnitTests.UI.Html.HtmlGridTester.Custom_item_section" executed="True" success="True" time="0.006" asserts="1" />
                          <test-case name="MvcContrib.UnitTests.UI.Html.HtmlGridTester.Header_should_be_split_pascal_case" executed="True" success="True" time="0.012" asserts="1" />
                          <test-case name="MvcContrib.UnitTests.UI.Html.HtmlGridTester.Should_encode" executed="True" success="True" time="0.014" asserts="1" />
                          <test-case name="MvcContrib.UnitTests.UI.Html.HtmlGridTester.Should_not_encode" executed="True" success="True" time="0.011" asserts="1" />
                          <test-case name="MvcContrib.UnitTests.UI.Html.HtmlGridTester.Should_not_render_pagination_when_datasource_is_empty" executed="True" success="True" time="0.019" asserts="1" />
                          <test-case name="MvcContrib.UnitTests.UI.Html.HtmlGridTester.Should_render" executed="True" success="True" time="0.008" asserts="1" />
                          <test-case name="MvcContrib.UnitTests.UI.Html.HtmlGridTester.Should_render_custom_row_end" executed="True" success="True" time="0.011" asserts="1" />
                          <test-case name="MvcContrib.UnitTests.UI.Html.HtmlGridTester.Should_render_custom_row_start" executed="True" success="True" time="0.010" asserts="1" />
                          <test-case name="MvcContrib.UnitTests.UI.Html.HtmlGridTester.Should_render_custom_row_start_with_alternate_row" executed="True" success="True" time="0.009" asserts="1" />
                          <test-case name="MvcContrib.UnitTests.UI.Html.HtmlGridTester.Should_render_empty_table" executed="True" success="True" time="0.007" asserts="1" />
                          <test-case name="MvcContrib.UnitTests.UI.Html.HtmlGridTester.Should_render_empty_table_when_collection_is_empty" executed="True" success="True" time="0.008" asserts="1" />
                          <test-case name="MvcContrib.UnitTests.UI.Html.HtmlGridTester.Should_render_empty_table_with_custom_message" executed="True" success="True" time="0.012" asserts="1" />
                          <test-case name="MvcContrib.UnitTests.UI.Html.HtmlGridTester.Should_render_header_attributes" executed="True" success="True" time="0.010" asserts="1" />
                          <test-case name="MvcContrib.UnitTests.UI.Html.HtmlGridTester.Should_render_localized_pagination" executed="True" success="True" time="0.025" asserts="1" />
                          <test-case name="MvcContrib.UnitTests.UI.Html.HtmlGridTester.Should_render_localized_pagination_with_different_message_if_pagesize_is_1" executed="True" success="True" time="0.014" asserts="1" />
                          <test-case name="MvcContrib.UnitTests.UI.Html.HtmlGridTester.Should_render_pagination_with_custom_page_name" executed="True" success="True" time="0.015" asserts="1" />
                          <test-case name="MvcContrib.UnitTests.UI.Html.HtmlGridTester.Should_render_pagination_with_different_message_if_pagesize_is_1" executed="True" success="True" time="0.013" asserts="1" />
                          <test-case name="MvcContrib.UnitTests.UI.Html.HtmlGridTester.Should_render_pagination_with_querystring" executed="True" success="True" time="0.030" asserts="1" />
                          <test-case name="MvcContrib.UnitTests.UI.Html.HtmlGridTester.Should_render_with_custom_Header_section" executed="True" success="True" time="0.016" asserts="1" />
                          <test-case name="MvcContrib.UnitTests.UI.Html.HtmlGridTester.Should_render_with_pagination_first_and_previous" executed="True" success="True" time="0.018" asserts="1" />
                          <test-case name="MvcContrib.UnitTests.UI.Html.HtmlGridTester.Should_render_with_pagination_last_and_next" executed="True" success="True" time="0.013" asserts="1" />
                          <test-case name="MvcContrib.UnitTests.UI.Html.HtmlGridTester.Should_render_with_strongly_typed_data" executed="True" success="True" time="0.011" asserts="1" />
                          <test-case name="MvcContrib.UnitTests.UI.Html.HtmlGridTester.Should_render_with_strongly_typed_data_and_custom_attributes" executed="True" success="True" time="0.010" asserts="1" />
                          <test-case name="MvcContrib.UnitTests.UI.Html.HtmlGridTester.Should_render_with_strongly_typed_data_and_custom_sections" executed="True" success="True" time="0.013" asserts="1" />
                          <test-case name="MvcContrib.UnitTests.UI.Html.HtmlGridTester.When_a_custom_renderer_is_specified_then_column_condition_should_still_be_checked" executed="True" success="True" time="0.009" asserts="1" />
                          <test-case name="MvcContrib.UnitTests.UI.Html.HtmlGridTester.With_anonymous_type" executed="True" success="True" time="0.021" asserts="1" />
                          <test-case name="MvcContrib.UnitTests.UI.Html.HtmlGridTester.With_cell_condition" executed="True" success="True" time="0.009" asserts="1" />
                          <test-case name="MvcContrib.UnitTests.UI.Html.HtmlGridTester.With_col_condition" executed="True" success="True" time="0.009" asserts="1" />
                          <test-case name="MvcContrib.UnitTests.UI.Html.HtmlGridTester.With_format" executed="True" success="True" time="0.008" asserts="1" />
                        </results>
                      </test-suite>
                      <test-suite name="HtmlHelperTests" executed="True" success="True" time="0.083" asserts="0">
                        <results>
                          <test-case name="MvcContrib.UnitTests.UI.Html.HtmlHelperTests.ResolveUrl_pasess_urls_without_tilde_straight_through" executed="True" success="True" time="0.006" asserts="1" />
                          <test-case name="MvcContrib.UnitTests.UI.Html.HtmlHelperTests.ResolveUrl_returns_null_when_passed_null" executed="True" success="True" time="0.006" asserts="1" />
                          <test-case name="MvcContrib.UnitTests.UI.Html.HtmlHelperTests.ResolveUrl_works_with_sites_at_root" executed="True" success="True" time="0.005" asserts="1" />
                          <test-case name="MvcContrib.UnitTests.UI.Html.HtmlHelperTests.ResolveUrl_works_with_sites_in_a_virtual_directory" executed="True" success="True" time="0.009" asserts="1" />
                          <test-case name="MvcContrib.UnitTests.UI.Html.HtmlHelperTests.ScriptInclude_assumes_content_js_directory" executed="True" success="True" time="0.007" asserts="1" />
                          <test-case name="MvcContrib.UnitTests.UI.Html.HtmlHelperTests.ScriptInclude_maps_relative_paths" executed="True" success="True" time="0.009" asserts="1" />
                          <test-case name="MvcContrib.UnitTests.UI.Html.HtmlHelperTests.Stylesheet_assumes_content_css_directory" executed="True" success="True" time="0.007" asserts="1" />
                          <test-case name="MvcContrib.UnitTests.UI.Html.HtmlHelperTests.Stylesheet_correctly_specifies_multiple_media_to_css_tag" executed="True" success="True" time="0.010" asserts="1" />
                          <test-case name="MvcContrib.UnitTests.UI.Html.HtmlHelperTests.Stylesheet_correctly_specifies_single_media_to_css_tag" executed="True" success="True" time="0.008" asserts="1" />
                          <test-case name="MvcContrib.UnitTests.UI.Html.HtmlHelperTests.Stylesheet_maps_relative_paths" executed="True" success="True" time="0.008" asserts="1" />
                        </results>
                      </test-suite>
                      <test-suite name="InputElementListTester+When_Custom_Attributes_are_specified" executed="True" success="True" time="0.012" asserts="0">
                        <results>
                          <test-case name="MvcContrib.UnitTests.UI.Html.InputElementListTester+When_Custom_Attributes_are_specified.They_should_be_applied_to_all_checkboxes" executed="True" success="True" time="0.010" asserts="2" />
                          <test-case name="MvcContrib.UnitTests.UI.Html.InputElementListTester+When_Custom_Attributes_are_specified.They_should_not_overwrite_existing_attributes" executed="True" success="True" time="0.001" asserts="1" />
                        </results>
                      </test-suite>
                      <test-suite name="InputElementListTester+When_Elements_Are_Added" executed="True" success="True" time="0.009" asserts="0">
                        <results>
                          <test-case name="MvcContrib.UnitTests.UI.Html.InputElementListTester+When_Elements_Are_Added.Enumerating_should_return_checkboxes" executed="True" success="True" time="0.003" asserts="3" />
                          <test-case name="MvcContrib.UnitTests.UI.Html.InputElementListTester+When_Elements_Are_Added.Then_ToString_should_produce_correct_html" executed="True" success="True" time="0.005" asserts="1" />
                        </results>
                      </test-suite>
                      <test-suite name="InputElementListTester+When_ToFormattedString_is_invoked" executed="True" success="True" time="0.003" asserts="0">
                        <results>
                          <test-case name="MvcContrib.UnitTests.UI.Html.InputElementListTester+When_ToFormattedString_is_invoked.Then_the_format_should_be_applied_to_each_checkbox" executed="True" success="True" time="0.003" asserts="1" />
                        </results>
                      </test-suite>
                      <test-suite name="ModelVisualizerTester" executed="True" success="True" time="0.091" asserts="0">
                        <results>
                          <test-case name="MvcContrib.UnitTests.UI.Html.ModelVisualizerTester.ModelVisualizer_empty_when_no_viewdata" executed="True" success="True" time="0.009" asserts="1" />
                          <test-case name="MvcContrib.UnitTests.UI.Html.ModelVisualizerTester.ModelVisualizer_enum" executed="True" success="True" time="0.009" asserts="1" />
                          <test-case name="MvcContrib.UnitTests.UI.Html.ModelVisualizerTester.ModelVisualizer_generic_list" executed="True" success="True" time="0.026" asserts="1" />
                          <test-case name="MvcContrib.UnitTests.UI.Html.ModelVisualizerTester.ModelVisualizer_select_list" executed="True" success="True" time="0.010" asserts="1" />
                          <test-case name="MvcContrib.UnitTests.UI.Html.ModelVisualizerTester.ModelVisualizer_strongly_typed_view_null_value" executed="True" success="True" time="0.007" asserts="1" />
                          <test-case name="MvcContrib.UnitTests.UI.Html.ModelVisualizerTester.ModelVisualizer_strongly_typed_view_renders_table" executed="True" success="True" time="0.006" asserts="1" />
                          <test-case name="MvcContrib.UnitTests.UI.Html.ModelVisualizerTester.ModelVisualizer_strongly_typed_view_with_aggregation" executed="True" success="True" time="0.007" asserts="1" />
                          <test-case name="MvcContrib.UnitTests.UI.Html.ModelVisualizerTester.ModelVisualizer_viewdata_untyped_dictionary" executed="True" success="True" time="0.006" asserts="1" />
                          <test-case name="MvcContrib.UnitTests.UI.Html.ModelVisualizerTester.ModelVisualizer_viewdata_untyped_dictionary_null" executed="True" success="True" time="0.006" asserts="1" />
                        </results>
                      </test-suite>
                      <test-suite name="ScriptElementTester+With_All_Properties" executed="True" success="True" time="0.015" asserts="0">
                        <results>
                          <test-case name="MvcContrib.UnitTests.UI.Html.ScriptElementTester+With_All_Properties.When_Created_Then_Tag_Is_Script" executed="True" success="True" time="0.001" asserts="1" />
                          <test-case name="MvcContrib.UnitTests.UI.Html.ScriptElementTester+With_All_Properties.When_Created_With_Attribute_Dictionary_Then_Properties_Match_Dictionary_Values" executed="True" success="True" time="0.002" asserts="4" />
                          <test-case name="MvcContrib.UnitTests.UI.Html.ScriptElementTester+With_All_Properties.When_Defer_Is_Set_Then_Defer_Is_Got" executed="True" success="True" time="0.001" asserts="2" />
                          <test-case name="MvcContrib.UnitTests.UI.Html.ScriptElementTester+With_All_Properties.When_Defer_Is_Set_With_Null_Then_Defer_Is_Removed_From_Attributes" executed="True" success="True" time="0.001" asserts="2" />
                          <test-case name="MvcContrib.UnitTests.UI.Html.ScriptElementTester+With_All_Properties.When_Getting_ToString_Then_Tag_Is_Generated" executed="True" success="True" time="0.000" asserts="2" />
                          <test-case name="MvcContrib.UnitTests.UI.Html.ScriptElementTester+With_All_Properties.When_Getting_ToString_With_Script_Then_Script_Is_Wrapped_In_Xhtml_Compliant_Comments" executed="True" success="True" time="0.000" asserts="1" />
                          <test-case name="MvcContrib.UnitTests.UI.Html.ScriptElementTester+With_All_Properties.When_InnerHtml_Is_Set_Then_Script_Is_Set" executed="True" success="True" time="0.001" asserts="2" />
                          <test-case name="MvcContrib.UnitTests.UI.Html.ScriptElementTester+With_All_Properties.When_Lang_Is_Set_Then_Lang_Is_Got" executed="True" success="True" time="0.000" asserts="2" />
                          <test-case name="MvcContrib.UnitTests.UI.Html.ScriptElementTester+With_All_Properties.When_Script_Is_Set_Then_Script_Is_Got" executed="True" success="True" time="0.001" asserts="2" />
                          <test-case name="MvcContrib.UnitTests.UI.Html.ScriptElementTester+With_All_Properties.When_Src_Is_Set_Then_Src_Is_Got" executed="True" success="True" time="0.001" asserts="1" />
                          <test-case name="MvcContrib.UnitTests.UI.Html.ScriptElementTester+With_All_Properties.When_Type_Is_Set_Then_Type_Is_Got" executed="True" success="True" time="0.001" asserts="2" />
                        </results>
                      </test-suite>
                      <test-suite name="TagTester+CheckBoxField_With_All_Properties" executed="True" success="True" time="0.005" asserts="0">
                        <results>
                          <test-case name="MvcContrib.UnitTests.UI.Html.TagTester+CheckBoxField_With_All_Properties.Properties_Stick_When_Set" executed="True" success="True" time="0.002" asserts="4" />
                          <test-case name="MvcContrib.UnitTests.UI.Html.TagTester+CheckBoxField_With_All_Properties.Tag_Is_Correct" executed="True" success="True" time="0.000" asserts="2" />
                          <test-case name="MvcContrib.UnitTests.UI.Html.TagTester+CheckBoxField_With_All_Properties.When_Creating_element_With_Dictionary_Sticks" executed="True" success="True" time="0.002" asserts="3" />
                        </results>
                      </test-suite>
                      <test-suite name="TagTester+Form_With_All_Properties" executed="True" success="True" time="0.009" asserts="0">
                        <results>
                          <test-case name="MvcContrib.UnitTests.UI.Html.TagTester+Form_With_All_Properties.Properties_Stick_When_Set" executed="True" success="True" time="0.003" asserts="15" />
                          <test-case name="MvcContrib.UnitTests.UI.Html.TagTester+Form_With_All_Properties.Tag_Is_Correct" executed="True" success="True" time="0.001" asserts="1" />
                          <test-case name="MvcContrib.UnitTests.UI.Html.TagTester+Form_With_All_Properties.When_Creating_element_With_Action_And_Method_Sticks" executed="True" success="True" time="0.001" asserts="3" />
                          <test-case name="MvcContrib.UnitTests.UI.Html.TagTester+Form_With_All_Properties.When_Creating_element_With_Action_Method_And_Dictionary_Sticks" executed="True" success="True" time="0.001" asserts="3" />
                          <test-case name="MvcContrib.UnitTests.UI.Html.TagTester+Form_With_All_Properties.When_Creating_element_With_Action_Sticks" executed="True" success="True" time="0.001" asserts="2" />
                        </results>
                      </test-suite>
                      <test-suite name="TagTester+HiddenField_With_All_Properties" executed="True" success="True" time="0.003" asserts="0">
                        <results>
                          <test-case name="MvcContrib.UnitTests.UI.Html.TagTester+HiddenField_With_All_Properties.Tag_Is_Correct" executed="True" success="True" time="0.001" asserts="2" />
                          <test-case name="MvcContrib.UnitTests.UI.Html.TagTester+HiddenField_With_All_Properties.When_Creating_element_With_Dictionary_Sticks" executed="True" success="True" time="0.001" asserts="3" />
                        </results>
                      </test-suite>
                      <test-suite name="TagTester+Image_With_All_Properties" executed="True" success="True" time="0.008" asserts="0">
                        <results>
                          <test-case name="MvcContrib.UnitTests.UI.Html.TagTester+Image_With_All_Properties.Int_Properties_Work_Right" executed="True" success="True" time="0.003" asserts="14" />
                          <test-case name="MvcContrib.UnitTests.UI.Html.TagTester+Image_With_All_Properties.Properties_Stick_When_Set" executed="True" success="True" time="0.001" asserts="6" />
                          <test-case name="MvcContrib.UnitTests.UI.Html.TagTester+Image_With_All_Properties.Tag_Is_Correct" executed="True" success="True" time="0.000" asserts="1" />
                          <test-case name="MvcContrib.UnitTests.UI.Html.TagTester+Image_With_All_Properties.When_Creating_Image_With_Src_And_Dictionary_It_Sticks" executed="True" success="True" time="0.000" asserts="4" />
                          <test-case name="MvcContrib.UnitTests.UI.Html.TagTester+Image_With_All_Properties.When_Creating_Image_With_Src_It_Sticks" executed="True" success="True" time="0.001" asserts="1" />
                        </results>
                      </test-suite>
                      <test-suite name="TagTester+Input_With_All_Properties" executed="True" success="True" time="0.013" asserts="0">
                        <results>
                          <test-case name="MvcContrib.UnitTests.UI.Html.TagTester+Input_With_All_Properties.Bool_Properties_Work_Right" executed="True" success="True" time="0.002" asserts="14" />
                          <test-case name="MvcContrib.UnitTests.UI.Html.TagTester+Input_With_All_Properties.Properties_Stick_When_Set" executed="True" success="True" time="0.003" asserts="7" />
                          <test-case name="MvcContrib.UnitTests.UI.Html.TagTester+Input_With_All_Properties.Tag_Is_Correct" executed="True" success="True" time="0.001" asserts="2" />
                          <test-case name="MvcContrib.UnitTests.UI.Html.TagTester+Input_With_All_Properties.ToString_should_not_render_label_with_no_id" executed="True" success="True" time="0.001" asserts="1" />
                          <test-case name="MvcContrib.UnitTests.UI.Html.TagTester+Input_With_All_Properties.ToString_should_render_label" executed="True" success="True" time="0.001" asserts="1" />
                          <test-case name="MvcContrib.UnitTests.UI.Html.TagTester+Input_With_All_Properties.When_Creating_element_With_Dictionary_Stics" executed="True" success="True" time="0.001" asserts="4" />
                          <test-case name="MvcContrib.UnitTests.UI.Html.TagTester+Input_With_All_Properties.When_label_is_in_attributes_it_should_be_removed" executed="True" success="True" time="0.001" asserts="2" />
                          <test-case name="MvcContrib.UnitTests.UI.Html.TagTester+Input_With_All_Properties.When_label_specified_manually_it_should_stick" executed="True" success="True" time="0.001" asserts="1" />
                        </results>
                      </test-suite>
                      <test-suite name="TagTester+InputButton_With_All_Properties" executed="True" success="True" time="0.004" asserts="0">
                        <results>
                          <test-case name="MvcContrib.UnitTests.UI.Html.TagTester+InputButton_With_All_Properties.Tag_Is_Correct" executed="True" success="True" time="0.001" asserts="2" />
                          <test-case name="MvcContrib.UnitTests.UI.Html.TagTester+InputButton_With_All_Properties.When_Creating_element_With_Dictionary_Sticks" executed="True" success="True" time="0.002" asserts="3" />
                        </results>
                      </test-suite>
                      <test-suite name="TagTester+InputImage_With_All_Properties" executed="True" success="True" time="0.009" asserts="0">
                        <results>
                          <test-case name="MvcContrib.UnitTests.UI.Html.TagTester+InputImage_With_All_Properties.Properties_Stick_When_Set" executed="True" success="True" time="0.003" asserts="2" />
                          <test-case name="MvcContrib.UnitTests.UI.Html.TagTester+InputImage_With_All_Properties.Tag_Is_Correct" executed="True" success="True" time="0.000" asserts="2" />
                          <test-case name="MvcContrib.UnitTests.UI.Html.TagTester+InputImage_With_All_Properties.When_Creating_element_With_Dictionary_Sticks" executed="True" success="True" time="0.001" asserts="3" />
                          <test-case name="MvcContrib.UnitTests.UI.Html.TagTester+InputImage_With_All_Properties.When_Creating_element_With_Src_And_Dictionary_Sticks" executed="True" success="True" time="0.001" asserts="4" />
                          <test-case name="MvcContrib.UnitTests.UI.Html.TagTester+InputImage_With_All_Properties.When_Creating_element_With_Src_It_Sticks" executed="True" success="True" time="0.001" asserts="3" />
                        </results>
                      </test-suite>
                      <test-suite name="TagTester+Link_With_All_Properties" executed="True" success="True" time="0.005" asserts="0">
                        <results>
                          <test-case name="MvcContrib.UnitTests.UI.Html.TagTester+Link_With_All_Properties.Properties_Stick_When_Set" executed="True" success="True" time="0.001" asserts="2" />
                          <test-case name="MvcContrib.UnitTests.UI.Html.TagTester+Link_With_All_Properties.Tag_Is_Correct" executed="True" success="True" time="0.000" asserts="1" />
                          <test-case name="MvcContrib.UnitTests.UI.Html.TagTester+Link_With_All_Properties.When_Creating_element_With_Href_and_Dictionary_It_Sticks" executed="True" success="True" time="0.001" asserts="4" />
                          <test-case name="MvcContrib.UnitTests.UI.Html.TagTester+Link_With_All_Properties.When_Creating_element_With_Href_It_Sticks" executed="True" success="True" time="0.000" asserts="1" />
                        </results>
                      </test-suite>
                      <test-suite name="TagTester+Option_With_All_Properties" executed="True" success="True" time="0.005" asserts="0">
                        <results>
                          <test-case name="MvcContrib.UnitTests.UI.Html.TagTester+Option_With_All_Properties.Bool_Properties_Work_Right" executed="True" success="True" time="0.002" asserts="14" />
                          <test-case name="MvcContrib.UnitTests.UI.Html.TagTester+Option_With_All_Properties.Properties_Stick_When_Set" executed="True" success="True" time="0.001" asserts="1" />
                          <test-case name="MvcContrib.UnitTests.UI.Html.TagTester+Option_With_All_Properties.Tag_Is_Correct" executed="True" success="True" time="0.000" asserts="1" />
                          <test-case name="MvcContrib.UnitTests.UI.Html.TagTester+Option_With_All_Properties.When_Creating_element_With_Href_It_Sticks" executed="True" success="True" time="0.000" asserts="3" />
                        </results>
                      </test-suite>
                      <test-suite name="TagTester+Password_With_All_Properties" executed="True" success="True" time="0.007" asserts="0">
                        <results>
                          <test-case name="MvcContrib.UnitTests.UI.Html.TagTester+Password_With_All_Properties.Int_Properties_Work_Right" executed="True" success="True" time="0.002" asserts="14" />
                          <test-case name="MvcContrib.UnitTests.UI.Html.TagTester+Password_With_All_Properties.Tag_Is_Correct" executed="True" success="True" time="0.000" asserts="2" />
                          <test-case name="MvcContrib.UnitTests.UI.Html.TagTester+Password_With_All_Properties.When_Creating_element_With_Dictionary_Sticks" executed="True" success="True" time="0.001" asserts="4" />
                        </results>
                      </test-suite>
                      <test-suite name="TagTester+RadioField_With_All_Properties" executed="True" success="True" time="0.005" asserts="0">
                        <results>
                          <test-case name="MvcContrib.UnitTests.UI.Html.TagTester+RadioField_With_All_Properties.Properties_Stick_When_Set" executed="True" success="True" time="0.001" asserts="4" />
                          <test-case name="MvcContrib.UnitTests.UI.Html.TagTester+RadioField_With_All_Properties.Tag_Is_Correct" executed="True" success="True" time="0.000" asserts="2" />
                          <test-case name="MvcContrib.UnitTests.UI.Html.TagTester+RadioField_With_All_Properties.When_Creating_element_With_Dictionary_Sticks" executed="True" success="True" time="0.001" asserts="3" />
                        </results>
                      </test-suite>
                      <test-suite name="TagTester+Select_With_All_Properties" executed="True" success="True" time="0.021" asserts="0">
                        <results>
                          <test-case name="MvcContrib.UnitTests.UI.Html.TagTester+Select_With_All_Properties.Bool_Properties_Work_Right" executed="True" success="True" time="0.004" asserts="14" />
                          <test-case name="MvcContrib.UnitTests.UI.Html.TagTester+Select_With_All_Properties.Create_Select_Null_Value_Selects_Empty_String_Option" executed="True" success="True" time="0.006" asserts="1" />
                          <test-case name="MvcContrib.UnitTests.UI.Html.TagTester+Select_With_All_Properties.Create_Select_With_Multiple_Options_Selected" executed="True" success="True" time="0.000" asserts="1" />
                          <test-case name="MvcContrib.UnitTests.UI.Html.TagTester+Select_With_All_Properties.Create_Select_With_Mutliple_Selected_Values_From_Complex_Object" executed="True" success="True" time="0.001" asserts="1" />
                          <test-case name="MvcContrib.UnitTests.UI.Html.TagTester+Select_With_All_Properties.Create_Select_With_Options" executed="True" success="True" time="0.000" asserts="1" />
                          <test-case name="MvcContrib.UnitTests.UI.Html.TagTester+Select_With_All_Properties.Create_Select_With_Selected_Value_From_Complex_Object" executed="True" success="True" time="0.000" asserts="1" />
                          <test-case name="MvcContrib.UnitTests.UI.Html.TagTester+Select_With_All_Properties.Int_Properties_Work_Right" executed="True" success="True" time="0.001" asserts="7" />
                          <test-case name="MvcContrib.UnitTests.UI.Html.TagTester+Select_With_All_Properties.Properties_Stick_When_Set" executed="True" success="True" time="0.002" asserts="6" />
                          <test-case name="MvcContrib.UnitTests.UI.Html.TagTester+Select_With_All_Properties.Tag_Is_Correct" executed="True" success="True" time="0.000" asserts="1" />
                        </results>
                      </test-suite>
                      <test-suite name="TagTester+TextArea_With_All_Properties" executed="True" success="True" time="0.011" asserts="0">
                        <results>
                          <test-case name="MvcContrib.UnitTests.UI.Html.TagTester+TextArea_With_All_Properties.Bool_Properties_Work_Right" executed="True" success="True" time="0.002" asserts="14" />
                          <test-case name="MvcContrib.UnitTests.UI.Html.TagTester+TextArea_With_All_Properties.Int_Properties_Work_Right" executed="True" success="True" time="0.002" asserts="14" />
                          <test-case name="MvcContrib.UnitTests.UI.Html.TagTester+TextArea_With_All_Properties.Properties_Stick_When_Set" executed="True" success="True" time="0.002" asserts="10" />
                          <test-case name="MvcContrib.UnitTests.UI.Html.TagTester+TextArea_With_All_Properties.Tag_Is_Correct" executed="True" success="True" time="0.001" asserts="1" />
                          <test-case name="MvcContrib.UnitTests.UI.Html.TagTester+TextArea_With_All_Properties.When_Creating_element_With_Dictionary_Sticks" executed="True" success="True" time="0.001" asserts="3" />
                        </results>
                      </test-suite>
                      <test-suite name="TagTester+TextBox_With_All_Properties" executed="True" success="True" time="0.005" asserts="0">
                        <results>
                          <test-case name="MvcContrib.UnitTests.UI.Html.TagTester+TextBox_With_All_Properties.Int_Properties_Work_Right" executed="True" success="True" time="0.003" asserts="14" />
                          <test-case name="MvcContrib.UnitTests.UI.Html.TagTester+TextBox_With_All_Properties.Tag_Is_Correct" executed="True" success="True" time="0.000" asserts="2" />
                          <test-case name="MvcContrib.UnitTests.UI.Html.TagTester+TextBox_With_All_Properties.When_Creating_element_With_Dictionary_Sticks" executed="True" success="True" time="0.001" asserts="4" />
                        </results>
                      </test-suite>
                    </results>
                  </test-suite>
                  <test-suite name="HtmlAttributesTester+With_All_Properties" executed="True" success="True" time="0.022" asserts="0">
                    <results>
                      <test-case name="MvcContrib.UnitTests.UI.HtmlAttributesTester+With_All_Properties.A_Few_One_Liner_Tests" executed="True" success="True" time="0.001" asserts="3" />
                      <test-case name="MvcContrib.UnitTests.UI.HtmlAttributesTester+With_All_Properties.An_Attribute_Sticks_In_The_Collection" executed="True" success="True" time="0.001" asserts="1" />
                      <test-case name="MvcContrib.UnitTests.UI.HtmlAttributesTester+With_All_Properties.An_Attribute_Sticks_When_Added_By_KeyValuePair" executed="True" success="True" time="0.001" asserts="1" />
                      <test-case name="MvcContrib.UnitTests.UI.HtmlAttributesTester+With_All_Properties.Can_Add_Objects_As_Attribs_And_Values_And_Will_use_ToString" executed="True" success="True" time="0.001" asserts="1" />
                      <test-case name="MvcContrib.UnitTests.UI.HtmlAttributesTester+With_All_Properties.Contains_And_ContainsKeys_Work" executed="True" success="True" time="0.002" asserts="4" />
                      <test-case name="MvcContrib.UnitTests.UI.HtmlAttributesTester+With_All_Properties.Counting_Is_Accurate" executed="True" success="True" time="0.001" asserts="3" />
                      <test-case name="MvcContrib.UnitTests.UI.HtmlAttributesTester+With_All_Properties.Est_Length_Is_Accurate" executed="True" success="True" time="0.001" asserts="6" />
                      <test-case name="MvcContrib.UnitTests.UI.HtmlAttributesTester+With_All_Properties.Explisit_Interfaces_Work" executed="True" success="True" time="0.003" asserts="11" />
                      <test-case name="MvcContrib.UnitTests.UI.HtmlAttributesTester+With_All_Properties.I_Can_Add_A_Dictionary_At_Init" executed="True" success="True" time="0.001" asserts="1" />
                      <test-case name="MvcContrib.UnitTests.UI.HtmlAttributesTester+With_All_Properties.Removing_An_Item_Doesnot_Break_Est" executed="True" success="True" time="0.002" asserts="3" />
                      <test-case name="MvcContrib.UnitTests.UI.HtmlAttributesTester+With_All_Properties.Should_be_case_insensitive" executed="True" success="True" time="0.001" asserts="1" />
                      <test-case name="MvcContrib.UnitTests.UI.HtmlAttributesTester+With_All_Properties.These_Method_Are_Not_Implemented" executed="True" success="True" time="0.002" asserts="5" />
                      <test-case name="MvcContrib.UnitTests.UI.HtmlAttributesTester+With_All_Properties.TryGetValue_Does_Not_Fail" executed="True" success="True" time="0.001" asserts="2" />
                    </results>
                  </test-suite>
                  <test-suite name="InputBuilder" executed="True" success="True" time="0.087" asserts="0">
                    <results>
                      <test-suite name="AssemblyResourceProviderTester" executed="True" success="True" time="0.012" asserts="0">
                        <results>
                          <test-case name="MvcContrib.UnitTests.UI.InputBuilder.AssemblyResourceProviderTester.App_resource_path_should_find_input_builders" executed="True" success="True" time="0.009" asserts="1" />
                          <test-case name="MvcContrib.UnitTests.UI.InputBuilder.AssemblyResourceProviderTester.File_exists" executed="True" success="True" time="0.001" asserts="1" />
                          <test-case name="MvcContrib.UnitTests.UI.InputBuilder.AssemblyResourceProviderTester.Get_cache_dep_should_return_null_for_builders" executed="True" success="True" time="0.002" asserts="1" />
                          <test-case name="MvcContrib.UnitTests.UI.InputBuilder.AssemblyResourceProviderTester.GetCacheKey_should_return_null" executed="True" success="True" time="0.000" asserts="1" />
                        </results>
                      </test-suite>
                      <test-suite name="AttributeTester" executed="True" success="True" time="0.004" asserts="0">
                        <results>
                          <test-case name="MvcContrib.UnitTests.UI.InputBuilder.AttributeTester.example_should_be_valid" executed="True" success="True" time="0.001" asserts="1" />
                          <test-case name="MvcContrib.UnitTests.UI.InputBuilder.AttributeTester.Label_should_be_valid" executed="True" success="True" time="0.000" asserts="1" />
                          <test-case name="MvcContrib.UnitTests.UI.InputBuilder.AttributeTester.Partial_should_be_valid" executed="True" success="True" time="0.002" asserts="1" />
                        </results>
                      </test-suite>
                      <test-suite name="DefaultConventionsTester" executed="True" success="True" time="0.026" asserts="0">
                        <results>
                          <test-case name="MvcContrib.UnitTests.UI.InputBuilder.DefaultConventionsTester.Example_from_property_should_return_an_empty_string" executed="True" success="True" time="0.003" asserts="1" />
                          <test-case name="MvcContrib.UnitTests.UI.InputBuilder.DefaultConventionsTester.Example_from_property_should_return_the_example" executed="True" success="True" time="0.002" asserts="1" />
                          <test-case name="MvcContrib.UnitTests.UI.InputBuilder.DefaultConventionsTester.Label_from_property_should_return_the_example" executed="True" success="True" time="0.001" asserts="1" />
                          <test-case name="MvcContrib.UnitTests.UI.InputBuilder.DefaultConventionsTester.Label_from_property_should_return_the_property_name" executed="True" success="True" time="0.001" asserts="1" />
                          <test-case name="MvcContrib.UnitTests.UI.InputBuilder.DefaultConventionsTester.Model_is_invalid_should_return_true" executed="True" success="True" time="0.004" asserts="1" />
                          <test-case name="MvcContrib.UnitTests.UI.InputBuilder.DefaultConventionsTester.Model_property_builder_should_return_a_model_of_datetime" executed="True" success="True" time="0.003" asserts="2" />
                          <test-case name="MvcContrib.UnitTests.UI.InputBuilder.DefaultConventionsTester.Model_property_builder_should_return_a_model_of_object" executed="True" success="True" time="0.001" asserts="2" />
                          <test-case name="MvcContrib.UnitTests.UI.InputBuilder.DefaultConventionsTester.Model_property_builder_should_return_a_model_of_select_items_for_an_enum" executed="True" success="True" time="0.002" asserts="2" />
                          <test-case name="MvcContrib.UnitTests.UI.InputBuilder.DefaultConventionsTester.Partial_Name_should_return_the_datatype" executed="True" success="True" time="0.002" asserts="1" />
                          <test-case name="MvcContrib.UnitTests.UI.InputBuilder.DefaultConventionsTester.Partial_Name_should_return_the_enum_name" executed="True" success="True" time="0.000" asserts="1" />
                          <test-case name="MvcContrib.UnitTests.UI.InputBuilder.DefaultConventionsTester.Partial_Name_should_return_the_property" executed="True" success="True" time="0.000" asserts="1" />
                          <test-case name="MvcContrib.UnitTests.UI.InputBuilder.DefaultConventionsTester.Partial_Name_should_return_the_uihint" executed="True" success="True" time="0.001" asserts="1" />
                          <test-case name="MvcContrib.UnitTests.UI.InputBuilder.DefaultConventionsTester.Value_from_model_should_return_the_enum_name" executed="True" success="True" time="0.001" asserts="1" />
                        </results>
                      </test-suite>
                      <test-suite name="HtmlExtensionsTester" executed="True" success="True" time="0.002" asserts="0">
                        <results>
                          <test-case name="MvcContrib.UnitTests.UI.InputBuilder.HtmlExtensionsTester.testname" executed="True" success="True" time="0.001" asserts="1" />
                        </results>
                      </test-suite>
                      <test-suite name="IInputSpecificationExtensionsTester" executed="True" success="True" time="0.002" asserts="0">
                        <results>
                          <test-case name="MvcContrib.UnitTests.UI.InputBuilder.IInputSpecificationExtensionsTester.testname" executed="True" success="True" time="0.001" asserts="4" />
                        </results>
                      </test-suite>
                      <test-suite name="InputBuilderTester" executed="True" success="True" time="0.005" asserts="0">
                        <results>
                          <test-case name="MvcContrib.UnitTests.UI.InputBuilder.InputBuilderTester.The_bootstrapper_should_wire_up_the_view_engine" executed="True" success="True" time="0.005" asserts="2" />
                        </results>
                      </test-suite>
                      <test-suite name="InputModelPropertyFactoryTester" executed="True" success="True" time="0.005" asserts="0">
                        <results>
                          <test-case name="MvcContrib.UnitTests.UI.InputBuilder.InputModelPropertyFactoryTester.The_factory_should_call_the_conventions" executed="True" success="True" time="0.004" asserts="6" />
                        </results>
                      </test-suite>
                      <test-suite name="InputPropertySpecificationTester" executed="True" success="True" time="0.001" asserts="0">
                        <results>
                          <test-case name="MvcContrib.UnitTests.UI.InputBuilder.InputPropertySpecificationTester.The_toString_should_call_the_render_method" executed="True" success="True" time="0.001" asserts="2" />
                        </results>
                      </test-suite>
                      <test-suite name="InputTester" executed="True" success="True" time="0.007" asserts="0">
                        <results>
                          <test-case name="MvcContrib.UnitTests.UI.InputBuilder.InputTester.Input_should_build_a_InputTypeSpecification" executed="True" success="True" time="0.002" asserts="1" />
                          <test-case name="MvcContrib.UnitTests.UI.InputBuilder.InputTester.The_input_should_a_property_specification" executed="True" success="True" time="0.004" asserts="2" />
                        </results>
                      </test-suite>
                      <test-suite name="InputTypeSpecificationHelper" executed="False">
                        <reason>
                          <message><![CDATA[InputTypeSpecificationHelper does not have any tests]]></message>
                        </reason>
                      </test-suite>
                      <test-suite name="ReflectionHelperTester" executed="True" success="True" time="0.001" asserts="0">
                        <results>
                          <test-case name="MvcContrib.UnitTests.UI.InputBuilder.ReflectionHelperTester.testname" executed="True" success="True" time="0.001" asserts="1" />
                          <test-case name="MvcContrib.UnitTests.UI.InputBuilder.ReflectionHelperTester.The_toSeperateWords_should_split_a_Property_name" executed="True" success="True" time="0.000" asserts="1" />
                        </results>
                      </test-suite>
                      <test-suite name="VirtualFileTester" executed="True" success="True" time="0.003" asserts="0">
                        <results>
                          <test-case name="MvcContrib.UnitTests.UI.InputBuilder.VirtualFileTester.The_file_should_locate_a_embedded_resource" executed="True" success="True" time="0.001" asserts="1" />
                          <test-case name="MvcContrib.UnitTests.UI.InputBuilder.VirtualFileTester.The_file_should_not_locate_an_invalid_path" executed="True" success="True" time="0.001" asserts="1" />
                        </results>
                      </test-suite>
                    </results>
                  </test-suite>
                  <test-suite name="MenuBuilder" executed="True" success="True" time="0.320" asserts="0">
                    <results>
                      <test-suite name="MenuBuilderTests" executed="True" success="True" time="0.319" asserts="0">
                        <results>
                          <test-case name="MvcContrib.UnitTests.UI.MenuBuilder.MenuBuilderTests.ActionMenuItemRendersLink" executed="True" success="True" time="0.150" asserts="1" />
                          <test-case name="MvcContrib.UnitTests.UI.MenuBuilder.MenuBuilderTests.ActionMenuItemRendersLinkWithIcon" executed="True" success="True" time="0.006" asserts="1" />
                          <test-case name="MvcContrib.UnitTests.UI.MenuBuilder.MenuBuilderTests.ActionMenuItemRendersLinkWithIconAndNoTitle" executed="True" success="True" time="0.007" asserts="1" />
                          <test-case name="MvcContrib.UnitTests.UI.MenuBuilder.MenuBuilderTests.CallingRenderOnItemWithoutPrepareThrows" executed="True" success="True" time="0.005" asserts="0" />
                          <test-case name="MvcContrib.UnitTests.UI.MenuBuilder.MenuBuilderTests.CallingRenderOnListWithoutPrepareThrows" executed="True" success="True" time="0.010" asserts="0" />
                          <test-case name="MvcContrib.UnitTests.UI.MenuBuilder.MenuBuilderTests.CanAssignTitleViaFluentMenu" executed="True" success="True" time="0.006" asserts="2" />
                          <test-case name="MvcContrib.UnitTests.UI.MenuBuilder.MenuBuilderTests.CanCreateMenuLists" executed="True" success="True" time="0.009" asserts="4" />
                          <test-case name="MvcContrib.UnitTests.UI.MenuBuilder.MenuBuilderTests.CanCreateMenuListsWithIcon" executed="True" success="True" time="0.005" asserts="4" />
                          <test-case name="MvcContrib.UnitTests.UI.MenuBuilder.MenuBuilderTests.CanCreateMenuListsWithIconOnly" executed="True" success="True" time="0.005" asserts="4" />
                          <test-case name="MvcContrib.UnitTests.UI.MenuBuilder.MenuBuilderTests.CannotActionMenuItemWithNoAction" executed="True" success="True" time="0.005" asserts="0" />
                          <test-case name="MvcContrib.UnitTests.UI.MenuBuilder.MenuBuilderTests.CannotSecureActionMenuItemWithNoAction" executed="True" success="True" time="0.008" asserts="0" />
                          <test-case name="MvcContrib.UnitTests.UI.MenuBuilder.MenuBuilderTests.CanSetDefaultIconDirectory" executed="True" success="True" time="0.006" asserts="1" />
                          <test-case name="MvcContrib.UnitTests.UI.MenuBuilder.MenuBuilderTests.DisabledItemsRenderWithDisabledClass" executed="True" success="True" time="0.015" asserts="1" />
                          <test-case name="MvcContrib.UnitTests.UI.MenuBuilder.MenuBuilderTests.ListsWithSingleItemsCollapsedIntoNonList" executed="True" success="True" time="0.006" asserts="1" />
                          <test-case name="MvcContrib.UnitTests.UI.MenuBuilder.MenuBuilderTests.MenuBeginCreatesMenuWithNoTitle" executed="True" success="True" time="0.005" asserts="2" />
                          <test-case name="MvcContrib.UnitTests.UI.MenuBuilder.MenuBuilderTests.MenuItem_Fluent_Tests" executed="True" success="True" time="0.008" asserts="9" />
                          <test-case name="MvcContrib.UnitTests.UI.MenuBuilder.MenuBuilderTests.MenuLinkIconPrintsCorrectTag" executed="True" success="True" time="0.004" asserts="1" />
                          <test-case name="MvcContrib.UnitTests.UI.MenuBuilder.MenuBuilderTests.MenuLinkIconWithNoTitlePrintsCorrectTag" executed="True" success="True" time="0.005" asserts="1" />
                          <test-case name="MvcContrib.UnitTests.UI.MenuBuilder.MenuBuilderTests.MenuLinkPrintsCorrectTag" executed="True" success="True" time="0.005" asserts="1" />
                          <test-case name="MvcContrib.UnitTests.UI.MenuBuilder.MenuBuilderTests.MenuTitleAndMenuHelpAttributesSetValues" executed="True" success="True" time="0.006" asserts="2" />
                          <test-case name="MvcContrib.UnitTests.UI.MenuBuilder.MenuBuilderTests.RenderingListWithNoItemsIsEmpty" executed="True" success="True" time="0.004" asserts="1" />
                          <test-case name="MvcContrib.UnitTests.UI.MenuBuilder.MenuBuilderTests.SecureItemsAreRemovedFromMenuList" executed="True" success="True" time="0.006" asserts="1" />
                          <test-case name="MvcContrib.UnitTests.UI.MenuBuilder.MenuBuilderTests.SecureMenuItemDisplaysNothingWhenNotAuthenticated" executed="True" success="True" time="0.006" asserts="2" />
                          <test-case name="MvcContrib.UnitTests.UI.MenuBuilder.MenuBuilderTests.SelectedItemsShouldRenderAsSuch" executed="True" success="True" time="0.005" asserts="1" />
                          <test-case name="MvcContrib.UnitTests.UI.MenuBuilder.MenuBuilderTests.TestICollectionMembersOnMenuList" executed="True" success="True" time="0.006" asserts="7" />
                        </results>
                      </test-suite>
                    </results>
                  </test-suite>
                  <test-suite name="Pager" executed="True" success="True" time="0.125" asserts="0">
                    <results>
                      <test-suite name="PagerTests" executed="True" success="True" time="0.124" asserts="0">
                        <results>
                          <test-case name="MvcContrib.UnitTests.UI.Pager.PagerTests.Should_create_pager_from_datasource" executed="True" success="True" time="0.017" asserts="1" />
                          <test-case name="MvcContrib.UnitTests.UI.Pager.PagerTests.Should_create_pager_from_viewdata" executed="True" success="True" time="0.007" asserts="1" />
                          <test-case name="MvcContrib.UnitTests.UI.Pager.PagerTests.Should_encode_additional_querystring_input" executed="True" success="True" time="0.006" asserts="1" />
                          <test-case name="MvcContrib.UnitTests.UI.Pager.PagerTests.Should_not_generate_unnecessary_querystring_items_when_using_custom_querystring_param" executed="True" success="True" time="0.007" asserts="1" />
                          <test-case name="MvcContrib.UnitTests.UI.Pager.PagerTests.Should_not_render_pager_links_if_there_is_only_1_page" executed="True" success="True" time="0.006" asserts="1" />
                          <test-case name="MvcContrib.UnitTests.UI.Pager.PagerTests.Should_not_render_pagination_when_datasource_is_empty" executed="True" success="True" time="0.007" asserts="1" />
                          <test-case name="MvcContrib.UnitTests.UI.Pager.PagerTests.Should_render_localized_pagination" executed="True" success="True" time="0.006" asserts="1" />
                          <test-case name="MvcContrib.UnitTests.UI.Pager.PagerTests.Should_render_localized_pagination_with_different_message_if_pagesize_is_1" executed="True" success="True" time="0.012" asserts="1" />
                          <test-case name="MvcContrib.UnitTests.UI.Pager.PagerTests.Should_render_pagination_with_custom_page_name" executed="True" success="True" time="0.007" asserts="1" />
                          <test-case name="MvcContrib.UnitTests.UI.Pager.PagerTests.Should_render_pagination_with_different_message_if_pagesize_is_1" executed="True" success="True" time="0.006" asserts="1" />
                          <test-case name="MvcContrib.UnitTests.UI.Pager.PagerTests.Should_render_pagination_with_querystring" executed="True" success="True" time="0.007" asserts="1" />
                          <test-case name="MvcContrib.UnitTests.UI.Pager.PagerTests.Should_render_with_pagination_first_and_previous" executed="True" success="True" time="0.007" asserts="1" />
                          <test-case name="MvcContrib.UnitTests.UI.Pager.PagerTests.Should_render_with_pagination_last_and_next" executed="True" success="True" time="0.005" asserts="1" />
                          <test-case name="MvcContrib.UnitTests.UI.Pager.PagerTests.Should_throw_when_item_in_viewdata_is_not_ipagination" executed="True" success="True" time="0.006" asserts="0" />
                          <test-case name="MvcContrib.UnitTests.UI.Pager.PagerTests.Should_use_Custom_url" executed="True" success="True" time="0.006" asserts="1" />
                        </results>
                      </test-suite>
                    </results>
                  </test-suite>
                  <test-suite name="ScriptableElementTester+With_All_Properties" executed="True" success="True" time="0.008" asserts="0">
                    <results>
                      <test-case name="MvcContrib.UnitTests.UI.ScriptableElementTester+With_All_Properties.All_Properties_Stick_When_Set" executed="True" success="True" time="0.004" asserts="10" />
                      <test-case name="MvcContrib.UnitTests.UI.ScriptableElementTester+With_All_Properties.Init_With_Dictionary_Uses_Dictionary" executed="True" success="True" time="0.001" asserts="3" />
                      <test-case name="MvcContrib.UnitTests.UI.ScriptableElementTester+With_All_Properties.Init_With_Tag_Name_Uses_Tag" executed="True" success="True" time="0.001" asserts="1" />
                      <test-case name="MvcContrib.UnitTests.UI.ScriptableElementTester+With_All_Properties.When_Set_UseInlineScripts_Then_Get_UseInlineScripts" executed="True" success="True" time="0.001" asserts="1" />
                    </results>
                  </test-suite>
                </results>
              </test-suite>
              <test-suite name="UrlHelperExtensionsTester" executed="True" success="True" time="0.012" asserts="0">
                <results>
                  <test-case name="MvcContrib.UnitTests.UrlHelperExtensionsTester.Builds_url_from_strongly_typed_expression" executed="True" success="True" time="0.012" asserts="1" />
                </results>
              </test-suite>
              <test-suite name="ViewDataExtensionsForIDictionaryTester" executed="True" success="True" time="0.294" asserts="0">
                <results>
                  <test-case name="MvcContrib.UnitTests.ViewDataExtensionsForIDictionaryTester.AddingTwoDefaultObjectsOfSameTypeThrows" executed="True" success="True" time="0.002" asserts="0" />
                  <test-case name="MvcContrib.UnitTests.ViewDataExtensionsForIDictionaryTester.ShouldBeAbleToGetADefaultValueIfTheKeyDoesntExist" executed="True" success="True" time="0.002" asserts="2" />
                  <test-case name="MvcContrib.UnitTests.ViewDataExtensionsForIDictionaryTester.ShouldBeAbleToInitializeBagWithSeveralObjects" executed="True" success="True" time="0.001" asserts="2" />
                  <test-case name="MvcContrib.UnitTests.ViewDataExtensionsForIDictionaryTester.ShouldBeAbleToInitializeBagWithSeveralObjectsWithExplicitTypes" executed="True" success="True" time="0.002" asserts="2" />
                  <test-case name="MvcContrib.UnitTests.ViewDataExtensionsForIDictionaryTester.ShouldCountNumberOfObjectsOfGivenType" executed="True" success="True" time="0.001" asserts="2" />
                  <test-case name="MvcContrib.UnitTests.ViewDataExtensionsForIDictionaryTester.ShouldGetMeaningfulExceptionIfObjectDoesntExist" executed="True" success="True" time="0.001" asserts="0" />
                  <test-case name="MvcContrib.UnitTests.ViewDataExtensionsForIDictionaryTester.ShouldGetMeaningfulExceptionIfObjectDoesntExistByKey" executed="True" success="True" time="0.000" asserts="0" />
                  <test-case name="MvcContrib.UnitTests.ViewDataExtensionsForIDictionaryTester.ShouldGetObjectBasedOnType" executed="True" success="True" time="0.001" asserts="0" />
                  <test-case name="MvcContrib.UnitTests.ViewDataExtensionsForIDictionaryTester.ShouldHandleProxiedObjectsByType" executed="True" success="True" time="0.043" asserts="1" />
                  <test-case name="MvcContrib.UnitTests.ViewDataExtensionsForIDictionaryTester.ShouldInitializeWithKeys" executed="True" success="True" time="0.001" asserts="2" />
                  <test-case name="MvcContrib.UnitTests.ViewDataExtensionsForIDictionaryTester.ShouldInitializeWithProxiesAndResolveCorrectly" executed="True" success="True" time="0.224" asserts="2" />
                  <test-case name="MvcContrib.UnitTests.ViewDataExtensionsForIDictionaryTester.ShouldManageMoreThanOneObjectPerType" executed="True" success="True" time="0.002" asserts="2" />
                  <test-case name="MvcContrib.UnitTests.ViewDataExtensionsForIDictionaryTester.ShouldReportContainsCorrectly" executed="True" success="True" time="0.003" asserts="2" />
                  <test-case name="MvcContrib.UnitTests.ViewDataExtensionsForIDictionaryTester.ShouldRetrieveSingleObjectByType" executed="True" success="True" time="0.000" asserts="2" />
                </results>
              </test-suite>
              <test-suite name="ViewDataExtensionsForViewDataTester" executed="True" success="True" time="0.022" asserts="0">
                <results>
                  <test-case name="MvcContrib.UnitTests.ViewDataExtensionsForViewDataTester.ShouldBeAbleToGetADefaultValueIfTheKeyDoesntExist" executed="True" success="True" time="0.002" asserts="2" />
                  <test-case name="MvcContrib.UnitTests.ViewDataExtensionsForViewDataTester.ShouldGetMeaningfulExceptionIfObjectDoesntExist" executed="True" success="True" time="0.002" asserts="0" />
                  <test-case name="MvcContrib.UnitTests.ViewDataExtensionsForViewDataTester.ShouldGetMeaningfulExceptionIfObjectDoesntExistByKey" executed="True" success="True" time="0.001" asserts="0" />
                  <test-case name="MvcContrib.UnitTests.ViewDataExtensionsForViewDataTester.ShouldGetObjectBasedOnType" executed="True" success="True" time="0.002" asserts="0" />
                  <test-case name="MvcContrib.UnitTests.ViewDataExtensionsForViewDataTester.ShouldHandleProxiedObjectsByType" executed="True" success="True" time="0.002" asserts="1" />
                  <test-case name="MvcContrib.UnitTests.ViewDataExtensionsForViewDataTester.ShouldInitializeWithKeys" executed="True" success="True" time="0.000" asserts="2" />
                  <test-case name="MvcContrib.UnitTests.ViewDataExtensionsForViewDataTester.ShouldInitializeWithProxiesAndResolveCorrectly" executed="True" success="True" time="0.002" asserts="2" />
                  <test-case name="MvcContrib.UnitTests.ViewDataExtensionsForViewDataTester.ShouldManageMoreThanOneObjectPerType" executed="True" success="True" time="0.000" asserts="2" />
                  <test-case name="MvcContrib.UnitTests.ViewDataExtensionsForViewDataTester.ShouldReportContainsCorrectly" executed="True" success="True" time="0.002" asserts="2" />
                  <test-case name="MvcContrib.UnitTests.ViewDataExtensionsForViewDataTester.ShouldRetrieveSingleObjectByType" executed="True" success="True" time="0.001" asserts="2" />
                </results>
              </test-suite>
              <test-suite name="ViewFactories" executed="True" success="True" time="0.579" asserts="0">
                <results>
                  <test-suite name="DescriptableDictionaryTester" executed="True" success="True" time="0.061" asserts="0">
                    <categories>
                      <category name="NVelocityViewEngine" />
                    </categories>
                    <results>
                      <test-case name="MvcContrib.UnitTests.ViewFactories.DescriptableDictionaryTester.Creates_One_Property_For_Each_Dictionary_Entry" executed="True" success="True" time="0.041" asserts="3" />
                      <test-case name="MvcContrib.UnitTests.ViewFactories.DescriptableDictionaryTester.ForCoverage" executed="True" success="True" time="0.018" asserts="0" />
                    </results>
                  </test-suite>
                  <test-suite name="ExtensionDuckTester" executed="True" success="True" time="0.056" asserts="0">
                    <categories>
                      <category name="NVelocityViewEngine" />
                    </categories>
                    <results>
                      <test-case name="MvcContrib.UnitTests.ViewFactories.ExtensionDuckTester.CanAddExtensionsToHtmlExtensionDuck" executed="True" success="True" time="0.033" asserts="1" />
                      <test-case name="MvcContrib.UnitTests.ViewFactories.ExtensionDuckTester.CanFindMethodWithAmbiguousOverloads" executed="True" success="True" time="0.005" asserts="1" />
                      <test-case name="MvcContrib.UnitTests.ViewFactories.ExtensionDuckTester.CanInvokeMethodWithParamsArray" executed="True" success="True" time="0.008" asserts="1" />
                      <test-case name="MvcContrib.UnitTests.ViewFactories.ExtensionDuckTester.Depends_On_Instance" executed="True" success="True" time="0.001" asserts="0" />
                      <test-case name="MvcContrib.UnitTests.ViewFactories.ExtensionDuckTester.Does_Not_Support_Get" executed="True" success="True" time="0.001" asserts="0" />
                      <test-case name="MvcContrib.UnitTests.ViewFactories.ExtensionDuckTester.Does_Not_Support_Set" executed="True" success="True" time="0.000" asserts="0" />
                      <test-case name="MvcContrib.UnitTests.ViewFactories.ExtensionDuckTester.ForCoverage" executed="True" success="True" time="0.001" asserts="0" />
                      <test-case name="MvcContrib.UnitTests.ViewFactories.ExtensionDuckTester.Returns_Null_For_Empty_Invoke" executed="True" success="True" time="0.001" asserts="1" />
                    </results>
                  </test-suite>
                  <test-suite name="FileSystemViewSourceLoaderTester" executed="True" success="True" time="0.006" asserts="0">
                    <categories>
                      <category name="ViewFactories" />
                    </categories>
                    <results>
                      <test-case name="MvcContrib.UnitTests.ViewFactories.FileSystemViewSourceLoaderTester.Can_Add_And_Remove_Listeners" executed="True" success="True" time="0.003" asserts="0" />
                      <test-case name="MvcContrib.UnitTests.ViewFactories.FileSystemViewSourceLoaderTester.GetViewSource_ReturnsNull_For_Non_Existing_Views" executed="True" success="True" time="0.000" asserts="1" />
                      <test-case name="MvcContrib.UnitTests.ViewFactories.FileSystemViewSourceLoaderTester.HasView_ReturnsFalse_For_Non_Existing_Views" executed="True" success="True" time="0.001" asserts="1" />
                      <test-case name="MvcContrib.UnitTests.ViewFactories.FileSystemViewSourceLoaderTester.ListViews_Returns_Empty_Array_For_Invalid_Directory" executed="True" success="True" time="0.001" asserts="2" />
                    </results>
                  </test-suite>
                  <test-suite name="FileViewSourceTester" executed="True" success="True" time="0.005" asserts="0">
                    <categories>
                      <category name="ViewFactories" />
                    </categories>
                    <results>
                      <test-case name="MvcContrib.UnitTests.ViewFactories.FileViewSourceTester.Can_Open_Existing_File" executed="True" success="True" time="0.001" asserts="2" />
                      <test-case name="MvcContrib.UnitTests.ViewFactories.FileViewSourceTester.FileViewSource_DependsOn_FileInfo" executed="True" success="True" time="0.001" asserts="0" />
                    </results>
                  </test-suite>
                  <test-suite name="HtmlExtensionDuckTester" executed="True" success="True" time="0.037" asserts="0">
                    <categories>
                      <category name="NVelocityViewEngine" />
                    </categories>
                    <results>
                      <test-case name="MvcContrib.UnitTests.ViewFactories.HtmlExtensionDuckTester.Depends_On_HtmlHelper" executed="True" success="True" time="0.007" asserts="0" />
                      <test-case name="MvcContrib.UnitTests.ViewFactories.HtmlExtensionDuckTester.Invokes_Methods_On_HtmlHelper" executed="True" success="True" time="0.013" asserts="1" />
                      <test-case name="MvcContrib.UnitTests.ViewFactories.HtmlExtensionDuckTester.Invokes_Methods_On_HtmlHelper_Extension_Classes" executed="True" success="True" time="0.012" asserts="1" />
                      <test-case name="MvcContrib.UnitTests.ViewFactories.HtmlExtensionDuckTester.Returns_Null_For_Unresolved_Methods" executed="True" success="True" time="0.002" asserts="1" />
                    </results>
                  </test-suite>
                  <test-suite name="NVelocityHtmlHelperTester" executed="True" success="True" time="0.017" asserts="0">
                    <categories>
                      <category name="NVelocityViewEngine" />
                    </categories>
                    <results>
                      <test-case name="MvcContrib.UnitTests.ViewFactories.NVelocityHtmlHelperTester.TextBox_Passes_Through_Attributes" executed="True" success="True" time="0.011" asserts="1" />
                      <test-case name="MvcContrib.UnitTests.ViewFactories.NVelocityHtmlHelperTester.TextBox_Passes_Through_Attributes_With_Value" executed="True" success="True" time="0.005" asserts="1" />
                    </results>
                  </test-suite>
                  <test-suite name="NVelocityViewEngineTester" executed="True" success="True" time="0.274" asserts="0">
                    <results>
                      <test-case name="MvcContrib.UnitTests.ViewFactories.NVelocityViewEngineTester.InvalidMasterThrows" executed="True" success="True" time="0.120" asserts="0" />
                      <test-case name="MvcContrib.UnitTests.ViewFactories.NVelocityViewEngineTester.InvalidViewThrows" executed="True" success="True" time="0.017" asserts="0" />
                      <test-case name="MvcContrib.UnitTests.ViewFactories.NVelocityViewEngineTester.LoadValidView" executed="True" success="True" time="0.023" asserts="2" />
                      <test-case name="MvcContrib.UnitTests.ViewFactories.NVelocityViewEngineTester.LoadValidViewWithMaster" executed="True" success="True" time="0.010" asserts="3" />
                      <test-case name="MvcContrib.UnitTests.ViewFactories.NVelocityViewEngineTester.ReleaseView_should_not_throw" executed="True" success="True" time="0.019" asserts="0" />
                      <test-case name="MvcContrib.UnitTests.ViewFactories.NVelocityViewEngineTester.ShouldRenderView" executed="True" success="True" time="0.015" asserts="1" />
                      <test-case name="MvcContrib.UnitTests.ViewFactories.NVelocityViewEngineTester.WillAcceptNullProperties" executed="True" success="True" time="0.068" asserts="0" />
                    </results>
                  </test-suite>
                  <test-suite name="NVelocityViewTester" executed="True" success="True" time="0.109" asserts="0">
                    <results>
                      <test-case name="MvcContrib.UnitTests.ViewFactories.NVelocityViewTester.CanRenderView" executed="True" success="True" time="0.023" asserts="1" />
                      <test-case name="MvcContrib.UnitTests.ViewFactories.NVelocityViewTester.CanRenderViewWithMaster" executed="True" success="True" time="0.006" asserts="1" />
                      <test-case name="MvcContrib.UnitTests.ViewFactories.NVelocityViewTester.CanRenderViewWithTempData" executed="True" success="True" time="0.066" asserts="1" />
                      <test-case name="MvcContrib.UnitTests.ViewFactories.NVelocityViewTester.CanRenderViewWithViewData" executed="True" success="True" time="0.011" asserts="1" />
                    </results>
                  </test-suite>
                </results>
              </test-suite>
              <test-suite name="XsltViewEngine" executed="True" success="True" time="1.773" asserts="0">
                <results>
                  <test-suite name="XmlResponseBuilderTest" executed="True" success="True" time="0.129" asserts="0">
                    <categories>
                      <category name="XsltViewEngine" />
                    </categories>
                    <results>
                      <test-case name="MvcContrib.UnitTests.XsltViewEngine.XmlResponseBuilderTest.AppendDataSourceToResponse_Via_XmlNode" executed="True" success="True" time="0.033" asserts="1" />
                      <test-case name="MvcContrib.UnitTests.XsltViewEngine.XmlResponseBuilderTest.AppendDataSourceToResponse_Via_XmlReader" executed="True" success="True" time="0.012" asserts="1" />
                      <test-case name="MvcContrib.UnitTests.XsltViewEngine.XmlResponseBuilderTest.AppendPage_For_A_GetRequest_WithPageVars" executed="True" success="True" time="0.011" asserts="1" />
                      <test-case name="MvcContrib.UnitTests.XsltViewEngine.XmlResponseBuilderTest.CreateNewNode" executed="True" success="True" time="0.008" asserts="2" />
                      <test-case name="MvcContrib.UnitTests.XsltViewEngine.XmlResponseBuilderTest.CreateNewNodeExtensionMethod" executed="True" success="True" time="0.008" asserts="2" />
                      <test-case name="MvcContrib.UnitTests.XsltViewEngine.XmlResponseBuilderTest.InitMessageStructure_For_A_GetRequest" executed="True" success="True" time="0.010" asserts="1" />
                      <test-case name="MvcContrib.UnitTests.XsltViewEngine.XmlResponseBuilderTest.InitMessageStructure_For_A_GetRequest_WithMessages" executed="True" success="True" time="0.011" asserts="1" />
                      <test-case name="MvcContrib.UnitTests.XsltViewEngine.XmlResponseBuilderTest.InitMessageStructure_For_A_PostRequest" executed="True" success="True" time="0.013" asserts="1" />
                      <test-case name="MvcContrib.UnitTests.XsltViewEngine.XmlResponseBuilderTest.InitMessageStructure_For_A_PostRequest_WithALowEcmaScriptVersion" executed="True" success="True" time="0.010" asserts="1" />
                      <test-case name="MvcContrib.UnitTests.XsltViewEngine.XmlResponseBuilderTest.InstantiateTest" executed="True" success="True" time="0.008" asserts="2" />
                    </results>
                  </test-suite>
                  <test-suite name="XslDataSourceTest" executed="True" success="True" time="0.002" asserts="0">
                    <categories>
                      <category name="XsltViewEngine" />
                    </categories>
                    <results>
                      <test-case name="MvcContrib.UnitTests.XsltViewEngine.XslDataSourceTest.Instantiate" executed="True" success="True" time="0.001" asserts="4" />
                      <test-case name="MvcContrib.UnitTests.XsltViewEngine.XslDataSourceTest.Instantiate_WithoutRootName" executed="True" success="True" time="0.000" asserts="3" />
                    </results>
                  </test-suite>
                  <test-suite name="XslTemplateTest" executed="True" success="True" time="1.498" asserts="0">
                    <categories>
                      <category name="XsltViewEngine" />
                    </categories>
                    <results>
                      <test-case name="MvcContrib.UnitTests.XsltViewEngine.XslTemplateTest.CreateTransformer" executed="True" success="True" time="1.497" asserts="1" />
                      <test-case name="MvcContrib.UnitTests.XsltViewEngine.XslTemplateTest.XsltTemplate_DependsOn_VirtualPathProvider" executed="True" success="True" time="0.000" asserts="0" />
                    </results>
                  </test-suite>
                  <test-suite name="XsltViewFactoryTest" executed="True" success="True" time="0.026" asserts="0">
                    <categories>
                      <category name="XsltViewEngine" />
                    </categories>
                    <results>
                      <test-case name="MvcContrib.UnitTests.XsltViewEngine.XsltViewFactoryTest.ThrowExceptionWhenDataTypeIsInvalid" executed="True" success="True" time="0.026" asserts="0" />
                    </results>
                  </test-suite>
                  <test-suite name="XsltViewTest" executed="True" success="True" time="0.108" asserts="0">
                    <categories>
                      <category name="XsltViewEngine" />
                    </categories>
                    <results>
                      <test-case name="MvcContrib.UnitTests.XsltViewEngine.XsltViewTest.RenderViewTest" executed="True" success="True" time="0.108" asserts="2" />
                    </results>
                  </test-suite>
                </results>
              </test-suite>
            </results>
          </test-suite>
        </results>
      </test-suite>
    </results>
  </test-suite>
</test-results>